[3572:8136:0828/022436.692:INFO:components\enterprise\browser\controller\chrome_browser_cloud_management_controller.cc:202] No machine level policy manager exists.
[3572:28816:0828/022436.738:INFO:components\component_updater\component_installer.cc:333] Failed to read manifest for Trust Token Key Commitments (C:\Users\KLS COMPUTER\Documents\FPlus\ChromeProfiles\61570155176870\TrustTokenKeyCommitments\2025.8.22.1).: Access is denied. (0x5)
[3572:34392:0828/022436.738:INFO:components\component_updater\component_installer.cc:333] Failed to read manifest for Optimization Hints (C:\Users\KLS COMPUTER\Documents\FPlus\ChromeProfiles\61570155176870\OptimizationHints\532).: Access is denied. (0x5)
[3572:7652:0828/022436.739:INFO:components\component_updater\component_installer.cc:333] Failed to read manifest for CRLSet (C:\Users\KLS COMPUTER\Documents\FPlus\ChromeProfiles\61570155176870\CertificateRevocation\9986).: Access is denied. (0x5)
[3572:7652:0828/022436.739:INFO:components\component_updater\component_installer.cc:333] Failed to read manifest for CRLSet (C:\Users\KLS COMPUTER\Documents\FPlus\ChromeProfiles\61570155176870\CertificateRevocation\9987).: Access is denied. (0x5)
[3572:29744:0828/022436.739:INFO:components\component_updater\component_installer.cc:333] Failed to read manifest for PKI Metadata (C:\Users\KLS COMPUTER\Documents\FPlus\ChromeProfiles\61570155176870\PKIMetadata\1406).: Access is denied. (0x5)
[3572:36516:0828/022436.739:INFO:components\component_updater\component_installer.cc:333] Failed to read manifest for Safety Tips (C:\Users\KLS COMPUTER\Documents\FPlus\ChromeProfiles\61570155176870\SafetyTips\3079).: Access is denied. (0x5)
[3572:3640:0828/022436.739:INFO:components\component_updater\component_installer.cc:333] Failed to read manifest for Crowd Deny (C:\Users\KLS COMPUTER\Documents\FPlus\ChromeProfiles\61570155176870\Crowd Deny\2025.8.21.781).: Access is denied. (0x5)
[3572:5064:0828/022436.740:INFO:components\component_updater\component_installer.cc:333] Failed to read manifest for Third-Party Cookie Deprecation Metadata (C:\Users\KLS COMPUTER\Documents\FPlus\ChromeProfiles\61570155176870\TpcdMetadata\2025.8.21.1).: Access is denied. (0x5)
[3572:8136:0828/022436.740:WARNING:chrome\browser\chrome_browser_main_win.cc:743] Command line too long for RegisterApplicationRestart:  --allow-pre-commit-input --disable-background-networking --disable-backgrounding-occluded-windows --disable-blink-features=AutomationControlled --disable-client-side-phishing-detection --disable-default-apps --disable-first-run-ui --disable-hang-monitor --disable-infobars --disable-intensive-wake-up-throttling --disable-notifications --disable-popup-blocking --disable-prompt-on-repost --disable-sync --disable-tab-groups-collapse-freezing --enable-logging --force-device-scale-factor=0.22140221402214 --high-dpi-support=0.22140221402214 --ignore-certificate-errors --load-extension="C:\Users\KLS COMPUTER\Documents\FPlus\ChromeProfiles\ChromeExtensions\proxychanger22\proxychanger_empty" --log-level=0 --mute-audio --no-default-browser-check --no-first-run --no-sandbox --no-service-autorun --password-store=basic --remote-debugging-port=0 --test-type=webdriver --use-mock-keychain --user-agent="Mozilla/5.0 (Windows NT 10.0; Win64; x64) AppleWebKit/537.36 (KHTML, like Gecko) Chrome/113.0.1976.63 Safari/537.36" --user-data-dir="C:\Users\KLS COMPUTER\Documents\FPlus\ChromeProfiles\61570155176870" --window-position=1089,0 --window-size=1084,700 --restore-last-session --restart
[3572:23936:0828/022436.740:INFO:components\component_updater\component_installer.cc:333] Failed to read manifest for Probabilistic Reveal Tokens (C:\Users\KLS COMPUTER\Documents\FPlus\ChromeProfiles\61570155176870\ProbabilisticRevealTokenRegistry\2025.8.19.0).: Access is denied. (0x5)
[24336:12020:0828/022436.827:WARNING:ui\gl\direct_composition_support.cc:1195] QueryInterface to IDCompositionDevice4 failed: No such interface supported (0x80004002)
[3572:8136:0828/022437.391:INFO:CONSOLE:0] "Uncaught (in promise) Error: Cannot access contents of url "chrome-untrusted://new-tab-page/one-google-bar?paramsencoded=". Extension manifest must request permission to access this host.", source: chrome-extension://cfflendbdpccmkpfdbpdjnbadjmgajae/background.js (0)
[3572:23096:0828/022438.870:INFO:components\component_updater\component_installer.cc:333] Failed to read manifest for Related Website Sets (C:\Users\KLS COMPUTER\Documents\FPlus\ChromeProfiles\61570155176870\FirstPartySetsPreloaded\2025.7.24.0).: Access is denied. (0x5)
[3572:8136:0828/022446.961:INFO:CONSOLE:320] "
%cStop! font-family:helvetica; font-size:20px; font-size:50px; font-weight:bold; color:red; -webkit-text-stroke:1px black;", source: https://static.xx.fbcdn.net/rsrc.php/v4/yX/r/lNfO4Ylz6OW.js (320)
[3572:8136:0828/022446.962:INFO:CONSOLE:320] "
%cThis is a browser feature intended for developers. If someone told you to copy-paste something here to enable a Facebook feature or "hack" someone's account, it is a scam and will give them access to your Facebook account. font-family:helvetica; font-size:20px; ", source: https://static.xx.fbcdn.net/rsrc.php/v4/yX/r/lNfO4Ylz6OW.js (320)
[3572:8136:0828/022446.962:INFO:CONSOLE:320] "
%cSee https://www.facebook.com/selfxss for more information. font-family:helvetica; font-size:20px; ", source: https://static.xx.fbcdn.net/rsrc.php/v4/yX/r/lNfO4Ylz6OW.js (320)
[3572:8136:0828/022446.962:INFO:CONSOLE:320] "
%c ", source: https://static.xx.fbcdn.net/rsrc.php/v4/yX/r/lNfO4Ylz6OW.js (320)
[3572:8136:0828/022447.351:WARNING:components\download\internal\background_service\controller_impl.cc:1187] Background download complete, client: 6, completion type: 0, file size:5154
[3572:8136:0828/022447.375:WARNING:components\download\internal\background_service\controller_impl.cc:1187] Background download complete, client: 6, completion type: 0, file size:265059
[3572:8136:0828/022447.832:WARNING:components\download\internal\background_service\controller_impl.cc:1187] Background download complete, client: 6, completion type: 0, file size:883094
[3572:8136:0828/022448.079:WARNING:components\download\internal\background_service\controller_impl.cc:1187] Background download complete, client: 6, completion type: 0, file size:2200227
[3572:8136:0828/022448.093:WARNING:components\download\internal\background_service\controller_impl.cc:1187] Background download complete, client: 6, completion type: 0, file size:45147
[3572:8136:0828/022448.610:WARNING:components\download\internal\background_service\controller_impl.cc:1187] Background download complete, client: 6, completion type: 0, file size:2992963
[3572:8136:0828/022448.636:WARNING:components\download\internal\background_service\controller_impl.cc:1187] Background download complete, client: 6, completion type: 0, file size:2747168
[3572:8136:0828/022448.843:WARNING:components\download\internal\background_service\controller_impl.cc:1187] Background download complete, client: 6, completion type: 0, file size:4680
[3572:8136:0828/022449.115:WARNING:components\download\internal\background_service\controller_impl.cc:1187] Background download complete, client: 6, completion type: 0, file size:118577
[3572:8136:0828/022502.344:INFO:CONSOLE:320] "
%cStop! font-family:helvetica; font-size:20px; font-size:50px; font-weight:bold; color:red; -webkit-text-stroke:1px black;", source: https://static.xx.fbcdn.net/rsrc.php/v4/yX/r/lNfO4Ylz6OW.js (320)
[3572:8136:0828/022502.344:INFO:CONSOLE:320] "
%cThis is a browser feature intended for developers. If someone told you to copy-paste something here to enable a Facebook feature or "hack" someone's account, it is a scam and will give them access to your Facebook account. font-family:helvetica; font-size:20px; ", source: https://static.xx.fbcdn.net/rsrc.php/v4/yX/r/lNfO4Ylz6OW.js (320)
[3572:8136:0828/022502.344:INFO:CONSOLE:320] "
%cSee https://www.facebook.com/selfxss for more information. font-family:helvetica; font-size:20px; ", source: https://static.xx.fbcdn.net/rsrc.php/v4/yX/r/lNfO4Ylz6OW.js (320)
[3572:8136:0828/022502.344:INFO:CONSOLE:320] "
%c ", source: https://static.xx.fbcdn.net/rsrc.php/v4/yX/r/lNfO4Ylz6OW.js (320)
[3572:8136:0828/022525.466:INFO:CONSOLE:320] "
%cStop! font-family:helvetica; font-size:20px; font-size:50px; font-weight:bold; color:red; -webkit-text-stroke:1px black;", source: https://static.xx.fbcdn.net/rsrc.php/v4/yX/r/lNfO4Ylz6OW.js (320)
[3572:8136:0828/022525.466:INFO:CONSOLE:320] "
%cThis is a browser feature intended for developers. If someone told you to copy-paste something here to enable a Facebook feature or "hack" someone's account, it is a scam and will give them access to your Facebook account. font-family:helvetica; font-size:20px; ", source: https://static.xx.fbcdn.net/rsrc.php/v4/yX/r/lNfO4Ylz6OW.js (320)
[3572:8136:0828/022525.466:INFO:CONSOLE:320] "
%cSee https://www.facebook.com/selfxss for more information. font-family:helvetica; font-size:20px; ", source: https://static.xx.fbcdn.net/rsrc.php/v4/yX/r/lNfO4Ylz6OW.js (320)
[3572:8136:0828/022525.466:INFO:CONSOLE:320] "
%c ", source: https://static.xx.fbcdn.net/rsrc.php/v4/yX/r/lNfO4Ylz6OW.js (320)
[3572:8136:0828/022532.097:INFO:CONSOLE:320] "
%cStop! font-family:helvetica; font-size:20px; font-size:50px; font-weight:bold; color:red; -webkit-text-stroke:1px black;", source: https://static.xx.fbcdn.net/rsrc.php/v4/yX/r/lNfO4Ylz6OW.js (320)
[3572:8136:0828/022532.097:INFO:CONSOLE:320] "
%cThis is a browser feature intended for developers. If someone told you to copy-paste something here to enable a Facebook feature or "hack" someone's account, it is a scam and will give them access to your Facebook account. font-family:helvetica; font-size:20px; ", source: https://static.xx.fbcdn.net/rsrc.php/v4/yX/r/lNfO4Ylz6OW.js (320)
[3572:8136:0828/022532.097:INFO:CONSOLE:320] "
%cSee https://www.facebook.com/selfxss for more information. font-family:helvetica; font-size:20px; ", source: https://static.xx.fbcdn.net/rsrc.php/v4/yX/r/lNfO4Ylz6OW.js (320)
[3572:8136:0828/022532.097:INFO:CONSOLE:320] "
%c ", source: https://static.xx.fbcdn.net/rsrc.php/v4/yX/r/lNfO4Ylz6OW.js (320)
[24216:17072:0828/022549.839:ERROR:mojo\public\cpp\bindings\lib\validation_errors.cc:106] Invalid message: VALIDATION_ERROR_UNEXPECTED_NULL_POINTER (null field 1)
[24216:17072:0828/022549.839:ERROR:mojo\public\cpp\bindings\lib\interface_endpoint_client.cc:725] Message 912613293 rejected by interface patch.mojom.FilePatcher
[26432:36924:0828/022622.685:ERROR:mojo\public\cpp\bindings\lib\validation_errors.cc:106] Invalid message: VALIDATION_ERROR_UNEXPECTED_NULL_POINTER (null field 1)
[26432:36924:0828/022622.685:ERROR:mojo\public\cpp\bindings\lib\interface_endpoint_client.cc:725] Message 912613293 rejected by interface patch.mojom.FilePatcher
[11516:11432:0828/022635.169:ERROR:mojo\public\cpp\bindings\lib\validation_errors.cc:106] Invalid message: VALIDATION_ERROR_UNEXPECTED_NULL_POINTER (null field 1)
[11516:11432:0828/022635.169:ERROR:mojo\public\cpp\bindings\lib\interface_endpoint_client.cc:725] Message 912613293 rejected by interface patch.mojom.FilePatcher
[24260:19912:0828/022655.772:ERROR:mojo\public\cpp\bindings\lib\validation_errors.cc:106] Invalid message: VALIDATION_ERROR_UNEXPECTED_NULL_POINTER (null field 1)
[24260:19912:0828/022655.772:ERROR:mojo\public\cpp\bindings\lib\interface_endpoint_client.cc:725] Message 912613293 rejected by interface patch.mojom.FilePatcher
[15900:38788:0828/022704.818:ERROR:mojo\public\cpp\bindings\lib\validation_errors.cc:106] Invalid message: VALIDATION_ERROR_UNEXPECTED_NULL_POINTER (null field 1)
[15900:38788:0828/022704.818:ERROR:mojo\public\cpp\bindings\lib\interface_endpoint_client.cc:725] Message 912613293 rejected by interface patch.mojom.FilePatcher
[23576:37328:0828/022721.604:ERROR:mojo\public\cpp\bindings\lib\validation_errors.cc:106] Invalid message: VALIDATION_ERROR_UNEXPECTED_NULL_POINTER (null field 1)
[23576:37328:0828/022721.604:ERROR:mojo\public\cpp\bindings\lib\interface_endpoint_client.cc:725] Message 912613293 rejected by interface patch.mojom.FilePatcher
[19728:32216:0828/022730.373:ERROR:mojo\public\cpp\bindings\lib\validation_errors.cc:106] Invalid message: VALIDATION_ERROR_UNEXPECTED_NULL_POINTER (null field 1)
[19728:32216:0828/022730.373:ERROR:mojo\public\cpp\bindings\lib\interface_endpoint_client.cc:725] Message 912613293 rejected by interface patch.mojom.FilePatcher
[3572:8136:0828/022958.936:INFO:CONSOLE:320] "
%cStop! font-family:helvetica; font-size:20px; font-size:50px; font-weight:bold; color:red; -webkit-text-stroke:1px black;", source: https://static.xx.fbcdn.net/rsrc.php/v4/yX/r/lNfO4Ylz6OW.js (320)
[3572:8136:0828/022958.936:INFO:CONSOLE:320] "
%cThis is a browser feature intended for developers. If someone told you to copy-paste something here to enable a Facebook feature or "hack" someone's account, it is a scam and will give them access to your Facebook account. font-family:helvetica; font-size:20px; ", source: https://static.xx.fbcdn.net/rsrc.php/v4/yX/r/lNfO4Ylz6OW.js (320)
[3572:8136:0828/022958.936:INFO:CONSOLE:320] "
%cSee https://www.facebook.com/selfxss for more information. font-family:helvetica; font-size:20px; ", source: https://static.xx.fbcdn.net/rsrc.php/v4/yX/r/lNfO4Ylz6OW.js (320)
[3572:8136:0828/022958.936:INFO:CONSOLE:320] "
%c ", source: https://static.xx.fbcdn.net/rsrc.php/v4/yX/r/lNfO4Ylz6OW.js (320)
[3572:8136:0828/023902.065:INFO:CONSOLE:320] "
%cStop! font-family:helvetica; font-size:20px; font-size:50px; font-weight:bold; color:red; -webkit-text-stroke:1px black;", source: https://static.xx.fbcdn.net/rsrc.php/v4/yX/r/lNfO4Ylz6OW.js (320)
[3572:8136:0828/023902.065:INFO:CONSOLE:320] "
%cThis is a browser feature intended for developers. If someone told you to copy-paste something here to enable a Facebook feature or "hack" someone's account, it is a scam and will give them access to your Facebook account. font-family:helvetica; font-size:20px; ", source: https://static.xx.fbcdn.net/rsrc.php/v4/yX/r/lNfO4Ylz6OW.js (320)
[3572:8136:0828/023902.065:INFO:CONSOLE:320] "
%cSee https://www.facebook.com/selfxss for more information. font-family:helvetica; font-size:20px; ", source: https://static.xx.fbcdn.net/rsrc.php/v4/yX/r/lNfO4Ylz6OW.js (320)
[3572:8136:0828/023902.065:INFO:CONSOLE:320] "
%c ", source: https://static.xx.fbcdn.net/rsrc.php/v4/yX/r/lNfO4Ylz6OW.js (320)
[3572:8136:0828/024011.668:INFO:CONSOLE:320] "
%cStop! font-family:helvetica; font-size:20px; font-size:50px; font-weight:bold; color:red; -webkit-text-stroke:1px black;", source: https://static.xx.fbcdn.net/rsrc.php/v4/yX/r/lNfO4Ylz6OW.js (320)
[3572:8136:0828/024011.668:INFO:CONSOLE:320] "
%cThis is a browser feature intended for developers. If someone told you to copy-paste something here to enable a Facebook feature or "hack" someone's account, it is a scam and will give them access to your Facebook account. font-family:helvetica; font-size:20px; ", source: https://static.xx.fbcdn.net/rsrc.php/v4/yX/r/lNfO4Ylz6OW.js (320)
[3572:8136:0828/024011.668:INFO:CONSOLE:320] "
%cSee https://www.facebook.com/selfxss for more information. font-family:helvetica; font-size:20px; ", source: https://static.xx.fbcdn.net/rsrc.php/v4/yX/r/lNfO4Ylz6OW.js (320)
[3572:8136:0828/024011.668:INFO:CONSOLE:320] "
%c ", source: https://static.xx.fbcdn.net/rsrc.php/v4/yX/r/lNfO4Ylz6OW.js (320)
[3572:8136:0828/024125.146:INFO:CONSOLE:320] "
%cStop! font-family:helvetica; font-size:20px; font-size:50px; font-weight:bold; color:red; -webkit-text-stroke:1px black;", source: https://static.xx.fbcdn.net/rsrc.php/v4/yX/r/lNfO4Ylz6OW.js (320)
[3572:8136:0828/024125.146:INFO:CONSOLE:320] "
%cThis is a browser feature intended for developers. If someone told you to copy-paste something here to enable a Facebook feature or "hack" someone's account, it is a scam and will give them access to your Facebook account. font-family:helvetica; font-size:20px; ", source: https://static.xx.fbcdn.net/rsrc.php/v4/yX/r/lNfO4Ylz6OW.js (320)
[3572:8136:0828/024125.146:INFO:CONSOLE:320] "
%cSee https://www.facebook.com/selfxss for more information. font-family:helvetica; font-size:20px; ", source: https://static.xx.fbcdn.net/rsrc.php/v4/yX/r/lNfO4Ylz6OW.js (320)
[3572:8136:0828/024125.146:INFO:CONSOLE:320] "
%c ", source: https://static.xx.fbcdn.net/rsrc.php/v4/yX/r/lNfO4Ylz6OW.js (320)
[3572:8136:0828/024237.945:INFO:CONSOLE:320] "
%cStop! font-family:helvetica; font-size:20px; font-size:50px; font-weight:bold; color:red; -webkit-text-stroke:1px black;", source: https://static.xx.fbcdn.net/rsrc.php/v4/yX/r/lNfO4Ylz6OW.js (320)
[3572:8136:0828/024237.945:INFO:CONSOLE:320] "
%cThis is a browser feature intended for developers. If someone told you to copy-paste something here to enable a Facebook feature or "hack" someone's account, it is a scam and will give them access to your Facebook account. font-family:helvetica; font-size:20px; ", source: https://static.xx.fbcdn.net/rsrc.php/v4/yX/r/lNfO4Ylz6OW.js (320)
[3572:8136:0828/024237.945:INFO:CONSOLE:320] "
%cSee https://www.facebook.com/selfxss for more information. font-family:helvetica; font-size:20px; ", source: https://static.xx.fbcdn.net/rsrc.php/v4/yX/r/lNfO4Ylz6OW.js (320)
[3572:8136:0828/024237.945:INFO:CONSOLE:320] "
%c ", source: https://static.xx.fbcdn.net/rsrc.php/v4/yX/r/lNfO4Ylz6OW.js (320)
[3572:8136:0828/024352.743:INFO:CONSOLE:320] "
%cStop! font-family:helvetica; font-size:20px; font-size:50px; font-weight:bold; color:red; -webkit-text-stroke:1px black;", source: https://static.xx.fbcdn.net/rsrc.php/v4/yX/r/lNfO4Ylz6OW.js (320)
[3572:8136:0828/024352.743:INFO:CONSOLE:320] "
%cThis is a browser feature intended for developers. If someone told you to copy-paste something here to enable a Facebook feature or "hack" someone's account, it is a scam and will give them access to your Facebook account. font-family:helvetica; font-size:20px; ", source: https://static.xx.fbcdn.net/rsrc.php/v4/yX/r/lNfO4Ylz6OW.js (320)
[3572:8136:0828/024352.743:INFO:CONSOLE:320] "
%cSee https://www.facebook.com/selfxss for more information. font-family:helvetica; font-size:20px; ", source: https://static.xx.fbcdn.net/rsrc.php/v4/yX/r/lNfO4Ylz6OW.js (320)
[3572:8136:0828/024352.743:INFO:CONSOLE:320] "
%c ", source: https://static.xx.fbcdn.net/rsrc.php/v4/yX/r/lNfO4Ylz6OW.js (320)
[3572:8136:0828/024506.343:INFO:CONSOLE:320] "
%cStop! font-family:helvetica; font-size:20px; font-size:50px; font-weight:bold; color:red; -webkit-text-stroke:1px black;", source: https://static.xx.fbcdn.net/rsrc.php/v4/yX/r/lNfO4Ylz6OW.js (320)
[3572:8136:0828/024506.343:INFO:CONSOLE:320] "
%cThis is a browser feature intended for developers. If someone told you to copy-paste something here to enable a Facebook feature or "hack" someone's account, it is a scam and will give them access to your Facebook account. font-family:helvetica; font-size:20px; ", source: https://static.xx.fbcdn.net/rsrc.php/v4/yX/r/lNfO4Ylz6OW.js (320)
[3572:8136:0828/024506.343:INFO:CONSOLE:320] "
%cSee https://www.facebook.com/selfxss for more information. font-family:helvetica; font-size:20px; ", source: https://static.xx.fbcdn.net/rsrc.php/v4/yX/r/lNfO4Ylz6OW.js (320)
[3572:8136:0828/024506.343:INFO:CONSOLE:320] "
%c ", source: https://static.xx.fbcdn.net/rsrc.php/v4/yX/r/lNfO4Ylz6OW.js (320)
[3572:8136:0828/024518.010:INFO:CONSOLE:320] "
%cStop! font-family:helvetica; font-size:20px; font-size:50px; font-weight:bold; color:red; -webkit-text-stroke:1px black;", source: https://static.xx.fbcdn.net/rsrc.php/v4/yX/r/lNfO4Ylz6OW.js (320)
[3572:8136:0828/024518.010:INFO:CONSOLE:320] "
%cThis is a browser feature intended for developers. If someone told you to copy-paste something here to enable a Facebook feature or "hack" someone's account, it is a scam and will give them access to your Facebook account. font-family:helvetica; font-size:20px; ", source: https://static.xx.fbcdn.net/rsrc.php/v4/yX/r/lNfO4Ylz6OW.js (320)
[3572:8136:0828/024518.010:INFO:CONSOLE:320] "
%cSee https://www.facebook.com/selfxss for more information. font-family:helvetica; font-size:20px; ", source: https://static.xx.fbcdn.net/rsrc.php/v4/yX/r/lNfO4Ylz6OW.js (320)
[3572:8136:0828/024518.010:INFO:CONSOLE:320] "
%c ", source: https://static.xx.fbcdn.net/rsrc.php/v4/yX/r/lNfO4Ylz6OW.js (320)
[3572:8136:0828/024749.806:INFO:CONSOLE:320] "
%cStop! font-family:helvetica; font-size:20px; font-size:50px; font-weight:bold; color:red; -webkit-text-stroke:1px black;", source: https://static.xx.fbcdn.net/rsrc.php/v4/yX/r/lNfO4Ylz6OW.js (320)
[3572:8136:0828/024749.806:INFO:CONSOLE:320] "
%cThis is a browser feature intended for developers. If someone told you to copy-paste something here to enable a Facebook feature or "hack" someone's account, it is a scam and will give them access to your Facebook account. font-family:helvetica; font-size:20px; ", source: https://static.xx.fbcdn.net/rsrc.php/v4/yX/r/lNfO4Ylz6OW.js (320)
[3572:8136:0828/024749.806:INFO:CONSOLE:320] "
%cSee https://www.facebook.com/selfxss for more information. font-family:helvetica; font-size:20px; ", source: https://static.xx.fbcdn.net/rsrc.php/v4/yX/r/lNfO4Ylz6OW.js (320)
[3572:8136:0828/024749.806:INFO:CONSOLE:320] "
%c ", source: https://static.xx.fbcdn.net/rsrc.php/v4/yX/r/lNfO4Ylz6OW.js (320)
[3572:8136:0828/025015.670:INFO:CONSOLE:320] "
%cStop! font-family:helvetica; font-size:20px; font-size:50px; font-weight:bold; color:red; -webkit-text-stroke:1px black;", source: https://static.xx.fbcdn.net/rsrc.php/v4/yX/r/lNfO4Ylz6OW.js (320)
[3572:8136:0828/025015.670:INFO:CONSOLE:320] "
%cThis is a browser feature intended for developers. If someone told you to copy-paste something here to enable a Facebook feature or "hack" someone's account, it is a scam and will give them access to your Facebook account. font-family:helvetica; font-size:20px; ", source: https://static.xx.fbcdn.net/rsrc.php/v4/yX/r/lNfO4Ylz6OW.js (320)
[3572:8136:0828/025015.670:INFO:CONSOLE:320] "
%cSee https://www.facebook.com/selfxss for more information. font-family:helvetica; font-size:20px; ", source: https://static.xx.fbcdn.net/rsrc.php/v4/yX/r/lNfO4Ylz6OW.js (320)
[3572:8136:0828/025015.670:INFO:CONSOLE:320] "
%c ", source: https://static.xx.fbcdn.net/rsrc.php/v4/yX/r/lNfO4Ylz6OW.js (320)
[3572:8136:0828/025022.511:INFO:CONSOLE:35] "Canvas2D: Multiple readback operations using getImageData are faster with the willReadFrequently attribute set to true. See: https://html.spec.whatwg.org/multipage/canvas.html#concept-canvas-will-read-frequently", source: https://static.xx.fbcdn.net/rsrc.php/v4iDzo4/y1/l/en_US-j/GeH4tf8MJKM41SMNgVGowXnrSfP13QGcF3KkSFlsSsa6Xo298045-D6Py5U7rE7iaRRlA27dyUQ6nk4YMRVgEwonSxbIreRY4Rx-Ryhr9d4lYp.js (35)
[3572:8136:0828/025124.212:INFO:CONSOLE:320] "
%cStop! font-family:helvetica; font-size:20px; font-size:50px; font-weight:bold; color:red; -webkit-text-stroke:1px black;", source: https://static.xx.fbcdn.net/rsrc.php/v4/yX/r/lNfO4Ylz6OW.js (320)
[3572:8136:0828/025124.212:INFO:CONSOLE:320] "
%cThis is a browser feature intended for developers. If someone told you to copy-paste something here to enable a Facebook feature or "hack" someone's account, it is a scam and will give them access to your Facebook account. font-family:helvetica; font-size:20px; ", source: https://static.xx.fbcdn.net/rsrc.php/v4/yX/r/lNfO4Ylz6OW.js (320)
[3572:8136:0828/025124.212:INFO:CONSOLE:320] "
%cSee https://www.facebook.com/selfxss for more information. font-family:helvetica; font-size:20px; ", source: https://static.xx.fbcdn.net/rsrc.php/v4/yX/r/lNfO4Ylz6OW.js (320)
[3572:8136:0828/025124.212:INFO:CONSOLE:320] "
%c ", source: https://static.xx.fbcdn.net/rsrc.php/v4/yX/r/lNfO4Ylz6OW.js (320)
[3572:8136:0828/025139.145:INFO:CONSOLE:320] "
%cStop! font-family:helvetica; font-size:20px; font-size:50px; font-weight:bold; color:red; -webkit-text-stroke:1px black;", source: https://static.xx.fbcdn.net/rsrc.php/v4/yX/r/lNfO4Ylz6OW.js (320)
[3572:8136:0828/025139.145:INFO:CONSOLE:320] "
%cThis is a browser feature intended for developers. If someone told you to copy-paste something here to enable a Facebook feature or "hack" someone's account, it is a scam and will give them access to your Facebook account. font-family:helvetica; font-size:20px; ", source: https://static.xx.fbcdn.net/rsrc.php/v4/yX/r/lNfO4Ylz6OW.js (320)
[3572:8136:0828/025139.145:INFO:CONSOLE:320] "
%cSee https://www.facebook.com/selfxss for more information. font-family:helvetica; font-size:20px; ", source: https://static.xx.fbcdn.net/rsrc.php/v4/yX/r/lNfO4Ylz6OW.js (320)
[3572:8136:0828/025139.145:INFO:CONSOLE:320] "
%c ", source: https://static.xx.fbcdn.net/rsrc.php/v4/yX/r/lNfO4Ylz6OW.js (320)
[3572:8136:0828/025148.494:INFO:CONSOLE:320] "
%cStop! font-family:helvetica; font-size:20px; font-size:50px; font-weight:bold; color:red; -webkit-text-stroke:1px black;", source: https://static.xx.fbcdn.net/rsrc.php/v4/yX/r/lNfO4Ylz6OW.js (320)
[3572:8136:0828/025148.494:INFO:CONSOLE:320] "
%cThis is a browser feature intended for developers. If someone told you to copy-paste something here to enable a Facebook feature or "hack" someone's account, it is a scam and will give them access to your Facebook account. font-family:helvetica; font-size:20px; ", source: https://static.xx.fbcdn.net/rsrc.php/v4/yX/r/lNfO4Ylz6OW.js (320)
[3572:8136:0828/025148.494:INFO:CONSOLE:320] "
%cSee https://www.facebook.com/selfxss for more information. font-family:helvetica; font-size:20px; ", source: https://static.xx.fbcdn.net/rsrc.php/v4/yX/r/lNfO4Ylz6OW.js (320)
[3572:8136:0828/025148.494:INFO:CONSOLE:320] "
%c ", source: https://static.xx.fbcdn.net/rsrc.php/v4/yX/r/lNfO4Ylz6OW.js (320)
[3572:8136:0828/025156.429:INFO:CONSOLE:51] "Canvas2D: Multiple readback operations using getImageData are faster with the willReadFrequently attribute set to true. See: https://html.spec.whatwg.org/multipage/canvas.html#concept-canvas-will-read-frequently", source: https://static.xx.fbcdn.net/rsrc.php/v4ifE74/yl/l/en_US-j/WkCgnGmxfetGeH4tf8MJKM41SMNgVGowXnrSfP13QGcFBmu8A2Zp1KM3KkSFlsSsa6Xo298045-D6Py5U7rE7iaRk4YMRVgEwonSxbIreRY4RxRmzBqay7Vos-Ryhr9d4lYp.js (51)
