[11892:6700:0620/035541.103:INFO:components\enterprise\browser\controller\chrome_browser_cloud_management_controller.cc:202] No machine level policy manager exists.
[11892:6700:0620/035541.156:WARNING:chrome\browser\chrome_browser_main_win.cc:743] Command line too long for RegisterApplicationRestart:  --allow-pre-commit-input --disable-background-networking --disable-backgrounding-occluded-windows --disable-blink-features=AutomationControlled --disable-client-side-phishing-detection --disable-default-apps --disable-first-run-ui --disable-hang-monitor --disable-infobars --disable-intensive-wake-up-throttling --disable-notifications --disable-popup-blocking --disable-prompt-on-repost --disable-sync --disable-tab-groups-collapse-freezing --enable-logging --force-device-scale-factor=0.354243542435424 --high-dpi-support=0.354243542435424 --ignore-certificate-errors --load-extension="C:\Users\KLS COMPUTER\Documents\FPlus\ChromeProfiles\ChromeExtensions\proxychanger22\proxychanger_empty" --log-level=0 --mute-audio --no-default-browser-check --no-first-run --no-sandbox --no-service-autorun --password-store=basic --remote-debugging-port=0 --test-type=webdriver --use-mock-keychain --user-agent="Mozilla/5.0 (Windows NT 10.0; Win64; x64) AppleWebKit/537.36 (KHTML, like Gecko) Chrome/119.0.3387.59 Safari/537.36" --user-data-dir="C:\Users\KLS COMPUTER\Documents\FPlus\ChromeProfiles\61569946443644" --window-position=4356,715 --window-size=1084,700 --restore-last-session --restart
[11892:21772:0620/035541.156:INFO:components\component_updater\component_installer.cc:333] Failed to read manifest for Optimization Hints (C:\Users\KLS COMPUTER\Documents\FPlus\ChromeProfiles\61569946443644\OptimizationHints\494).: Access is denied. (0x5)
[11892:8040:0620/035541.156:INFO:components\component_updater\component_installer.cc:333] Failed to read manifest for CRLSet (C:\Users\KLS COMPUTER\Documents\FPlus\ChromeProfiles\61569946443644\CertificateRevocation\9662).: Access is denied. (0x5)
[11892:1268:0620/035541.156:INFO:components\component_updater\component_installer.cc:333] Failed to read manifest for PKI Metadata (C:\Users\KLS COMPUTER\Documents\FPlus\ChromeProfiles\61569946443644\PKIMetadata\1264).: Access is denied. (0x5)
[11892:19096:0620/035541.157:INFO:components\component_updater\component_installer.cc:333] Failed to read manifest for Safety Tips (C:\Users\KLS COMPUTER\Documents\FPlus\ChromeProfiles\61569946443644\SafetyTips\3066).: Access is denied. (0x5)
[11892:17584:0620/035541.157:INFO:components\component_updater\component_installer.cc:333] Failed to read manifest for Crowd Deny (C:\Users\KLS COMPUTER\Documents\FPlus\ChromeProfiles\61569946443644\Crowd Deny\2025.3.26.1143).: Access is denied. (0x5)
[11892:7428:0620/035541.158:INFO:components\component_updater\component_installer.cc:333] Failed to read manifest for Third-Party Cookie Deprecation Metadata (C:\Users\KLS COMPUTER\Documents\FPlus\ChromeProfiles\61569946443644\TpcdMetadata\2025.3.29.1).: Access is denied. (0x5)
[17916:5092:0620/035541.231:WARNING:ui\gl\direct_composition_support.cc:1195] QueryInterface to IDCompositionDevice4 failed: No such interface supported (0x80004002)
[11892:6700:0620/035541.754:INFO:CONSOLE:0] "Uncaught (in promise) Error: Cannot access contents of url "chrome-untrusted://new-tab-page/one-google-bar?paramsencoded=". Extension manifest must request permission to access this host.", source: chrome-extension://cfflendbdpccmkpfdbpdjnbadjmgajae/background.js (0)
[11892:6700:0620/035548.766:INFO:CONSOLE:250] "
%cStop! font-family:helvetica; font-size:20px; font-size:50px; font-weight:bold; color:red; -webkit-text-stroke:1px black;", source: https://static.xx.fbcdn.net/rsrc.php/v4/yx/r/r6CnWUD601-.js (250)
[11892:6700:0620/035548.766:INFO:CONSOLE:250] "
%cThis is a browser feature intended for developers. If someone told you to copy-paste something here to enable a Facebook feature or "hack" someone's account, it is a scam and will give them access to your Facebook account. font-family:helvetica; font-size:20px; ", source: https://static.xx.fbcdn.net/rsrc.php/v4/yx/r/r6CnWUD601-.js (250)
[11892:6700:0620/035548.766:INFO:CONSOLE:250] "
%cSee https://www.facebook.com/selfxss for more information. font-family:helvetica; font-size:20px; ", source: https://static.xx.fbcdn.net/rsrc.php/v4/yx/r/r6CnWUD601-.js (250)
[11892:6700:0620/035548.766:INFO:CONSOLE:250] "
%c ", source: https://static.xx.fbcdn.net/rsrc.php/v4/yx/r/r6CnWUD601-.js (250)
[11892:6700:0620/035551.626:WARNING:components\download\internal\background_service\controller_impl.cc:1187] Background download complete, client: 6, completion type: 0, file size:5155
[11892:6700:0620/035551.759:WARNING:components\download\internal\background_service\controller_impl.cc:1187] Background download complete, client: 6, completion type: 0, file size:265059
[11892:6700:0620/035551.986:WARNING:components\download\internal\background_service\controller_impl.cc:1187] Background download complete, client: 6, completion type: 0, file size:883094
[11892:6700:0620/035552.127:WARNING:components\download\internal\background_service\controller_impl.cc:1187] Background download complete, client: 6, completion type: 0, file size:2200227
[11892:6700:0620/035552.195:WARNING:components\download\internal\background_service\controller_impl.cc:1187] Background download complete, client: 6, completion type: 0, file size:45153
[11892:6700:0620/035552.454:WARNING:components\download\internal\background_service\controller_impl.cc:1187] Background download complete, client: 6, completion type: 0, file size:2992963
[11892:6700:0620/035552.539:WARNING:components\download\internal\background_service\controller_impl.cc:1187] Background download complete, client: 6, completion type: 0, file size:2747168
[11892:6700:0620/035552.719:WARNING:components\download\internal\background_service\controller_impl.cc:1187] Background download complete, client: 6, completion type: 0, file size:4680
[11892:6700:0620/035552.772:WARNING:components\download\internal\background_service\controller_impl.cc:1187] Background download complete, client: 6, completion type: 0, file size:118577
[11892:6700:0620/035555.245:INFO:CONSOLE:250] "
%cStop! font-family:helvetica; font-size:20px; font-size:50px; font-weight:bold; color:red; -webkit-text-stroke:1px black;", source: https://static.xx.fbcdn.net/rsrc.php/v4/yx/r/r6CnWUD601-.js (250)
[11892:6700:0620/035555.245:INFO:CONSOLE:250] "
%cThis is a browser feature intended for developers. If someone told you to copy-paste something here to enable a Facebook feature or "hack" someone's account, it is a scam and will give them access to your Facebook account. font-family:helvetica; font-size:20px; ", source: https://static.xx.fbcdn.net/rsrc.php/v4/yx/r/r6CnWUD601-.js (250)
[11892:6700:0620/035555.245:INFO:CONSOLE:250] "
%cSee https://www.facebook.com/selfxss for more information. font-family:helvetica; font-size:20px; ", source: https://static.xx.fbcdn.net/rsrc.php/v4/yx/r/r6CnWUD601-.js (250)
[11892:6700:0620/035555.245:INFO:CONSOLE:250] "
%c ", source: https://static.xx.fbcdn.net/rsrc.php/v4/yx/r/r6CnWUD601-.js (250)
[7856:5452:0620/035605.727:WARNING:net\extras\sqlite\sqlite_persistent_store_backend_base.cc:176] Failed to post task from FlushAndNotifyInBackground@net\extras\sqlite\sqlite_persistent_store_backend_base.cc:226 to client_task_runner_.
[7856:5452:0620/035605.727:WARNING:net\extras\sqlite\sqlite_persistent_store_backend_base.cc:176] Failed to post task from FlushAndNotifyInBackground@net\extras\sqlite\sqlite_persistent_store_backend_base.cc:226 to client_task_runner_.
