[28100:39456:0828/082412.532:INFO:components\enterprise\browser\controller\chrome_browser_cloud_management_controller.cc:202] No machine level policy manager exists.
[28100:24220:0828/082412.569:INFO:components\component_updater\component_installer.cc:333] Failed to read manifest for Trust Token Key Commitments (C:\Users\KLS COMPUTER\Documents\FPlus\ChromeProfiles\61570104895259\TrustTokenKeyCommitments\2025.8.22.1).: Access is denied. (0x5)
[28100:19032:0828/082412.569:INFO:components\component_updater\component_installer.cc:333] Failed to read manifest for Optimization Hints (C:\Users\KLS COMPUTER\Documents\FPlus\ChromeProfiles\61570104895259\OptimizationHints\532).: Access is denied. (0x5)
[28100:21104:0828/082412.570:INFO:components\component_updater\component_installer.cc:333] Failed to read manifest for PKI Metadata (C:\Users\KLS COMPUTER\Documents\FPlus\ChromeProfiles\61570104895259\PKIMetadata\1406).: Access is denied. (0x5)
[28100:24220:0828/082412.570:INFO:components\component_updater\component_installer.cc:333] Failed to read manifest for Crowd Deny (C:\Users\KLS COMPUTER\Documents\FPlus\ChromeProfiles\61570104895259\Crowd Deny\2025.8.21.781).: Access is denied. (0x5)
[28100:38036:0828/082412.570:INFO:components\component_updater\component_installer.cc:333] Failed to read manifest for Third Party Module List (C:\Users\KLS COMPUTER\Documents\FPlus\ChromeProfiles\61570104895259\ThirdPartyModuleList32\2018.7.19.1).: Access is denied. (0x5)
[28100:8740:0828/082412.570:INFO:components\component_updater\component_installer.cc:333] Failed to read manifest for CRLSet (C:\Users\KLS COMPUTER\Documents\FPlus\ChromeProfiles\61570104895259\CertificateRevocation\9987).: Access is denied. (0x5)
[28100:32676:0828/082412.570:INFO:components\component_updater\component_installer.cc:333] Failed to read manifest for Safety Tips (C:\Users\KLS COMPUTER\Documents\FPlus\ChromeProfiles\61570104895259\SafetyTips\3079).: Access is denied. (0x5)
[28100:39456:0828/082412.571:WARNING:chrome\browser\chrome_browser_main_win.cc:743] Command line too long for RegisterApplicationRestart:  --allow-pre-commit-input --disable-background-networking --disable-backgrounding-occluded-windows --disable-blink-features=AutomationControlled --disable-client-side-phishing-detection --disable-default-apps --disable-first-run-ui --disable-hang-monitor --disable-infobars --disable-intensive-wake-up-throttling --disable-notifications --disable-popup-blocking --disable-prompt-on-repost --disable-sync --disable-tab-groups-collapse-freezing --enable-logging --force-device-scale-factor=0.22140221402214 --high-dpi-support=0.22140221402214 --ignore-certificate-errors --load-extension="C:\Users\KLS COMPUTER\Documents\FPlus\ChromeProfiles\ChromeExtensions\proxychanger22\proxychanger_empty" --log-level=0 --mute-audio --no-default-browser-check --no-first-run --no-sandbox --no-service-autorun --password-store=basic --remote-debugging-port=0 --test-type=webdriver --use-mock-keychain --user-agent="Mozilla/5.0 (Windows NT 10.0; Win64; x64) AppleWebKit/537.36 (KHTML, like Gecko) Chrome/111.0.1850.13 Safari/537.36" --user-data-dir="C:\Users\KLS COMPUTER\Documents\FPlus\ChromeProfiles\61570104895259" --window-position=5445,715 --window-size=1084,700 --restore-last-session --restart
[28100:23056:0828/082412.571:INFO:components\component_updater\component_installer.cc:333] Failed to read manifest for Probabilistic Reveal Tokens (C:\Users\KLS COMPUTER\Documents\FPlus\ChromeProfiles\61570104895259\ProbabilisticRevealTokenRegistry\2025.8.19.0).: Access is denied. (0x5)
[28100:19032:0828/082412.573:INFO:components\component_updater\component_installer.cc:333] Failed to read manifest for Third-Party Cookie Deprecation Metadata (C:\Users\KLS COMPUTER\Documents\FPlus\ChromeProfiles\61570104895259\TpcdMetadata\2025.8.22.1).: Access is denied. (0x5)
[13492:11196:0828/082412.652:WARNING:ui\gl\direct_composition_support.cc:1195] QueryInterface to IDCompositionDevice4 failed: No such interface supported (0x80004002)
[28100:39456:0828/082413.212:INFO:CONSOLE:0] "Uncaught (in promise) Error: Cannot access contents of url "chrome-untrusted://new-tab-page/one-google-bar?paramsencoded=". Extension manifest must request permission to access this host.", source: chrome-extension://cfflendbdpccmkpfdbpdjnbadjmgajae/background.js (0)
[28100:39456:0828/082421.616:INFO:CONSOLE:250] "
%cStop! font-family:helvetica; font-size:20px; font-size:50px; font-weight:bold; color:red; -webkit-text-stroke:1px black;", source: https://static.xx.fbcdn.net/rsrc.php/v4/yy/r/dQsrTYjBDIZ.js (250)
[28100:39456:0828/082421.617:INFO:CONSOLE:250] "
%cThis is a browser feature intended for developers. If someone told you to copy-paste something here to enable a Facebook feature or "hack" someone's account, it is a scam and will give them access to your Facebook account. font-family:helvetica; font-size:20px; ", source: https://static.xx.fbcdn.net/rsrc.php/v4/yy/r/dQsrTYjBDIZ.js (250)
[28100:39456:0828/082421.617:INFO:CONSOLE:250] "
%cSee https://www.facebook.com/selfxss for more information. font-family:helvetica; font-size:20px; ", source: https://static.xx.fbcdn.net/rsrc.php/v4/yy/r/dQsrTYjBDIZ.js (250)
[28100:39456:0828/082421.617:INFO:CONSOLE:250] "
%c ", source: https://static.xx.fbcdn.net/rsrc.php/v4/yy/r/dQsrTYjBDIZ.js (250)
[28100:39456:0828/082423.162:WARNING:components\download\internal\background_service\controller_impl.cc:1187] Background download complete, client: 6, completion type: 0, file size:5154
[28100:39456:0828/082423.503:WARNING:components\download\internal\background_service\controller_impl.cc:1187] Background download complete, client: 6, completion type: 0, file size:265059
[28100:39456:0828/082423.867:WARNING:components\download\internal\background_service\controller_impl.cc:1187] Background download complete, client: 6, completion type: 0, file size:883094
[28100:39456:0828/082424.198:WARNING:components\download\internal\background_service\controller_impl.cc:1187] Background download complete, client: 6, completion type: 0, file size:45147
[28100:39456:0828/082424.278:WARNING:components\download\internal\background_service\controller_impl.cc:1187] Background download complete, client: 6, completion type: 0, file size:2200227
[28100:39456:0828/082425.242:WARNING:components\download\internal\background_service\controller_impl.cc:1187] Background download complete, client: 6, completion type: 0, file size:2747168
[28100:39456:0828/082425.318:WARNING:components\download\internal\background_service\controller_impl.cc:1187] Background download complete, client: 6, completion type: 0, file size:2992963
[28100:39456:0828/082425.536:WARNING:components\download\internal\background_service\controller_impl.cc:1187] Background download complete, client: 6, completion type: 0, file size:4680
[28100:39456:0828/082425.992:WARNING:components\download\internal\background_service\controller_impl.cc:1187] Background download complete, client: 6, completion type: 0, file size:118577
[28100:39456:0828/082436.320:INFO:CONSOLE:250] "
%cStop! font-family:helvetica; font-size:20px; font-size:50px; font-weight:bold; color:red; -webkit-text-stroke:1px black;", source: https://static.xx.fbcdn.net/rsrc.php/v4/yy/r/dQsrTYjBDIZ.js (250)
[28100:39456:0828/082436.320:INFO:CONSOLE:250] "
%cThis is a browser feature intended for developers. If someone told you to copy-paste something here to enable a Facebook feature or "hack" someone's account, it is a scam and will give them access to your Facebook account. font-family:helvetica; font-size:20px; ", source: https://static.xx.fbcdn.net/rsrc.php/v4/yy/r/dQsrTYjBDIZ.js (250)
[28100:39456:0828/082436.320:INFO:CONSOLE:250] "
%cSee https://www.facebook.com/selfxss for more information. font-family:helvetica; font-size:20px; ", source: https://static.xx.fbcdn.net/rsrc.php/v4/yy/r/dQsrTYjBDIZ.js (250)
[28100:39456:0828/082436.320:INFO:CONSOLE:250] "
%c ", source: https://static.xx.fbcdn.net/rsrc.php/v4/yy/r/dQsrTYjBDIZ.js (250)
[28100:39456:0828/082456.936:INFO:CONSOLE:250] "
%cStop! font-family:helvetica; font-size:20px; font-size:50px; font-weight:bold; color:red; -webkit-text-stroke:1px black;", source: https://static.xx.fbcdn.net/rsrc.php/v4/yy/r/dQsrTYjBDIZ.js (250)
[28100:39456:0828/082456.936:INFO:CONSOLE:250] "
%cThis is a browser feature intended for developers. If someone told you to copy-paste something here to enable a Facebook feature or "hack" someone's account, it is a scam and will give them access to your Facebook account. font-family:helvetica; font-size:20px; ", source: https://static.xx.fbcdn.net/rsrc.php/v4/yy/r/dQsrTYjBDIZ.js (250)
[28100:39456:0828/082456.936:INFO:CONSOLE:250] "
%cSee https://www.facebook.com/selfxss for more information. font-family:helvetica; font-size:20px; ", source: https://static.xx.fbcdn.net/rsrc.php/v4/yy/r/dQsrTYjBDIZ.js (250)
[28100:39456:0828/082456.936:INFO:CONSOLE:250] "
%c ", source: https://static.xx.fbcdn.net/rsrc.php/v4/yy/r/dQsrTYjBDIZ.js (250)
[28100:39456:0828/082508.259:INFO:CONSOLE:250] "
%cStop! font-family:helvetica; font-size:20px; font-size:50px; font-weight:bold; color:red; -webkit-text-stroke:1px black;", source: https://static.xx.fbcdn.net/rsrc.php/v4/yy/r/dQsrTYjBDIZ.js (250)
[28100:39456:0828/082508.259:INFO:CONSOLE:250] "
%cThis is a browser feature intended for developers. If someone told you to copy-paste something here to enable a Facebook feature or "hack" someone's account, it is a scam and will give them access to your Facebook account. font-family:helvetica; font-size:20px; ", source: https://static.xx.fbcdn.net/rsrc.php/v4/yy/r/dQsrTYjBDIZ.js (250)
[28100:39456:0828/082508.259:INFO:CONSOLE:250] "
%cSee https://www.facebook.com/selfxss for more information. font-family:helvetica; font-size:20px; ", source: https://static.xx.fbcdn.net/rsrc.php/v4/yy/r/dQsrTYjBDIZ.js (250)
[28100:39456:0828/082508.259:INFO:CONSOLE:250] "
%c ", source: https://static.xx.fbcdn.net/rsrc.php/v4/yy/r/dQsrTYjBDIZ.js (250)
[872:22512:0828/082517.519:ERROR:mojo\public\cpp\bindings\lib\validation_errors.cc:106] Invalid message: VALIDATION_ERROR_UNEXPECTED_NULL_POINTER (null field 1)
[872:22512:0828/082517.519:ERROR:mojo\public\cpp\bindings\lib\interface_endpoint_client.cc:725] Message 912613293 rejected by interface patch.mojom.FilePatcher
[34140:39924:0828/082525.876:ERROR:mojo\public\cpp\bindings\lib\validation_errors.cc:106] Invalid message: VALIDATION_ERROR_UNEXPECTED_NULL_POINTER (null field 1)
[34140:39924:0828/082525.876:ERROR:mojo\public\cpp\bindings\lib\interface_endpoint_client.cc:725] Message 912613293 rejected by interface patch.mojom.FilePatcher
[33224:32404:0828/082534.266:ERROR:mojo\public\cpp\bindings\lib\validation_errors.cc:106] Invalid message: VALIDATION_ERROR_UNEXPECTED_NULL_POINTER (null field 1)
[33224:32404:0828/082534.267:ERROR:mojo\public\cpp\bindings\lib\interface_endpoint_client.cc:725] Message 912613293 rejected by interface patch.mojom.FilePatcher
[7532:31292:0828/082550.787:ERROR:mojo\public\cpp\bindings\lib\validation_errors.cc:106] Invalid message: VALIDATION_ERROR_UNEXPECTED_NULL_POINTER (null field 1)
[7532:31292:0828/082550.787:ERROR:mojo\public\cpp\bindings\lib\interface_endpoint_client.cc:725] Message 912613293 rejected by interface patch.mojom.FilePatcher
[28100:39456:0828/082615.592:INFO:CONSOLE:250] "
%cStop! font-family:helvetica; font-size:20px; font-size:50px; font-weight:bold; color:red; -webkit-text-stroke:1px black;", source: https://static.xx.fbcdn.net/rsrc.php/v4/yy/r/dQsrTYjBDIZ.js (250)
[28100:39456:0828/082615.593:INFO:CONSOLE:250] "
%cThis is a browser feature intended for developers. If someone told you to copy-paste something here to enable a Facebook feature or "hack" someone's account, it is a scam and will give them access to your Facebook account. font-family:helvetica; font-size:20px; ", source: https://static.xx.fbcdn.net/rsrc.php/v4/yy/r/dQsrTYjBDIZ.js (250)
[28100:39456:0828/082615.593:INFO:CONSOLE:250] "
%cSee https://www.facebook.com/selfxss for more information. font-family:helvetica; font-size:20px; ", source: https://static.xx.fbcdn.net/rsrc.php/v4/yy/r/dQsrTYjBDIZ.js (250)
[28100:39456:0828/082615.593:INFO:CONSOLE:250] "
%c ", source: https://static.xx.fbcdn.net/rsrc.php/v4/yy/r/dQsrTYjBDIZ.js (250)
[7960:17024:0828/082619.793:ERROR:mojo\public\cpp\bindings\lib\validation_errors.cc:106] Invalid message: VALIDATION_ERROR_UNEXPECTED_NULL_POINTER (null field 1)
[7960:17024:0828/082619.794:ERROR:mojo\public\cpp\bindings\lib\interface_endpoint_client.cc:725] Message 912613293 rejected by interface patch.mojom.FilePatcher
[6100:13612:0828/082628.174:ERROR:mojo\public\cpp\bindings\lib\validation_errors.cc:106] Invalid message: VALIDATION_ERROR_UNEXPECTED_NULL_POINTER (null field 1)
[6100:13612:0828/082628.174:ERROR:mojo\public\cpp\bindings\lib\interface_endpoint_client.cc:725] Message 912613293 rejected by interface patch.mojom.FilePatcher
[36916:26780:0828/082702.503:ERROR:mojo\public\cpp\bindings\lib\validation_errors.cc:106] Invalid message: VALIDATION_ERROR_UNEXPECTED_NULL_POINTER (null field 1)
[36916:26780:0828/082702.503:ERROR:mojo\public\cpp\bindings\lib\interface_endpoint_client.cc:725] Message 912613293 rejected by interface patch.mojom.FilePatcher
[28100:39456:0828/082727.991:INFO:CONSOLE:250] "
%cStop! font-family:helvetica; font-size:20px; font-size:50px; font-weight:bold; color:red; -webkit-text-stroke:1px black;", source: https://static.xx.fbcdn.net/rsrc.php/v4/yy/r/dQsrTYjBDIZ.js (250)
[28100:39456:0828/082727.991:INFO:CONSOLE:250] "
%cThis is a browser feature intended for developers. If someone told you to copy-paste something here to enable a Facebook feature or "hack" someone's account, it is a scam and will give them access to your Facebook account. font-family:helvetica; font-size:20px; ", source: https://static.xx.fbcdn.net/rsrc.php/v4/yy/r/dQsrTYjBDIZ.js (250)
[28100:39456:0828/082727.991:INFO:CONSOLE:250] "
%cSee https://www.facebook.com/selfxss for more information. font-family:helvetica; font-size:20px; ", source: https://static.xx.fbcdn.net/rsrc.php/v4/yy/r/dQsrTYjBDIZ.js (250)
[28100:39456:0828/082727.991:INFO:CONSOLE:250] "
%c ", source: https://static.xx.fbcdn.net/rsrc.php/v4/yy/r/dQsrTYjBDIZ.js (250)
[28100:39456:0828/082842.906:INFO:CONSOLE:250] "
%cStop! font-family:helvetica; font-size:20px; font-size:50px; font-weight:bold; color:red; -webkit-text-stroke:1px black;", source: https://static.xx.fbcdn.net/rsrc.php/v4/yy/r/dQsrTYjBDIZ.js (250)
[28100:39456:0828/082842.906:INFO:CONSOLE:250] "
%cThis is a browser feature intended for developers. If someone told you to copy-paste something here to enable a Facebook feature or "hack" someone's account, it is a scam and will give them access to your Facebook account. font-family:helvetica; font-size:20px; ", source: https://static.xx.fbcdn.net/rsrc.php/v4/yy/r/dQsrTYjBDIZ.js (250)
[28100:39456:0828/082842.906:INFO:CONSOLE:250] "
%cSee https://www.facebook.com/selfxss for more information. font-family:helvetica; font-size:20px; ", source: https://static.xx.fbcdn.net/rsrc.php/v4/yy/r/dQsrTYjBDIZ.js (250)
[28100:39456:0828/082842.906:INFO:CONSOLE:250] "
%c ", source: https://static.xx.fbcdn.net/rsrc.php/v4/yy/r/dQsrTYjBDIZ.js (250)
[28100:39456:0828/082955.506:INFO:CONSOLE:250] "
%cStop! font-family:helvetica; font-size:20px; font-size:50px; font-weight:bold; color:red; -webkit-text-stroke:1px black;", source: https://static.xx.fbcdn.net/rsrc.php/v4/yy/r/dQsrTYjBDIZ.js (250)
[28100:39456:0828/082955.506:INFO:CONSOLE:250] "
%cThis is a browser feature intended for developers. If someone told you to copy-paste something here to enable a Facebook feature or "hack" someone's account, it is a scam and will give them access to your Facebook account. font-family:helvetica; font-size:20px; ", source: https://static.xx.fbcdn.net/rsrc.php/v4/yy/r/dQsrTYjBDIZ.js (250)
[28100:39456:0828/082955.506:INFO:CONSOLE:250] "
%cSee https://www.facebook.com/selfxss for more information. font-family:helvetica; font-size:20px; ", source: https://static.xx.fbcdn.net/rsrc.php/v4/yy/r/dQsrTYjBDIZ.js (250)
[28100:39456:0828/082955.506:INFO:CONSOLE:250] "
%c ", source: https://static.xx.fbcdn.net/rsrc.php/v4/yy/r/dQsrTYjBDIZ.js (250)
[28100:39456:0828/083108.333:INFO:CONSOLE:250] "
%cStop! font-family:helvetica; font-size:20px; font-size:50px; font-weight:bold; color:red; -webkit-text-stroke:1px black;", source: https://static.xx.fbcdn.net/rsrc.php/v4/yy/r/dQsrTYjBDIZ.js (250)
[28100:39456:0828/083108.334:INFO:CONSOLE:250] "
%cThis is a browser feature intended for developers. If someone told you to copy-paste something here to enable a Facebook feature or "hack" someone's account, it is a scam and will give them access to your Facebook account. font-family:helvetica; font-size:20px; ", source: https://static.xx.fbcdn.net/rsrc.php/v4/yy/r/dQsrTYjBDIZ.js (250)
[28100:39456:0828/083108.334:INFO:CONSOLE:250] "
%cSee https://www.facebook.com/selfxss for more information. font-family:helvetica; font-size:20px; ", source: https://static.xx.fbcdn.net/rsrc.php/v4/yy/r/dQsrTYjBDIZ.js (250)
[28100:39456:0828/083108.334:INFO:CONSOLE:250] "
%c ", source: https://static.xx.fbcdn.net/rsrc.php/v4/yy/r/dQsrTYjBDIZ.js (250)
[28100:39456:0828/083118.266:INFO:CONSOLE:250] "
%cStop! font-family:helvetica; font-size:20px; font-size:50px; font-weight:bold; color:red; -webkit-text-stroke:1px black;", source: https://static.xx.fbcdn.net/rsrc.php/v4/yy/r/dQsrTYjBDIZ.js (250)
[28100:39456:0828/083118.266:INFO:CONSOLE:250] "
%cThis is a browser feature intended for developers. If someone told you to copy-paste something here to enable a Facebook feature or "hack" someone's account, it is a scam and will give them access to your Facebook account. font-family:helvetica; font-size:20px; ", source: https://static.xx.fbcdn.net/rsrc.php/v4/yy/r/dQsrTYjBDIZ.js (250)
[28100:39456:0828/083118.266:INFO:CONSOLE:250] "
%cSee https://www.facebook.com/selfxss for more information. font-family:helvetica; font-size:20px; ", source: https://static.xx.fbcdn.net/rsrc.php/v4/yy/r/dQsrTYjBDIZ.js (250)
[28100:39456:0828/083118.266:INFO:CONSOLE:250] "
%c ", source: https://static.xx.fbcdn.net/rsrc.php/v4/yy/r/dQsrTYjBDIZ.js (250)
[28100:39456:0828/083552.229:INFO:CONSOLE:250] "
%cStop! font-family:helvetica; font-size:20px; font-size:50px; font-weight:bold; color:red; -webkit-text-stroke:1px black;", source: https://static.xx.fbcdn.net/rsrc.php/v4/yy/r/dQsrTYjBDIZ.js (250)
[28100:39456:0828/083552.229:INFO:CONSOLE:250] "
%cThis is a browser feature intended for developers. If someone told you to copy-paste something here to enable a Facebook feature or "hack" someone's account, it is a scam and will give them access to your Facebook account. font-family:helvetica; font-size:20px; ", source: https://static.xx.fbcdn.net/rsrc.php/v4/yy/r/dQsrTYjBDIZ.js (250)
[28100:39456:0828/083552.230:INFO:CONSOLE:250] "
%cSee https://www.facebook.com/selfxss for more information. font-family:helvetica; font-size:20px; ", source: https://static.xx.fbcdn.net/rsrc.php/v4/yy/r/dQsrTYjBDIZ.js (250)
[28100:39456:0828/083552.230:INFO:CONSOLE:250] "
%c ", source: https://static.xx.fbcdn.net/rsrc.php/v4/yy/r/dQsrTYjBDIZ.js (250)
[28100:39456:0828/084043.531:INFO:CONSOLE:250] "
%cStop! font-family:helvetica; font-size:20px; font-size:50px; font-weight:bold; color:red; -webkit-text-stroke:1px black;", source: https://static.xx.fbcdn.net/rsrc.php/v4/yy/r/dQsrTYjBDIZ.js (250)
[28100:39456:0828/084043.531:INFO:CONSOLE:250] "
%cThis is a browser feature intended for developers. If someone told you to copy-paste something here to enable a Facebook feature or "hack" someone's account, it is a scam and will give them access to your Facebook account. font-family:helvetica; font-size:20px; ", source: https://static.xx.fbcdn.net/rsrc.php/v4/yy/r/dQsrTYjBDIZ.js (250)
[28100:39456:0828/084043.531:INFO:CONSOLE:250] "
%cSee https://www.facebook.com/selfxss for more information. font-family:helvetica; font-size:20px; ", source: https://static.xx.fbcdn.net/rsrc.php/v4/yy/r/dQsrTYjBDIZ.js (250)
[28100:39456:0828/084043.531:INFO:CONSOLE:250] "
%c ", source: https://static.xx.fbcdn.net/rsrc.php/v4/yy/r/dQsrTYjBDIZ.js (250)
[28100:39456:0828/084148.736:INFO:CONSOLE:250] "
%cStop! font-family:helvetica; font-size:20px; font-size:50px; font-weight:bold; color:red; -webkit-text-stroke:1px black;", source: https://static.xx.fbcdn.net/rsrc.php/v4/yy/r/dQsrTYjBDIZ.js (250)
[28100:39456:0828/084148.737:INFO:CONSOLE:250] "
%cThis is a browser feature intended for developers. If someone told you to copy-paste something here to enable a Facebook feature or "hack" someone's account, it is a scam and will give them access to your Facebook account. font-family:helvetica; font-size:20px; ", source: https://static.xx.fbcdn.net/rsrc.php/v4/yy/r/dQsrTYjBDIZ.js (250)
[28100:39456:0828/084148.737:INFO:CONSOLE:250] "
%cSee https://www.facebook.com/selfxss for more information. font-family:helvetica; font-size:20px; ", source: https://static.xx.fbcdn.net/rsrc.php/v4/yy/r/dQsrTYjBDIZ.js (250)
[28100:39456:0828/084148.737:INFO:CONSOLE:250] "
%c ", source: https://static.xx.fbcdn.net/rsrc.php/v4/yy/r/dQsrTYjBDIZ.js (250)
[28100:39456:0828/084209.066:INFO:CONSOLE:250] "
%cStop! font-family:helvetica; font-size:20px; font-size:50px; font-weight:bold; color:red; -webkit-text-stroke:1px black;", source: https://static.xx.fbcdn.net/rsrc.php/v4/yy/r/dQsrTYjBDIZ.js (250)
[28100:39456:0828/084209.066:INFO:CONSOLE:250] "
%cThis is a browser feature intended for developers. If someone told you to copy-paste something here to enable a Facebook feature or "hack" someone's account, it is a scam and will give them access to your Facebook account. font-family:helvetica; font-size:20px; ", source: https://static.xx.fbcdn.net/rsrc.php/v4/yy/r/dQsrTYjBDIZ.js (250)
[28100:39456:0828/084209.066:INFO:CONSOLE:250] "
%cSee https://www.facebook.com/selfxss for more information. font-family:helvetica; font-size:20px; ", source: https://static.xx.fbcdn.net/rsrc.php/v4/yy/r/dQsrTYjBDIZ.js (250)
[28100:39456:0828/084209.066:INFO:CONSOLE:250] "
%c ", source: https://static.xx.fbcdn.net/rsrc.php/v4/yy/r/dQsrTYjBDIZ.js (250)
[28100:39456:0828/084223.042:INFO:CONSOLE:9] "Canvas2D: Multiple readback operations using getImageData are faster with the willReadFrequently attribute set to true. See: https://html.spec.whatwg.org/multipage/canvas.html#concept-canvas-will-read-frequently", source: https://static.xx.fbcdn.net/rsrc.php/v4ik9_4/yV/l/en_US-j/lSv9PGg-bDI.js (9)
[28100:39456:0828/084443.947:INFO:CONSOLE:250] "
%cStop! font-family:helvetica; font-size:20px; font-size:50px; font-weight:bold; color:red; -webkit-text-stroke:1px black;", source: https://static.xx.fbcdn.net/rsrc.php/v4/yy/r/dQsrTYjBDIZ.js (250)
[28100:39456:0828/084443.947:INFO:CONSOLE:250] "
%cThis is a browser feature intended for developers. If someone told you to copy-paste something here to enable a Facebook feature or "hack" someone's account, it is a scam and will give them access to your Facebook account. font-family:helvetica; font-size:20px; ", source: https://static.xx.fbcdn.net/rsrc.php/v4/yy/r/dQsrTYjBDIZ.js (250)
[28100:39456:0828/084443.947:INFO:CONSOLE:250] "
%cSee https://www.facebook.com/selfxss for more information. font-family:helvetica; font-size:20px; ", source: https://static.xx.fbcdn.net/rsrc.php/v4/yy/r/dQsrTYjBDIZ.js (250)
[28100:39456:0828/084443.947:INFO:CONSOLE:250] "
%c ", source: https://static.xx.fbcdn.net/rsrc.php/v4/yy/r/dQsrTYjBDIZ.js (250)
[28100:39456:0828/084451.334:INFO:CONSOLE:9] "Canvas2D: Multiple readback operations using getImageData are faster with the willReadFrequently attribute set to true. See: https://html.spec.whatwg.org/multipage/canvas.html#concept-canvas-will-read-frequently", source: https://static.xx.fbcdn.net/rsrc.php/v4ik9_4/yV/l/en_US-j/lSv9PGg-bDI.js (9)
[28100:39456:0828/084659.874:INFO:CONSOLE:250] "
%cStop! font-family:helvetica; font-size:20px; font-size:50px; font-weight:bold; color:red; -webkit-text-stroke:1px black;", source: https://static.xx.fbcdn.net/rsrc.php/v4/yy/r/dQsrTYjBDIZ.js (250)
[28100:39456:0828/084659.874:INFO:CONSOLE:250] "
%cThis is a browser feature intended for developers. If someone told you to copy-paste something here to enable a Facebook feature or "hack" someone's account, it is a scam and will give them access to your Facebook account. font-family:helvetica; font-size:20px; ", source: https://static.xx.fbcdn.net/rsrc.php/v4/yy/r/dQsrTYjBDIZ.js (250)
[28100:39456:0828/084659.874:INFO:CONSOLE:250] "
%cSee https://www.facebook.com/selfxss for more information. font-family:helvetica; font-size:20px; ", source: https://static.xx.fbcdn.net/rsrc.php/v4/yy/r/dQsrTYjBDIZ.js (250)
[28100:39456:0828/084659.874:INFO:CONSOLE:250] "
%c ", source: https://static.xx.fbcdn.net/rsrc.php/v4/yy/r/dQsrTYjBDIZ.js (250)
[28100:39456:0828/084706.166:INFO:CONSOLE:53] "Canvas2D: Multiple readback operations using getImageData are faster with the willReadFrequently attribute set to true. See: https://html.spec.whatwg.org/multipage/canvas.html#concept-canvas-will-read-frequently", source: https://static.xx.fbcdn.net/rsrc.php/v4izeZ4/yH/l/en_US-j/HtvKsQK9DGIve7A2UFdia7kS8C4xWBoCYlSv9PGg-bDIo69HqJ04nj-VZqxDSZp6bhoP0jlUMbr2qvlCpQ3PdLHyZZ-_Yek3pivN3Luct2KQaI5Pxl4Dw2sFSYoVtH3kDQD3QLDe_i64uAP.js (53)
[28100:39456:0828/084812.751:INFO:CONSOLE:250] "
%cStop! font-family:helvetica; font-size:20px; font-size:50px; font-weight:bold; color:red; -webkit-text-stroke:1px black;", source: https://static.xx.fbcdn.net/rsrc.php/v4/yy/r/dQsrTYjBDIZ.js (250)
[28100:39456:0828/084812.751:INFO:CONSOLE:250] "
%cThis is a browser feature intended for developers. If someone told you to copy-paste something here to enable a Facebook feature or "hack" someone's account, it is a scam and will give them access to your Facebook account. font-family:helvetica; font-size:20px; ", source: https://static.xx.fbcdn.net/rsrc.php/v4/yy/r/dQsrTYjBDIZ.js (250)
[28100:39456:0828/084812.752:INFO:CONSOLE:250] "
%cSee https://www.facebook.com/selfxss for more information. font-family:helvetica; font-size:20px; ", source: https://static.xx.fbcdn.net/rsrc.php/v4/yy/r/dQsrTYjBDIZ.js (250)
[28100:39456:0828/084812.752:INFO:CONSOLE:250] "
%c ", source: https://static.xx.fbcdn.net/rsrc.php/v4/yy/r/dQsrTYjBDIZ.js (250)
[28100:39456:0828/084822.641:INFO:CONSOLE:250] "
%cStop! font-family:helvetica; font-size:20px; font-size:50px; font-weight:bold; color:red; -webkit-text-stroke:1px black;", source: https://static.xx.fbcdn.net/rsrc.php/v4/yy/r/dQsrTYjBDIZ.js (250)
[28100:39456:0828/084822.641:INFO:CONSOLE:250] "
%cThis is a browser feature intended for developers. If someone told you to copy-paste something here to enable a Facebook feature or "hack" someone's account, it is a scam and will give them access to your Facebook account. font-family:helvetica; font-size:20px; ", source: https://static.xx.fbcdn.net/rsrc.php/v4/yy/r/dQsrTYjBDIZ.js (250)
[28100:39456:0828/084822.641:INFO:CONSOLE:250] "
%cSee https://www.facebook.com/selfxss for more information. font-family:helvetica; font-size:20px; ", source: https://static.xx.fbcdn.net/rsrc.php/v4/yy/r/dQsrTYjBDIZ.js (250)
[28100:39456:0828/084822.641:INFO:CONSOLE:250] "
%c ", source: https://static.xx.fbcdn.net/rsrc.php/v4/yy/r/dQsrTYjBDIZ.js (250)
