[34188:11228:0828/065036.868:INFO:components\enterprise\browser\controller\chrome_browser_cloud_management_controller.cc:202] No machine level policy manager exists.
[34188:11420:0828/065036.910:INFO:components\component_updater\component_installer.cc:333] Failed to read manifest for Third Party Module List (C:\Users\KLS COMPUTER\Documents\FPlus\ChromeProfiles\61569994289899\ThirdPartyModuleList32\2018.7.19.1).: Access is denied. (0x5)
[34188:11228:0828/065036.910:WARNING:chrome\browser\chrome_browser_main_win.cc:743] Command line too long for RegisterApplicationRestart:  --allow-pre-commit-input --disable-background-networking --disable-backgrounding-occluded-windows --disable-blink-features=AutomationControlled --disable-client-side-phishing-detection --disable-default-apps --disable-first-run-ui --disable-hang-monitor --disable-infobars --disable-intensive-wake-up-throttling --disable-notifications --disable-popup-blocking --disable-prompt-on-repost --disable-sync --disable-tab-groups-collapse-freezing --enable-logging --force-device-scale-factor=0.22140221402214 --high-dpi-support=0.22140221402214 --ignore-certificate-errors --load-extension="C:\Users\KLS COMPUTER\Documents\FPlus\ChromeProfiles\ChromeExtensions\proxychanger22\proxychanger_empty" --log-level=0 --mute-audio --no-default-browser-check --no-first-run --no-sandbox --no-service-autorun --password-store=basic --remote-debugging-port=0 --test-type=webdriver --use-mock-keychain --user-agent="Mozilla/5.0 (Windows NT 10.0; Win64; x64) AppleWebKit/537.36 (KHTML, like Gecko) Chrome/117.0.3926.24 Safari/537.36" --user-data-dir="C:\Users\KLS COMPUTER\Documents\FPlus\ChromeProfiles\61569994289899" --window-position=7623,715 --window-size=1084,700 --restore-last-session --restart
[28620:32980:0828/065036.986:WARNING:ui\gl\direct_composition_support.cc:1195] QueryInterface to IDCompositionDevice4 failed: No such interface supported (0x80004002)
[34188:11228:0828/065037.525:INFO:CONSOLE:0] "Uncaught (in promise) Error: Cannot access contents of url "chrome-untrusted://new-tab-page/one-google-bar?paramsencoded=". Extension manifest must request permission to access this host.", source: chrome-extension://cfflendbdpccmkpfdbpdjnbadjmgajae/background.js (0)
[34188:11228:0828/065045.120:INFO:CONSOLE:250] "
%cStop! font-family:helvetica; font-size:20px; font-size:50px; font-weight:bold; color:red; -webkit-text-stroke:1px black;", source: https://static.xx.fbcdn.net/rsrc.php/v4/yy/r/dQsrTYjBDIZ.js (250)
[34188:11228:0828/065045.120:INFO:CONSOLE:250] "
%cThis is a browser feature intended for developers. If someone told you to copy-paste something here to enable a Facebook feature or "hack" someone's account, it is a scam and will give them access to your Facebook account. font-family:helvetica; font-size:20px; ", source: https://static.xx.fbcdn.net/rsrc.php/v4/yy/r/dQsrTYjBDIZ.js (250)
[34188:11228:0828/065045.120:INFO:CONSOLE:250] "
%cSee https://www.facebook.com/selfxss for more information. font-family:helvetica; font-size:20px; ", source: https://static.xx.fbcdn.net/rsrc.php/v4/yy/r/dQsrTYjBDIZ.js (250)
[34188:11228:0828/065045.120:INFO:CONSOLE:250] "
%c ", source: https://static.xx.fbcdn.net/rsrc.php/v4/yy/r/dQsrTYjBDIZ.js (250)
[34188:11228:0828/065047.812:WARNING:components\download\internal\background_service\controller_impl.cc:1187] Background download complete, client: 6, completion type: 0, file size:265059
[34188:11228:0828/065047.813:WARNING:components\download\internal\background_service\controller_impl.cc:1187] Background download complete, client: 6, completion type: 0, file size:5154
[34188:11228:0828/065048.493:WARNING:components\download\internal\background_service\controller_impl.cc:1187] Background download complete, client: 6, completion type: 0, file size:883094
[34188:11228:0828/065048.859:WARNING:components\download\internal\background_service\controller_impl.cc:1187] Background download complete, client: 6, completion type: 0, file size:2200227
[34188:11228:0828/065048.859:WARNING:components\download\internal\background_service\controller_impl.cc:1187] Background download complete, client: 6, completion type: 0, file size:45147
[34188:11228:0828/065049.718:WARNING:components\download\internal\background_service\controller_impl.cc:1187] Background download complete, client: 6, completion type: 0, file size:2992963
[34188:11228:0828/065049.879:WARNING:components\download\internal\background_service\controller_impl.cc:1187] Background download complete, client: 6, completion type: 0, file size:2747168
[34188:11228:0828/065050.020:WARNING:components\download\internal\background_service\controller_impl.cc:1187] Background download complete, client: 6, completion type: 0, file size:4680
[34188:11228:0828/065050.480:WARNING:components\download\internal\background_service\controller_impl.cc:1187] Background download complete, client: 6, completion type: 0, file size:118577
[34188:11228:0828/065059.290:INFO:CONSOLE:250] "
%cStop! font-family:helvetica; font-size:20px; font-size:50px; font-weight:bold; color:red; -webkit-text-stroke:1px black;", source: https://static.xx.fbcdn.net/rsrc.php/v4/yy/r/dQsrTYjBDIZ.js (250)
[34188:11228:0828/065059.290:INFO:CONSOLE:250] "
%cThis is a browser feature intended for developers. If someone told you to copy-paste something here to enable a Facebook feature or "hack" someone's account, it is a scam and will give them access to your Facebook account. font-family:helvetica; font-size:20px; ", source: https://static.xx.fbcdn.net/rsrc.php/v4/yy/r/dQsrTYjBDIZ.js (250)
[34188:11228:0828/065059.290:INFO:CONSOLE:250] "
%cSee https://www.facebook.com/selfxss for more information. font-family:helvetica; font-size:20px; ", source: https://static.xx.fbcdn.net/rsrc.php/v4/yy/r/dQsrTYjBDIZ.js (250)
[34188:11228:0828/065059.290:INFO:CONSOLE:250] "
%c ", source: https://static.xx.fbcdn.net/rsrc.php/v4/yy/r/dQsrTYjBDIZ.js (250)
[34188:11228:0828/065130.841:INFO:CONSOLE:250] "
%cStop! font-family:helvetica; font-size:20px; font-size:50px; font-weight:bold; color:red; -webkit-text-stroke:1px black;", source: https://static.xx.fbcdn.net/rsrc.php/v4/yy/r/dQsrTYjBDIZ.js (250)
[34188:11228:0828/065130.841:INFO:CONSOLE:250] "
%cThis is a browser feature intended for developers. If someone told you to copy-paste something here to enable a Facebook feature or "hack" someone's account, it is a scam and will give them access to your Facebook account. font-family:helvetica; font-size:20px; ", source: https://static.xx.fbcdn.net/rsrc.php/v4/yy/r/dQsrTYjBDIZ.js (250)
[34188:11228:0828/065130.841:INFO:CONSOLE:250] "
%cSee https://www.facebook.com/selfxss for more information. font-family:helvetica; font-size:20px; ", source: https://static.xx.fbcdn.net/rsrc.php/v4/yy/r/dQsrTYjBDIZ.js (250)
[34188:11228:0828/065130.841:INFO:CONSOLE:250] "
%c ", source: https://static.xx.fbcdn.net/rsrc.php/v4/yy/r/dQsrTYjBDIZ.js (250)
[34188:11228:0828/065135.153:INFO:CONSOLE:250] "
%cStop! font-family:helvetica; font-size:20px; font-size:50px; font-weight:bold; color:red; -webkit-text-stroke:1px black;", source: https://static.xx.fbcdn.net/rsrc.php/v4/yy/r/dQsrTYjBDIZ.js (250)
[34188:11228:0828/065135.153:INFO:CONSOLE:250] "
%cThis is a browser feature intended for developers. If someone told you to copy-paste something here to enable a Facebook feature or "hack" someone's account, it is a scam and will give them access to your Facebook account. font-family:helvetica; font-size:20px; ", source: https://static.xx.fbcdn.net/rsrc.php/v4/yy/r/dQsrTYjBDIZ.js (250)
[34188:11228:0828/065135.153:INFO:CONSOLE:250] "
%cSee https://www.facebook.com/selfxss for more information. font-family:helvetica; font-size:20px; ", source: https://static.xx.fbcdn.net/rsrc.php/v4/yy/r/dQsrTYjBDIZ.js (250)
[34188:11228:0828/065135.153:INFO:CONSOLE:250] "
%c ", source: https://static.xx.fbcdn.net/rsrc.php/v4/yy/r/dQsrTYjBDIZ.js (250)
[34188:11228:0828/065533.683:INFO:CONSOLE:250] "
%cStop! font-family:helvetica; font-size:20px; font-size:50px; font-weight:bold; color:red; -webkit-text-stroke:1px black;", source: https://static.xx.fbcdn.net/rsrc.php/v4/yy/r/dQsrTYjBDIZ.js (250)
[34188:11228:0828/065533.684:INFO:CONSOLE:250] "
%cThis is a browser feature intended for developers. If someone told you to copy-paste something here to enable a Facebook feature or "hack" someone's account, it is a scam and will give them access to your Facebook account. font-family:helvetica; font-size:20px; ", source: https://static.xx.fbcdn.net/rsrc.php/v4/yy/r/dQsrTYjBDIZ.js (250)
[34188:11228:0828/065533.684:INFO:CONSOLE:250] "
%cSee https://www.facebook.com/selfxss for more information. font-family:helvetica; font-size:20px; ", source: https://static.xx.fbcdn.net/rsrc.php/v4/yy/r/dQsrTYjBDIZ.js (250)
[34188:11228:0828/065533.684:INFO:CONSOLE:250] "
%c ", source: https://static.xx.fbcdn.net/rsrc.php/v4/yy/r/dQsrTYjBDIZ.js (250)
[34188:11228:0828/065552.289:INFO:CONSOLE:250] "
%cStop! font-family:helvetica; font-size:20px; font-size:50px; font-weight:bold; color:red; -webkit-text-stroke:1px black;", source: https://static.xx.fbcdn.net/rsrc.php/v4/yy/r/dQsrTYjBDIZ.js (250)
[34188:11228:0828/065552.289:INFO:CONSOLE:250] "
%cThis is a browser feature intended for developers. If someone told you to copy-paste something here to enable a Facebook feature or "hack" someone's account, it is a scam and will give them access to your Facebook account. font-family:helvetica; font-size:20px; ", source: https://static.xx.fbcdn.net/rsrc.php/v4/yy/r/dQsrTYjBDIZ.js (250)
[34188:11228:0828/065552.289:INFO:CONSOLE:250] "
%cSee https://www.facebook.com/selfxss for more information. font-family:helvetica; font-size:20px; ", source: https://static.xx.fbcdn.net/rsrc.php/v4/yy/r/dQsrTYjBDIZ.js (250)
[34188:11228:0828/065552.289:INFO:CONSOLE:250] "
%c ", source: https://static.xx.fbcdn.net/rsrc.php/v4/yy/r/dQsrTYjBDIZ.js (250)
[34188:11228:0828/070022.823:INFO:CONSOLE:250] "
%cStop! font-family:helvetica; font-size:20px; font-size:50px; font-weight:bold; color:red; -webkit-text-stroke:1px black;", source: https://static.xx.fbcdn.net/rsrc.php/v4/yy/r/dQsrTYjBDIZ.js (250)
[34188:11228:0828/070022.823:INFO:CONSOLE:250] "
%cThis is a browser feature intended for developers. If someone told you to copy-paste something here to enable a Facebook feature or "hack" someone's account, it is a scam and will give them access to your Facebook account. font-family:helvetica; font-size:20px; ", source: https://static.xx.fbcdn.net/rsrc.php/v4/yy/r/dQsrTYjBDIZ.js (250)
[34188:11228:0828/070022.823:INFO:CONSOLE:250] "
%cSee https://www.facebook.com/selfxss for more information. font-family:helvetica; font-size:20px; ", source: https://static.xx.fbcdn.net/rsrc.php/v4/yy/r/dQsrTYjBDIZ.js (250)
[34188:11228:0828/070022.823:INFO:CONSOLE:250] "
%c ", source: https://static.xx.fbcdn.net/rsrc.php/v4/yy/r/dQsrTYjBDIZ.js (250)
[34188:11228:0828/070037.502:INFO:CONSOLE:9] "Canvas2D: Multiple readback operations using getImageData are faster with the willReadFrequently attribute set to true. See: https://html.spec.whatwg.org/multipage/canvas.html#concept-canvas-will-read-frequently", source: https://static.xx.fbcdn.net/rsrc.php/v4ik9_4/yV/l/en_US-j/lSv9PGg-bDI.js (9)
[34188:11228:0828/070226.987:INFO:CONSOLE:250] "
%cStop! font-family:helvetica; font-size:20px; font-size:50px; font-weight:bold; color:red; -webkit-text-stroke:1px black;", source: https://static.xx.fbcdn.net/rsrc.php/v4/yy/r/dQsrTYjBDIZ.js (250)
[34188:11228:0828/070226.988:INFO:CONSOLE:250] "
%cThis is a browser feature intended for developers. If someone told you to copy-paste something here to enable a Facebook feature or "hack" someone's account, it is a scam and will give them access to your Facebook account. font-family:helvetica; font-size:20px; ", source: https://static.xx.fbcdn.net/rsrc.php/v4/yy/r/dQsrTYjBDIZ.js (250)
[34188:11228:0828/070226.988:INFO:CONSOLE:250] "
%cSee https://www.facebook.com/selfxss for more information. font-family:helvetica; font-size:20px; ", source: https://static.xx.fbcdn.net/rsrc.php/v4/yy/r/dQsrTYjBDIZ.js (250)
[34188:11228:0828/070226.988:INFO:CONSOLE:250] "
%c ", source: https://static.xx.fbcdn.net/rsrc.php/v4/yy/r/dQsrTYjBDIZ.js (250)
[34188:11228:0828/070339.905:INFO:CONSOLE:9] "Canvas2D: Multiple readback operations using getImageData are faster with the willReadFrequently attribute set to true. See: https://html.spec.whatwg.org/multipage/canvas.html#concept-canvas-will-read-frequently", source: https://static.xx.fbcdn.net/rsrc.php/v4ik9_4/yV/l/en_US-j/lSv9PGg-bDI.js (9)
[34188:11228:0828/070430.680:INFO:CONSOLE:250] "
%cStop! font-family:helvetica; font-size:20px; font-size:50px; font-weight:bold; color:red; -webkit-text-stroke:1px black;", source: https://static.xx.fbcdn.net/rsrc.php/v4/yy/r/dQsrTYjBDIZ.js (250)
[34188:11228:0828/070430.680:INFO:CONSOLE:250] "
%cThis is a browser feature intended for developers. If someone told you to copy-paste something here to enable a Facebook feature or "hack" someone's account, it is a scam and will give them access to your Facebook account. font-family:helvetica; font-size:20px; ", source: https://static.xx.fbcdn.net/rsrc.php/v4/yy/r/dQsrTYjBDIZ.js (250)
[34188:11228:0828/070430.680:INFO:CONSOLE:250] "
%cSee https://www.facebook.com/selfxss for more information. font-family:helvetica; font-size:20px; ", source: https://static.xx.fbcdn.net/rsrc.php/v4/yy/r/dQsrTYjBDIZ.js (250)
[34188:11228:0828/070430.681:INFO:CONSOLE:250] "
%c ", source: https://static.xx.fbcdn.net/rsrc.php/v4/yy/r/dQsrTYjBDIZ.js (250)
[34188:11228:0828/070543.264:INFO:CONSOLE:250] "
%cStop! font-family:helvetica; font-size:20px; font-size:50px; font-weight:bold; color:red; -webkit-text-stroke:1px black;", source: https://static.xx.fbcdn.net/rsrc.php/v4/yy/r/dQsrTYjBDIZ.js (250)
[34188:11228:0828/070543.264:INFO:CONSOLE:250] "
%cThis is a browser feature intended for developers. If someone told you to copy-paste something here to enable a Facebook feature or "hack" someone's account, it is a scam and will give them access to your Facebook account. font-family:helvetica; font-size:20px; ", source: https://static.xx.fbcdn.net/rsrc.php/v4/yy/r/dQsrTYjBDIZ.js (250)
[34188:11228:0828/070543.264:INFO:CONSOLE:250] "
%cSee https://www.facebook.com/selfxss for more information. font-family:helvetica; font-size:20px; ", source: https://static.xx.fbcdn.net/rsrc.php/v4/yy/r/dQsrTYjBDIZ.js (250)
[34188:11228:0828/070543.264:INFO:CONSOLE:250] "
%c ", source: https://static.xx.fbcdn.net/rsrc.php/v4/yy/r/dQsrTYjBDIZ.js (250)
[34188:11228:0828/070551.718:INFO:CONSOLE:250] "
%cStop! font-family:helvetica; font-size:20px; font-size:50px; font-weight:bold; color:red; -webkit-text-stroke:1px black;", source: https://static.xx.fbcdn.net/rsrc.php/v4/yy/r/dQsrTYjBDIZ.js (250)
[34188:11228:0828/070551.718:INFO:CONSOLE:250] "
%cThis is a browser feature intended for developers. If someone told you to copy-paste something here to enable a Facebook feature or "hack" someone's account, it is a scam and will give them access to your Facebook account. font-family:helvetica; font-size:20px; ", source: https://static.xx.fbcdn.net/rsrc.php/v4/yy/r/dQsrTYjBDIZ.js (250)
[34188:11228:0828/070551.718:INFO:CONSOLE:250] "
%cSee https://www.facebook.com/selfxss for more information. font-family:helvetica; font-size:20px; ", source: https://static.xx.fbcdn.net/rsrc.php/v4/yy/r/dQsrTYjBDIZ.js (250)
[34188:11228:0828/070551.718:INFO:CONSOLE:250] "
%c ", source: https://static.xx.fbcdn.net/rsrc.php/v4/yy/r/dQsrTYjBDIZ.js (250)
[34188:11228:0828/070604.035:INFO:CONSOLE:250] "
%cStop! font-family:helvetica; font-size:20px; font-size:50px; font-weight:bold; color:red; -webkit-text-stroke:1px black;", source: https://static.xx.fbcdn.net/rsrc.php/v4/yy/r/dQsrTYjBDIZ.js (250)
[34188:11228:0828/070604.035:INFO:CONSOLE:250] "
%cThis is a browser feature intended for developers. If someone told you to copy-paste something here to enable a Facebook feature or "hack" someone's account, it is a scam and will give them access to your Facebook account. font-family:helvetica; font-size:20px; ", source: https://static.xx.fbcdn.net/rsrc.php/v4/yy/r/dQsrTYjBDIZ.js (250)
[34188:11228:0828/070604.036:INFO:CONSOLE:250] "
%cSee https://www.facebook.com/selfxss for more information. font-family:helvetica; font-size:20px; ", source: https://static.xx.fbcdn.net/rsrc.php/v4/yy/r/dQsrTYjBDIZ.js (250)
[34188:11228:0828/070604.036:INFO:CONSOLE:250] "
%c ", source: https://static.xx.fbcdn.net/rsrc.php/v4/yy/r/dQsrTYjBDIZ.js (250)
[34188:11228:0828/070712.141:INFO:CONSOLE:250] "
%cStop! font-family:helvetica; font-size:20px; font-size:50px; font-weight:bold; color:red; -webkit-text-stroke:1px black;", source: https://static.xx.fbcdn.net/rsrc.php/v4/yy/r/dQsrTYjBDIZ.js (250)
[34188:11228:0828/070712.141:INFO:CONSOLE:250] "
%cThis is a browser feature intended for developers. If someone told you to copy-paste something here to enable a Facebook feature or "hack" someone's account, it is a scam and will give them access to your Facebook account. font-family:helvetica; font-size:20px; ", source: https://static.xx.fbcdn.net/rsrc.php/v4/yy/r/dQsrTYjBDIZ.js (250)
[34188:11228:0828/070712.141:INFO:CONSOLE:250] "
%cSee https://www.facebook.com/selfxss for more information. font-family:helvetica; font-size:20px; ", source: https://static.xx.fbcdn.net/rsrc.php/v4/yy/r/dQsrTYjBDIZ.js (250)
[34188:11228:0828/070712.141:INFO:CONSOLE:250] "
%c ", source: https://static.xx.fbcdn.net/rsrc.php/v4/yy/r/dQsrTYjBDIZ.js (250)
[34188:11228:0828/070826.268:INFO:CONSOLE:250] "
%cStop! font-family:helvetica; font-size:20px; font-size:50px; font-weight:bold; color:red; -webkit-text-stroke:1px black;", source: https://static.xx.fbcdn.net/rsrc.php/v4/yy/r/dQsrTYjBDIZ.js (250)
[34188:11228:0828/070826.268:INFO:CONSOLE:250] "
%cThis is a browser feature intended for developers. If someone told you to copy-paste something here to enable a Facebook feature or "hack" someone's account, it is a scam and will give them access to your Facebook account. font-family:helvetica; font-size:20px; ", source: https://static.xx.fbcdn.net/rsrc.php/v4/yy/r/dQsrTYjBDIZ.js (250)
[34188:11228:0828/070826.268:INFO:CONSOLE:250] "
%cSee https://www.facebook.com/selfxss for more information. font-family:helvetica; font-size:20px; ", source: https://static.xx.fbcdn.net/rsrc.php/v4/yy/r/dQsrTYjBDIZ.js (250)
[34188:11228:0828/070826.268:INFO:CONSOLE:250] "
%c ", source: https://static.xx.fbcdn.net/rsrc.php/v4/yy/r/dQsrTYjBDIZ.js (250)
[28584:32084:0828/070937.175:WARNING:services\audio\sync_reader.cc:148] ASR: No room in socket buffer.: The pipe is being closed. (0xE8)
[34188:11228:0828/070939.254:INFO:CONSOLE:250] "
%cStop! font-family:helvetica; font-size:20px; font-size:50px; font-weight:bold; color:red; -webkit-text-stroke:1px black;", source: https://static.xx.fbcdn.net/rsrc.php/v4/yy/r/dQsrTYjBDIZ.js (250)
[34188:11228:0828/070939.316:INFO:CONSOLE:250] "
%cThis is a browser feature intended for developers. If someone told you to copy-paste something here to enable a Facebook feature or "hack" someone's account, it is a scam and will give them access to your Facebook account. font-family:helvetica; font-size:20px; ", source: https://static.xx.fbcdn.net/rsrc.php/v4/yy/r/dQsrTYjBDIZ.js (250)
[34188:11228:0828/070939.316:INFO:CONSOLE:250] "
%cSee https://www.facebook.com/selfxss for more information. font-family:helvetica; font-size:20px; ", source: https://static.xx.fbcdn.net/rsrc.php/v4/yy/r/dQsrTYjBDIZ.js (250)
[34188:11228:0828/070939.316:INFO:CONSOLE:250] "
%c ", source: https://static.xx.fbcdn.net/rsrc.php/v4/yy/r/dQsrTYjBDIZ.js (250)
[34188:11228:0828/071052.489:INFO:CONSOLE:250] "
%cStop! font-family:helvetica; font-size:20px; font-size:50px; font-weight:bold; color:red; -webkit-text-stroke:1px black;", source: https://static.xx.fbcdn.net/rsrc.php/v4/yy/r/dQsrTYjBDIZ.js (250)
[34188:11228:0828/071052.489:INFO:CONSOLE:250] "
%cThis is a browser feature intended for developers. If someone told you to copy-paste something here to enable a Facebook feature or "hack" someone's account, it is a scam and will give them access to your Facebook account. font-family:helvetica; font-size:20px; ", source: https://static.xx.fbcdn.net/rsrc.php/v4/yy/r/dQsrTYjBDIZ.js (250)
[34188:11228:0828/071052.489:INFO:CONSOLE:250] "
%cSee https://www.facebook.com/selfxss for more information. font-family:helvetica; font-size:20px; ", source: https://static.xx.fbcdn.net/rsrc.php/v4/yy/r/dQsrTYjBDIZ.js (250)
[34188:11228:0828/071052.489:INFO:CONSOLE:250] "
%c ", source: https://static.xx.fbcdn.net/rsrc.php/v4/yy/r/dQsrTYjBDIZ.js (250)
[34188:11228:0828/071204.666:INFO:CONSOLE:250] "
%cStop! font-family:helvetica; font-size:20px; font-size:50px; font-weight:bold; color:red; -webkit-text-stroke:1px black;", source: https://static.xx.fbcdn.net/rsrc.php/v4/yy/r/dQsrTYjBDIZ.js (250)
[34188:11228:0828/071204.666:INFO:CONSOLE:250] "
%cThis is a browser feature intended for developers. If someone told you to copy-paste something here to enable a Facebook feature or "hack" someone's account, it is a scam and will give them access to your Facebook account. font-family:helvetica; font-size:20px; ", source: https://static.xx.fbcdn.net/rsrc.php/v4/yy/r/dQsrTYjBDIZ.js (250)
[34188:11228:0828/071204.666:INFO:CONSOLE:250] "
%cSee https://www.facebook.com/selfxss for more information. font-family:helvetica; font-size:20px; ", source: https://static.xx.fbcdn.net/rsrc.php/v4/yy/r/dQsrTYjBDIZ.js (250)
[34188:11228:0828/071204.666:INFO:CONSOLE:250] "
%c ", source: https://static.xx.fbcdn.net/rsrc.php/v4/yy/r/dQsrTYjBDIZ.js (250)
[34188:11228:0828/071213.897:INFO:CONSOLE:250] "
%cStop! font-family:helvetica; font-size:20px; font-size:50px; font-weight:bold; color:red; -webkit-text-stroke:1px black;", source: https://static.xx.fbcdn.net/rsrc.php/v4/yy/r/dQsrTYjBDIZ.js (250)
[34188:11228:0828/071213.909:INFO:CONSOLE:250] "
%cThis is a browser feature intended for developers. If someone told you to copy-paste something here to enable a Facebook feature or "hack" someone's account, it is a scam and will give them access to your Facebook account. font-family:helvetica; font-size:20px; ", source: https://static.xx.fbcdn.net/rsrc.php/v4/yy/r/dQsrTYjBDIZ.js (250)
[34188:11228:0828/071213.909:INFO:CONSOLE:250] "
%cSee https://www.facebook.com/selfxss for more information. font-family:helvetica; font-size:20px; ", source: https://static.xx.fbcdn.net/rsrc.php/v4/yy/r/dQsrTYjBDIZ.js (250)
[34188:11228:0828/071213.909:INFO:CONSOLE:250] "
%c ", source: https://static.xx.fbcdn.net/rsrc.php/v4/yy/r/dQsrTYjBDIZ.js (250)
[34188:11228:0828/071223.113:INFO:CONSOLE:9] "Canvas2D: Multiple readback operations using getImageData are faster with the willReadFrequently attribute set to true. See: https://html.spec.whatwg.org/multipage/canvas.html#concept-canvas-will-read-frequently", source: https://static.xx.fbcdn.net/rsrc.php/v4ik9_4/yV/l/en_US-j/lSv9PGg-bDI.js (9)
[34188:11228:0828/071227.503:INFO:CONSOLE:9] "Canvas2D: Multiple readback operations using getImageData are faster with the willReadFrequently attribute set to true. See: https://html.spec.whatwg.org/multipage/canvas.html#concept-canvas-will-read-frequently", source: https://static.xx.fbcdn.net/rsrc.php/v4ik9_4/yV/l/en_US-j/lSv9PGg-bDI.js (9)
[11288:5144:0828/071619.030:WARNING:net\extras\sqlite\sqlite_persistent_store_backend_base.cc:176] Failed to post task from FlushAndNotifyInBackground@net\extras\sqlite\sqlite_persistent_store_backend_base.cc:226 to client_task_runner_.
[11288:5144:0828/071619.030:WARNING:net\extras\sqlite\sqlite_persistent_store_backend_base.cc:176] Failed to post task from FlushAndNotifyInBackground@net\extras\sqlite\sqlite_persistent_store_backend_base.cc:226 to client_task_runner_.
