[35388:19812:0828/091422.262:INFO:components\enterprise\browser\controller\chrome_browser_cloud_management_controller.cc:202] No machine level policy manager exists.
[35388:13688:0828/091422.304:INFO:components\component_updater\component_installer.cc:333] Failed to read manifest for Trust Token Key Commitments (C:\Users\KLS COMPUTER\Documents\FPlus\ChromeProfiles\61570061968846\TrustTokenKeyCommitments\2025.8.22.1).: Access is denied. (0x5)
[35388:28548:0828/091422.304:INFO:components\component_updater\component_installer.cc:333] Failed to read manifest for Optimization Hints (C:\Users\KLS COMPUTER\Documents\FPlus\ChromeProfiles\61570061968846\OptimizationHints\532).: Access is denied. (0x5)
[35388:22292:0828/091422.305:INFO:components\component_updater\component_installer.cc:333] Failed to read manifest for CRLSet (C:\Users\KLS COMPUTER\Documents\FPlus\ChromeProfiles\61570061968846\CertificateRevocation\9986).: Access is denied. (0x5)
[35388:22292:0828/091422.305:INFO:components\component_updater\component_installer.cc:333] Failed to read manifest for CRLSet (C:\Users\KLS COMPUTER\Documents\FPlus\ChromeProfiles\61570061968846\CertificateRevocation\9987).: Access is denied. (0x5)
[35388:19812:0828/091422.306:WARNING:chrome\browser\chrome_browser_main_win.cc:743] Command line too long for RegisterApplicationRestart:  --allow-pre-commit-input --disable-background-networking --disable-backgrounding-occluded-windows --disable-blink-features=AutomationControlled --disable-client-side-phishing-detection --disable-default-apps --disable-first-run-ui --disable-hang-monitor --disable-infobars --disable-intensive-wake-up-throttling --disable-notifications --disable-popup-blocking --disable-prompt-on-repost --disable-sync --disable-tab-groups-collapse-freezing --enable-logging --force-device-scale-factor=0.22140221402214 --high-dpi-support=0.22140221402214 --ignore-certificate-errors --load-extension="C:\Users\KLS COMPUTER\Documents\FPlus\ChromeProfiles\ChromeExtensions\proxychanger22\proxychanger_empty" --log-level=0 --mute-audio --no-default-browser-check --no-first-run --no-sandbox --no-service-autorun --password-store=basic --remote-debugging-port=0 --test-type=webdriver --use-mock-keychain --user-agent="Mozilla/5.0 (Windows NT 10.0; Win64; x64) AppleWebKit/537.36 (KHTML, like Gecko) Chrome/117.0.7044.39 Safari/537.36" --user-data-dir="C:\Users\KLS COMPUTER\Documents\FPlus\ChromeProfiles\61570061968846" --window-position=0,715 --window-size=1084,700 --restore-last-session --restart
[35388:35760:0828/091422.306:INFO:components\component_updater\component_installer.cc:333] Failed to read manifest for Third Party Module List (C:\Users\KLS COMPUTER\Documents\FPlus\ChromeProfiles\61570061968846\ThirdPartyModuleList32\2018.7.19.1).: Access is denied. (0x5)
[35388:28548:0828/091422.306:INFO:components\component_updater\component_installer.cc:333] Failed to read manifest for Crowd Deny (C:\Users\KLS COMPUTER\Documents\FPlus\ChromeProfiles\61570061968846\Crowd Deny\2025.8.21.781).: Access is denied. (0x5)
[35388:6488:0828/091422.306:INFO:components\component_updater\component_installer.cc:333] Failed to read manifest for PKI Metadata (C:\Users\KLS COMPUTER\Documents\FPlus\ChromeProfiles\61570061968846\PKIMetadata\1406).: Access is denied. (0x5)
[35388:33680:0828/091422.307:INFO:components\component_updater\component_installer.cc:333] Failed to read manifest for Safety Tips (C:\Users\KLS COMPUTER\Documents\FPlus\ChromeProfiles\61570061968846\SafetyTips\3079).: Access is denied. (0x5)
[35388:8032:0828/091422.307:INFO:components\component_updater\component_installer.cc:333] Failed to read manifest for Probabilistic Reveal Tokens (C:\Users\KLS COMPUTER\Documents\FPlus\ChromeProfiles\61570061968846\ProbabilisticRevealTokenRegistry\2025.8.19.0).: Access is denied. (0x5)
[35388:36248:0828/091422.394:INFO:components\component_updater\component_installer.cc:333] Failed to read manifest for Third-Party Cookie Deprecation Metadata (C:\Users\KLS COMPUTER\Documents\FPlus\ChromeProfiles\61570061968846\TpcdMetadata\2025.8.22.1).: Access is denied. (0x5)
[30012:11144:0828/091422.401:WARNING:ui\gl\direct_composition_support.cc:1195] QueryInterface to IDCompositionDevice4 failed: No such interface supported (0x80004002)
[35388:19812:0828/091423.006:INFO:CONSOLE:0] "Uncaught (in promise) Error: Cannot access contents of url "chrome-untrusted://new-tab-page/one-google-bar?paramsencoded=". Extension manifest must request permission to access this host.", source: chrome-extension://cfflendbdpccmkpfdbpdjnbadjmgajae/background.js (0)
[35388:19812:0828/091431.489:INFO:CONSOLE:76] "ErrorUtils caught an error:

Minified React error #418; visit https://react.dev/errors/418?args[]=text&args[]= for the full message or use the non-minified dev environment for full errors and additional helpful warnings.

Subsequent non-fatal errors won't be logged; see https://fburl.com/debugjs. [object Object]", source: https://static.xx.fbcdn.net/rsrc.php/v4/yy/r/dQsrTYjBDIZ.js (76)
[35388:19812:0828/091431.489:INFO:CONSOLE:1091] "Uncaught Error: Minified React error #418; visit https://react.dev/errors/418?args[]=text&args[]= for the full message or use the non-minified dev environment for full errors and additional helpful warnings.", source: https://static.xx.fbcdn.net/rsrc.php/v4izUr4/y1/l/en_US-j/ULyWOeUkg1nk2z-tN9Rtaz1mc8q6k6MZWPPzM8rpzAlau6IMsVNytg5unib7Rg4P9SYDdfSLmH5CjVr2Xp0TAk761Wu2zlnMw1oCl4jmoIOedKm5lv1O2A3efjK5bPnSrLOxW9Ve7HUvgjvj5rN_THhWpSbQDm5c3l9z9OPbe-NLWRPuVCwUyqLr_F6hh66ALNuyPmKj_7i9dPTB0pVU9sQPi4cqWGNHexPvNjc3-WTm_Bth0bUQdZHVmjtfwOD6CyrzbmpauBZDMDmATgUyemhxcbRvNx5FMz_rU5mpl.js (1091)
[35388:19812:0828/091432.224:INFO:CONSOLE:250] "
%cStop! font-family:helvetica; font-size:20px; font-size:50px; font-weight:bold; color:red; -webkit-text-stroke:1px black;", source: https://static.xx.fbcdn.net/rsrc.php/v4/yy/r/dQsrTYjBDIZ.js (250)
[35388:19812:0828/091432.224:INFO:CONSOLE:250] "
%cThis is a browser feature intended for developers. If someone told you to copy-paste something here to enable a Facebook feature or "hack" someone's account, it is a scam and will give them access to your Facebook account. font-family:helvetica; font-size:20px; ", source: https://static.xx.fbcdn.net/rsrc.php/v4/yy/r/dQsrTYjBDIZ.js (250)
[35388:19812:0828/091432.244:INFO:CONSOLE:250] "
%cSee https://www.facebook.com/selfxss for more information. font-family:helvetica; font-size:20px; ", source: https://static.xx.fbcdn.net/rsrc.php/v4/yy/r/dQsrTYjBDIZ.js (250)
[35388:19812:0828/091432.245:INFO:CONSOLE:250] "
%c ", source: https://static.xx.fbcdn.net/rsrc.php/v4/yy/r/dQsrTYjBDIZ.js (250)
[35388:19812:0828/091432.998:WARNING:components\download\internal\background_service\controller_impl.cc:1187] Background download complete, client: 6, completion type: 0, file size:5154
[35388:19812:0828/091433.543:WARNING:components\download\internal\background_service\controller_impl.cc:1187] Background download complete, client: 6, completion type: 0, file size:265059
[35388:19812:0828/091434.008:WARNING:components\download\internal\background_service\controller_impl.cc:1187] Background download complete, client: 6, completion type: 0, file size:883094
[35388:19812:0828/091434.417:WARNING:components\download\internal\background_service\controller_impl.cc:1187] Background download complete, client: 6, completion type: 0, file size:45147
[35388:19812:0828/091434.543:WARNING:components\download\internal\background_service\controller_impl.cc:1187] Background download complete, client: 6, completion type: 0, file size:2200227
[35388:19812:0828/091435.441:WARNING:components\download\internal\background_service\controller_impl.cc:1187] Background download complete, client: 6, completion type: 0, file size:2992963
[35388:19812:0828/091435.763:WARNING:components\download\internal\background_service\controller_impl.cc:1187] Background download complete, client: 6, completion type: 0, file size:4680
[35388:19812:0828/091435.845:WARNING:components\download\internal\background_service\controller_impl.cc:1187] Background download complete, client: 6, completion type: 0, file size:2747168
[35388:19812:0828/091436.413:WARNING:components\download\internal\background_service\controller_impl.cc:1187] Background download complete, client: 6, completion type: 0, file size:118577
[35388:19812:0828/091446.889:INFO:CONSOLE:250] "
%cStop! font-family:helvetica; font-size:20px; font-size:50px; font-weight:bold; color:red; -webkit-text-stroke:1px black;", source: https://static.xx.fbcdn.net/rsrc.php/v4/yy/r/dQsrTYjBDIZ.js (250)
[35388:19812:0828/091446.889:INFO:CONSOLE:250] "
%cThis is a browser feature intended for developers. If someone told you to copy-paste something here to enable a Facebook feature or "hack" someone's account, it is a scam and will give them access to your Facebook account. font-family:helvetica; font-size:20px; ", source: https://static.xx.fbcdn.net/rsrc.php/v4/yy/r/dQsrTYjBDIZ.js (250)
[35388:19812:0828/091446.889:INFO:CONSOLE:250] "
%cSee https://www.facebook.com/selfxss for more information. font-family:helvetica; font-size:20px; ", source: https://static.xx.fbcdn.net/rsrc.php/v4/yy/r/dQsrTYjBDIZ.js (250)
[35388:19812:0828/091446.890:INFO:CONSOLE:250] "
%c ", source: https://static.xx.fbcdn.net/rsrc.php/v4/yy/r/dQsrTYjBDIZ.js (250)
[35388:19812:0828/091507.009:INFO:CONSOLE:185] "Canvas2D: Multiple readback operations using getImageData are faster with the willReadFrequently attribute set to true. See: https://html.spec.whatwg.org/multipage/canvas.html#concept-canvas-will-read-frequently", source: https://static.xx.fbcdn.net/rsrc.php/v4iZaV4/yl/l/en_US-j/HtvKsQK9DGIqh8HcA6wv8mve7A2UFdia70CA-JskWUN3kS8C4xWBoCYKWrORId34t2lSv9PGg-bDIYSNo2t_SyZCo69HqJ04nj-g37goXL8vxK2qA5pToaQ4LH_chZ8eH5vBtdy9EYXtrWonwvCw4UyqFOVZqxDSZp6bhoP0jlUMbr2qBriz9u7KAbKvlCpQ3PdLHyPnJHbgqoCNiSEDCwqtGRjAZZ-_Yek3piveaLcEGnCkC7ZIpxkR7vkGLN3Luct2KQaI5Pxl4Dw2sFSsKZu_hOAzVXYoVtH3kDQD38X7LvPIFoPGQLDe_i64uAPGsXcG4xa-CQ.js (185)
[35388:19812:0828/091507.716:INFO:CONSOLE:250] "
%cStop! font-family:helvetica; font-size:20px; font-size:50px; font-weight:bold; color:red; -webkit-text-stroke:1px black;", source: https://static.xx.fbcdn.net/rsrc.php/v4/yy/r/dQsrTYjBDIZ.js (250)
[35388:19812:0828/091507.716:INFO:CONSOLE:250] "
%cThis is a browser feature intended for developers. If someone told you to copy-paste something here to enable a Facebook feature or "hack" someone's account, it is a scam and will give them access to your Facebook account. font-family:helvetica; font-size:20px; ", source: https://static.xx.fbcdn.net/rsrc.php/v4/yy/r/dQsrTYjBDIZ.js (250)
[35388:19812:0828/091507.716:INFO:CONSOLE:250] "
%cSee https://www.facebook.com/selfxss for more information. font-family:helvetica; font-size:20px; ", source: https://static.xx.fbcdn.net/rsrc.php/v4/yy/r/dQsrTYjBDIZ.js (250)
[35388:19812:0828/091507.716:INFO:CONSOLE:250] "
%c ", source: https://static.xx.fbcdn.net/rsrc.php/v4/yy/r/dQsrTYjBDIZ.js (250)
[35388:19812:0828/091511.401:INFO:CONSOLE:250] "
%cStop! font-family:helvetica; font-size:20px; font-size:50px; font-weight:bold; color:red; -webkit-text-stroke:1px black;", source: https://static.xx.fbcdn.net/rsrc.php/v4/yy/r/dQsrTYjBDIZ.js (250)
[35388:19812:0828/091511.401:INFO:CONSOLE:250] "
%cThis is a browser feature intended for developers. If someone told you to copy-paste something here to enable a Facebook feature or "hack" someone's account, it is a scam and will give them access to your Facebook account. font-family:helvetica; font-size:20px; ", source: https://static.xx.fbcdn.net/rsrc.php/v4/yy/r/dQsrTYjBDIZ.js (250)
[35388:19812:0828/091511.401:INFO:CONSOLE:250] "
%cSee https://www.facebook.com/selfxss for more information. font-family:helvetica; font-size:20px; ", source: https://static.xx.fbcdn.net/rsrc.php/v4/yy/r/dQsrTYjBDIZ.js (250)
[35388:19812:0828/091511.401:INFO:CONSOLE:250] "
%c ", source: https://static.xx.fbcdn.net/rsrc.php/v4/yy/r/dQsrTYjBDIZ.js (250)
[31120:24260:0828/091527.166:ERROR:mojo\public\cpp\bindings\lib\validation_errors.cc:106] Invalid message: VALIDATION_ERROR_UNEXPECTED_NULL_POINTER (null field 1)
[31120:24260:0828/091527.166:ERROR:mojo\public\cpp\bindings\lib\interface_endpoint_client.cc:725] Message 912613293 rejected by interface patch.mojom.FilePatcher
[25484:23284:0828/091535.691:ERROR:mojo\public\cpp\bindings\lib\validation_errors.cc:106] Invalid message: VALIDATION_ERROR_UNEXPECTED_NULL_POINTER (null field 1)
[25484:23284:0828/091535.692:ERROR:mojo\public\cpp\bindings\lib\interface_endpoint_client.cc:725] Message 912613293 rejected by interface patch.mojom.FilePatcher
[8540:27172:0828/091552.206:ERROR:mojo\public\cpp\bindings\lib\validation_errors.cc:106] Invalid message: VALIDATION_ERROR_UNEXPECTED_NULL_POINTER (null field 1)
[8540:27172:0828/091552.206:ERROR:mojo\public\cpp\bindings\lib\interface_endpoint_client.cc:725] Message 912613293 rejected by interface patch.mojom.FilePatcher
[14056:2540:0828/091600.587:ERROR:mojo\public\cpp\bindings\lib\validation_errors.cc:106] Invalid message: VALIDATION_ERROR_UNEXPECTED_NULL_POINTER (null field 1)
[14056:2540:0828/091600.587:ERROR:mojo\public\cpp\bindings\lib\interface_endpoint_client.cc:725] Message 912613293 rejected by interface patch.mojom.FilePatcher
[19452:16236:0828/091610.057:ERROR:mojo\public\cpp\bindings\lib\validation_errors.cc:106] Invalid message: VALIDATION_ERROR_UNEXPECTED_NULL_POINTER (null field 1)
[19452:16236:0828/091610.057:ERROR:mojo\public\cpp\bindings\lib\interface_endpoint_client.cc:725] Message 912613293 rejected by interface patch.mojom.FilePatcher
[1916:36804:0828/091626.699:ERROR:mojo\public\cpp\bindings\lib\validation_errors.cc:106] Invalid message: VALIDATION_ERROR_UNEXPECTED_NULL_POINTER (null field 1)
[1916:36804:0828/091626.699:ERROR:mojo\public\cpp\bindings\lib\interface_endpoint_client.cc:725] Message 912613293 rejected by interface patch.mojom.FilePatcher
[34316:35208:0828/091651.535:ERROR:mojo\public\cpp\bindings\lib\validation_errors.cc:106] Invalid message: VALIDATION_ERROR_UNEXPECTED_NULL_POINTER (null field 1)
[34316:35208:0828/091651.536:ERROR:mojo\public\cpp\bindings\lib\interface_endpoint_client.cc:725] Message 912613293 rejected by interface patch.mojom.FilePatcher
[10436:37188:0828/091724.889:ERROR:mojo\public\cpp\bindings\lib\validation_errors.cc:106] Invalid message: VALIDATION_ERROR_UNEXPECTED_NULL_POINTER (null field 1)
[10436:37188:0828/091724.890:ERROR:mojo\public\cpp\bindings\lib\interface_endpoint_client.cc:725] Message 912613293 rejected by interface patch.mojom.FilePatcher
[35388:19812:0828/091927.318:INFO:CONSOLE:250] "
%cStop! font-family:helvetica; font-size:20px; font-size:50px; font-weight:bold; color:red; -webkit-text-stroke:1px black;", source: https://static.xx.fbcdn.net/rsrc.php/v4/yy/r/dQsrTYjBDIZ.js (250)
[35388:19812:0828/091927.318:INFO:CONSOLE:250] "
%cThis is a browser feature intended for developers. If someone told you to copy-paste something here to enable a Facebook feature or "hack" someone's account, it is a scam and will give them access to your Facebook account. font-family:helvetica; font-size:20px; ", source: https://static.xx.fbcdn.net/rsrc.php/v4/yy/r/dQsrTYjBDIZ.js (250)
[35388:19812:0828/091927.318:INFO:CONSOLE:250] "
%cSee https://www.facebook.com/selfxss for more information. font-family:helvetica; font-size:20px; ", source: https://static.xx.fbcdn.net/rsrc.php/v4/yy/r/dQsrTYjBDIZ.js (250)
[35388:19812:0828/091927.318:INFO:CONSOLE:250] "
%c ", source: https://static.xx.fbcdn.net/rsrc.php/v4/yy/r/dQsrTYjBDIZ.js (250)
[35388:19812:0828/092040.186:INFO:CONSOLE:250] "
%cStop! font-family:helvetica; font-size:20px; font-size:50px; font-weight:bold; color:red; -webkit-text-stroke:1px black;", source: https://static.xx.fbcdn.net/rsrc.php/v4/yy/r/dQsrTYjBDIZ.js (250)
[35388:19812:0828/092040.186:INFO:CONSOLE:250] "
%cThis is a browser feature intended for developers. If someone told you to copy-paste something here to enable a Facebook feature or "hack" someone's account, it is a scam and will give them access to your Facebook account. font-family:helvetica; font-size:20px; ", source: https://static.xx.fbcdn.net/rsrc.php/v4/yy/r/dQsrTYjBDIZ.js (250)
[35388:19812:0828/092040.186:INFO:CONSOLE:250] "
%cSee https://www.facebook.com/selfxss for more information. font-family:helvetica; font-size:20px; ", source: https://static.xx.fbcdn.net/rsrc.php/v4/yy/r/dQsrTYjBDIZ.js (250)
[35388:19812:0828/092040.186:INFO:CONSOLE:250] "
%c ", source: https://static.xx.fbcdn.net/rsrc.php/v4/yy/r/dQsrTYjBDIZ.js (250)
[35388:19812:0828/092153.304:INFO:CONSOLE:250] "
%cStop! font-family:helvetica; font-size:20px; font-size:50px; font-weight:bold; color:red; -webkit-text-stroke:1px black;", source: https://static.xx.fbcdn.net/rsrc.php/v4/yy/r/dQsrTYjBDIZ.js (250)
[35388:19812:0828/092153.305:INFO:CONSOLE:250] "
%cThis is a browser feature intended for developers. If someone told you to copy-paste something here to enable a Facebook feature or "hack" someone's account, it is a scam and will give them access to your Facebook account. font-family:helvetica; font-size:20px; ", source: https://static.xx.fbcdn.net/rsrc.php/v4/yy/r/dQsrTYjBDIZ.js (250)
[35388:19812:0828/092153.305:INFO:CONSOLE:250] "
%cSee https://www.facebook.com/selfxss for more information. font-family:helvetica; font-size:20px; ", source: https://static.xx.fbcdn.net/rsrc.php/v4/yy/r/dQsrTYjBDIZ.js (250)
[35388:19812:0828/092153.305:INFO:CONSOLE:250] "
%c ", source: https://static.xx.fbcdn.net/rsrc.php/v4/yy/r/dQsrTYjBDIZ.js (250)
[35388:19812:0828/092305.924:INFO:CONSOLE:250] "
%cStop! font-family:helvetica; font-size:20px; font-size:50px; font-weight:bold; color:red; -webkit-text-stroke:1px black;", source: https://static.xx.fbcdn.net/rsrc.php/v4/yy/r/dQsrTYjBDIZ.js (250)
[35388:19812:0828/092305.924:INFO:CONSOLE:250] "
%cThis is a browser feature intended for developers. If someone told you to copy-paste something here to enable a Facebook feature or "hack" someone's account, it is a scam and will give them access to your Facebook account. font-family:helvetica; font-size:20px; ", source: https://static.xx.fbcdn.net/rsrc.php/v4/yy/r/dQsrTYjBDIZ.js (250)
[35388:19812:0828/092305.924:INFO:CONSOLE:250] "
%cSee https://www.facebook.com/selfxss for more information. font-family:helvetica; font-size:20px; ", source: https://static.xx.fbcdn.net/rsrc.php/v4/yy/r/dQsrTYjBDIZ.js (250)
[35388:19812:0828/092305.924:INFO:CONSOLE:250] "
%c ", source: https://static.xx.fbcdn.net/rsrc.php/v4/yy/r/dQsrTYjBDIZ.js (250)
[35388:19812:0828/092420.446:INFO:CONSOLE:250] "
%cStop! font-family:helvetica; font-size:20px; font-size:50px; font-weight:bold; color:red; -webkit-text-stroke:1px black;", source: https://static.xx.fbcdn.net/rsrc.php/v4/yy/r/dQsrTYjBDIZ.js (250)
[35388:19812:0828/092420.446:INFO:CONSOLE:250] "
%cThis is a browser feature intended for developers. If someone told you to copy-paste something here to enable a Facebook feature or "hack" someone's account, it is a scam and will give them access to your Facebook account. font-family:helvetica; font-size:20px; ", source: https://static.xx.fbcdn.net/rsrc.php/v4/yy/r/dQsrTYjBDIZ.js (250)
[35388:19812:0828/092420.446:INFO:CONSOLE:250] "
%cSee https://www.facebook.com/selfxss for more information. font-family:helvetica; font-size:20px; ", source: https://static.xx.fbcdn.net/rsrc.php/v4/yy/r/dQsrTYjBDIZ.js (250)
[35388:19812:0828/092420.446:INFO:CONSOLE:250] "
%c ", source: https://static.xx.fbcdn.net/rsrc.php/v4/yy/r/dQsrTYjBDIZ.js (250)
[35388:19812:0828/092533.580:INFO:CONSOLE:250] "
%cStop! font-family:helvetica; font-size:20px; font-size:50px; font-weight:bold; color:red; -webkit-text-stroke:1px black;", source: https://static.xx.fbcdn.net/rsrc.php/v4/yy/r/dQsrTYjBDIZ.js (250)
[35388:19812:0828/092533.580:INFO:CONSOLE:250] "
%cThis is a browser feature intended for developers. If someone told you to copy-paste something here to enable a Facebook feature or "hack" someone's account, it is a scam and will give them access to your Facebook account. font-family:helvetica; font-size:20px; ", source: https://static.xx.fbcdn.net/rsrc.php/v4/yy/r/dQsrTYjBDIZ.js (250)
[35388:19812:0828/092533.580:INFO:CONSOLE:250] "
%cSee https://www.facebook.com/selfxss for more information. font-family:helvetica; font-size:20px; ", source: https://static.xx.fbcdn.net/rsrc.php/v4/yy/r/dQsrTYjBDIZ.js (250)
[35388:19812:0828/092533.580:INFO:CONSOLE:250] "
%c ", source: https://static.xx.fbcdn.net/rsrc.php/v4/yy/r/dQsrTYjBDIZ.js (250)
[35388:19812:0828/092543.019:INFO:CONSOLE:185] "Canvas2D: Multiple readback operations using getImageData are faster with the willReadFrequently attribute set to true. See: https://html.spec.whatwg.org/multipage/canvas.html#concept-canvas-will-read-frequently", source: https://static.xx.fbcdn.net/rsrc.php/v4iZaV4/yl/l/en_US-j/HtvKsQK9DGIqh8HcA6wv8mve7A2UFdia70CA-JskWUN3kS8C4xWBoCYKWrORId34t2lSv9PGg-bDIYSNo2t_SyZCo69HqJ04nj-g37goXL8vxK2qA5pToaQ4LH_chZ8eH5vBtdy9EYXtrWonwvCw4UyqFOVZqxDSZp6bhoP0jlUMbr2qBriz9u7KAbKvlCpQ3PdLHyPnJHbgqoCNiSEDCwqtGRjAZZ-_Yek3piveaLcEGnCkC7ZIpxkR7vkGLN3Luct2KQaI5Pxl4Dw2sFSsKZu_hOAzVXYoVtH3kDQD38X7LvPIFoPGQLDe_i64uAPGsXcG4xa-CQ.js (185)
[35388:19812:0828/092543.464:INFO:CONSOLE:250] "
%cStop! font-family:helvetica; font-size:20px; font-size:50px; font-weight:bold; color:red; -webkit-text-stroke:1px black;", source: https://static.xx.fbcdn.net/rsrc.php/v4/yy/r/dQsrTYjBDIZ.js (250)
[35388:19812:0828/092543.464:INFO:CONSOLE:250] "
%cThis is a browser feature intended for developers. If someone told you to copy-paste something here to enable a Facebook feature or "hack" someone's account, it is a scam and will give them access to your Facebook account. font-family:helvetica; font-size:20px; ", source: https://static.xx.fbcdn.net/rsrc.php/v4/yy/r/dQsrTYjBDIZ.js (250)
[35388:19812:0828/092543.464:INFO:CONSOLE:250] "
%cSee https://www.facebook.com/selfxss for more information. font-family:helvetica; font-size:20px; ", source: https://static.xx.fbcdn.net/rsrc.php/v4/yy/r/dQsrTYjBDIZ.js (250)
[35388:19812:0828/092543.464:INFO:CONSOLE:250] "
%c ", source: https://static.xx.fbcdn.net/rsrc.php/v4/yy/r/dQsrTYjBDIZ.js (250)
[35388:19812:0828/092558.801:INFO:CONSOLE:185] "Canvas2D: Multiple readback operations using getImageData are faster with the willReadFrequently attribute set to true. See: https://html.spec.whatwg.org/multipage/canvas.html#concept-canvas-will-read-frequently", source: https://static.xx.fbcdn.net/rsrc.php/v4iZaV4/yl/l/en_US-j/HtvKsQK9DGIqh8HcA6wv8mve7A2UFdia70CA-JskWUN3kS8C4xWBoCYKWrORId34t2lSv9PGg-bDIYSNo2t_SyZCo69HqJ04nj-g37goXL8vxK2qA5pToaQ4LH_chZ8eH5vBtdy9EYXtrWonwvCw4UyqFOVZqxDSZp6bhoP0jlUMbr2qBriz9u7KAbKvlCpQ3PdLHyPnJHbgqoCNiSEDCwqtGRjAZZ-_Yek3piveaLcEGnCkC7ZIpxkR7vkGLN3Luct2KQaI5Pxl4Dw2sFSsKZu_hOAzVXYoVtH3kDQD38X7LvPIFoPGQLDe_i64uAPGsXcG4xa-CQ.js (185)
[35388:19812:0828/092559.671:INFO:CONSOLE:185] "Canvas2D: Multiple readback operations using getImageData are faster with the willReadFrequently attribute set to true. See: https://html.spec.whatwg.org/multipage/canvas.html#concept-canvas-will-read-frequently", source: https://static.xx.fbcdn.net/rsrc.php/v4iZaV4/yl/l/en_US-j/HtvKsQK9DGIqh8HcA6wv8mve7A2UFdia70CA-JskWUN3kS8C4xWBoCYKWrORId34t2lSv9PGg-bDIYSNo2t_SyZCo69HqJ04nj-g37goXL8vxK2qA5pToaQ4LH_chZ8eH5vBtdy9EYXtrWonwvCw4UyqFOVZqxDSZp6bhoP0jlUMbr2qBriz9u7KAbKvlCpQ3PdLHyPnJHbgqoCNiSEDCwqtGRjAZZ-_Yek3piveaLcEGnCkC7ZIpxkR7vkGLN3Luct2KQaI5Pxl4Dw2sFSsKZu_hOAzVXYoVtH3kDQD38X7LvPIFoPGQLDe_i64uAPGsXcG4xa-CQ.js (185)
[35388:19812:0828/092600.571:INFO:CONSOLE:185] "Canvas2D: Multiple readback operations using getImageData are faster with the willReadFrequently attribute set to true. See: https://html.spec.whatwg.org/multipage/canvas.html#concept-canvas-will-read-frequently", source: https://static.xx.fbcdn.net/rsrc.php/v4iZaV4/yl/l/en_US-j/HtvKsQK9DGIqh8HcA6wv8mve7A2UFdia70CA-JskWUN3kS8C4xWBoCYKWrORId34t2lSv9PGg-bDIYSNo2t_SyZCo69HqJ04nj-g37goXL8vxK2qA5pToaQ4LH_chZ8eH5vBtdy9EYXtrWonwvCw4UyqFOVZqxDSZp6bhoP0jlUMbr2qBriz9u7KAbKvlCpQ3PdLHyPnJHbgqoCNiSEDCwqtGRjAZZ-_Yek3piveaLcEGnCkC7ZIpxkR7vkGLN3Luct2KQaI5Pxl4Dw2sFSsKZu_hOAzVXYoVtH3kDQD38X7LvPIFoPGQLDe_i64uAPGsXcG4xa-CQ.js (185)
[35388:19812:0828/092601.185:INFO:CONSOLE:185] "Canvas2D: Multiple readback operations using getImageData are faster with the willReadFrequently attribute set to true. See: https://html.spec.whatwg.org/multipage/canvas.html#concept-canvas-will-read-frequently", source: https://static.xx.fbcdn.net/rsrc.php/v4iZaV4/yl/l/en_US-j/HtvKsQK9DGIqh8HcA6wv8mve7A2UFdia70CA-JskWUN3kS8C4xWBoCYKWrORId34t2lSv9PGg-bDIYSNo2t_SyZCo69HqJ04nj-g37goXL8vxK2qA5pToaQ4LH_chZ8eH5vBtdy9EYXtrWonwvCw4UyqFOVZqxDSZp6bhoP0jlUMbr2qBriz9u7KAbKvlCpQ3PdLHyPnJHbgqoCNiSEDCwqtGRjAZZ-_Yek3piveaLcEGnCkC7ZIpxkR7vkGLN3Luct2KQaI5Pxl4Dw2sFSsKZu_hOAzVXYoVtH3kDQD38X7LvPIFoPGQLDe_i64uAPGsXcG4xa-CQ.js (185)
[35388:19812:0828/092601.524:INFO:CONSOLE:185] "Canvas2D: Multiple readback operations using getImageData are faster with the willReadFrequently attribute set to true. See: https://html.spec.whatwg.org/multipage/canvas.html#concept-canvas-will-read-frequently", source: https://static.xx.fbcdn.net/rsrc.php/v4iZaV4/yl/l/en_US-j/HtvKsQK9DGIqh8HcA6wv8mve7A2UFdia70CA-JskWUN3kS8C4xWBoCYKWrORId34t2lSv9PGg-bDIYSNo2t_SyZCo69HqJ04nj-g37goXL8vxK2qA5pToaQ4LH_chZ8eH5vBtdy9EYXtrWonwvCw4UyqFOVZqxDSZp6bhoP0jlUMbr2qBriz9u7KAbKvlCpQ3PdLHyPnJHbgqoCNiSEDCwqtGRjAZZ-_Yek3piveaLcEGnCkC7ZIpxkR7vkGLN3Luct2KQaI5Pxl4Dw2sFSsKZu_hOAzVXYoVtH3kDQD38X7LvPIFoPGQLDe_i64uAPGsXcG4xa-CQ.js (185)
[35388:19812:0828/092602.516:INFO:CONSOLE:185] "Canvas2D: Multiple readback operations using getImageData are faster with the willReadFrequently attribute set to true. See: https://html.spec.whatwg.org/multipage/canvas.html#concept-canvas-will-read-frequently", source: https://static.xx.fbcdn.net/rsrc.php/v4iZaV4/yl/l/en_US-j/HtvKsQK9DGIqh8HcA6wv8mve7A2UFdia70CA-JskWUN3kS8C4xWBoCYKWrORId34t2lSv9PGg-bDIYSNo2t_SyZCo69HqJ04nj-g37goXL8vxK2qA5pToaQ4LH_chZ8eH5vBtdy9EYXtrWonwvCw4UyqFOVZqxDSZp6bhoP0jlUMbr2qBriz9u7KAbKvlCpQ3PdLHyPnJHbgqoCNiSEDCwqtGRjAZZ-_Yek3piveaLcEGnCkC7ZIpxkR7vkGLN3Luct2KQaI5Pxl4Dw2sFSsKZu_hOAzVXYoVtH3kDQD38X7LvPIFoPGQLDe_i64uAPGsXcG4xa-CQ.js (185)
[35388:19812:0828/092821.013:INFO:CONSOLE:138] "Canvas2D: Multiple readback operations using getImageData are faster with the willReadFrequently attribute set to true. See: https://html.spec.whatwg.org/multipage/canvas.html#concept-canvas-will-read-frequently", source: https://static.xx.fbcdn.net/rsrc.php/v4i0cD4/y2/l/en_US-j/ve7A2UFdia70CA-JskWUN3kS8C4xWBoCYKWrORId34t2lSv9PGg-bDIYSNo2t_SyZCo69HqJ04nj-g37goXL8vxK2qA5pToaQ4LH_chZ8eH5vBtdy9EYXtrWonwvCw4UyqFOVZqxDSZp6bhoP0jlUMbr2qBriz9u7KAbKvlCpQ3PdLHyPnJHbgqoCNiSEDCwqtGRjAZZ-_Yek3piveaLcEGnCkC7ZIpxkR7vkGLN3Luct2KQaI5Pxl4Dw2sFSsKZu_hOAzVXYoVtH3kDQD3RY4shyWcsNaQFDD85Xj7dw8X7LvPIFoPGQLDe_i64uAPGsXcG4xa-CQ.js (138)
[35388:19812:0828/092821.239:INFO:CONSOLE:250] "
%cStop! font-family:helvetica; font-size:20px; font-size:50px; font-weight:bold; color:red; -webkit-text-stroke:1px black;", source: https://static.xx.fbcdn.net/rsrc.php/v4/yy/r/dQsrTYjBDIZ.js (250)
[35388:19812:0828/092821.239:INFO:CONSOLE:250] "
%cThis is a browser feature intended for developers. If someone told you to copy-paste something here to enable a Facebook feature or "hack" someone's account, it is a scam and will give them access to your Facebook account. font-family:helvetica; font-size:20px; ", source: https://static.xx.fbcdn.net/rsrc.php/v4/yy/r/dQsrTYjBDIZ.js (250)
[35388:19812:0828/092821.239:INFO:CONSOLE:250] "
%cSee https://www.facebook.com/selfxss for more information. font-family:helvetica; font-size:20px; ", source: https://static.xx.fbcdn.net/rsrc.php/v4/yy/r/dQsrTYjBDIZ.js (250)
[35388:19812:0828/092821.239:INFO:CONSOLE:250] "
%c ", source: https://static.xx.fbcdn.net/rsrc.php/v4/yy/r/dQsrTYjBDIZ.js (250)
[35388:19812:0828/092828.636:INFO:CONSOLE:138] "Canvas2D: Multiple readback operations using getImageData are faster with the willReadFrequently attribute set to true. See: https://html.spec.whatwg.org/multipage/canvas.html#concept-canvas-will-read-frequently", source: https://static.xx.fbcdn.net/rsrc.php/v4i0cD4/y2/l/en_US-j/ve7A2UFdia70CA-JskWUN3kS8C4xWBoCYKWrORId34t2lSv9PGg-bDIYSNo2t_SyZCo69HqJ04nj-g37goXL8vxK2qA5pToaQ4LH_chZ8eH5vBtdy9EYXtrWonwvCw4UyqFOVZqxDSZp6bhoP0jlUMbr2qBriz9u7KAbKvlCpQ3PdLHyPnJHbgqoCNiSEDCwqtGRjAZZ-_Yek3piveaLcEGnCkC7ZIpxkR7vkGLN3Luct2KQaI5Pxl4Dw2sFSsKZu_hOAzVXYoVtH3kDQD3RY4shyWcsNaQFDD85Xj7dw8X7LvPIFoPGQLDe_i64uAPGsXcG4xa-CQ.js (138)
[35388:19812:0828/092831.061:INFO:CONSOLE:138] "Canvas2D: Multiple readback operations using getImageData are faster with the willReadFrequently attribute set to true. See: https://html.spec.whatwg.org/multipage/canvas.html#concept-canvas-will-read-frequently", source: https://static.xx.fbcdn.net/rsrc.php/v4i0cD4/y2/l/en_US-j/ve7A2UFdia70CA-JskWUN3kS8C4xWBoCYKWrORId34t2lSv9PGg-bDIYSNo2t_SyZCo69HqJ04nj-g37goXL8vxK2qA5pToaQ4LH_chZ8eH5vBtdy9EYXtrWonwvCw4UyqFOVZqxDSZp6bhoP0jlUMbr2qBriz9u7KAbKvlCpQ3PdLHyPnJHbgqoCNiSEDCwqtGRjAZZ-_Yek3piveaLcEGnCkC7ZIpxkR7vkGLN3Luct2KQaI5Pxl4Dw2sFSsKZu_hOAzVXYoVtH3kDQD3RY4shyWcsNaQFDD85Xj7dw8X7LvPIFoPGQLDe_i64uAPGsXcG4xa-CQ.js (138)
[35388:19812:0828/092838.367:INFO:CONSOLE:138] "Canvas2D: Multiple readback operations using getImageData are faster with the willReadFrequently attribute set to true. See: https://html.spec.whatwg.org/multipage/canvas.html#concept-canvas-will-read-frequently", source: https://static.xx.fbcdn.net/rsrc.php/v4i0cD4/y2/l/en_US-j/ve7A2UFdia70CA-JskWUN3kS8C4xWBoCYKWrORId34t2lSv9PGg-bDIYSNo2t_SyZCo69HqJ04nj-g37goXL8vxK2qA5pToaQ4LH_chZ8eH5vBtdy9EYXtrWonwvCw4UyqFOVZqxDSZp6bhoP0jlUMbr2qBriz9u7KAbKvlCpQ3PdLHyPnJHbgqoCNiSEDCwqtGRjAZZ-_Yek3piveaLcEGnCkC7ZIpxkR7vkGLN3Luct2KQaI5Pxl4Dw2sFSsKZu_hOAzVXYoVtH3kDQD3RY4shyWcsNaQFDD85Xj7dw8X7LvPIFoPGQLDe_i64uAPGsXcG4xa-CQ.js (138)
[35388:19812:0828/092838.668:INFO:CONSOLE:138] "Canvas2D: Multiple readback operations using getImageData are faster with the willReadFrequently attribute set to true. See: https://html.spec.whatwg.org/multipage/canvas.html#concept-canvas-will-read-frequently", source: https://static.xx.fbcdn.net/rsrc.php/v4i0cD4/y2/l/en_US-j/ve7A2UFdia70CA-JskWUN3kS8C4xWBoCYKWrORId34t2lSv9PGg-bDIYSNo2t_SyZCo69HqJ04nj-g37goXL8vxK2qA5pToaQ4LH_chZ8eH5vBtdy9EYXtrWonwvCw4UyqFOVZqxDSZp6bhoP0jlUMbr2qBriz9u7KAbKvlCpQ3PdLHyPnJHbgqoCNiSEDCwqtGRjAZZ-_Yek3piveaLcEGnCkC7ZIpxkR7vkGLN3Luct2KQaI5Pxl4Dw2sFSsKZu_hOAzVXYoVtH3kDQD3RY4shyWcsNaQFDD85Xj7dw8X7LvPIFoPGQLDe_i64uAPGsXcG4xa-CQ.js (138)
[35388:19812:0828/093039.606:INFO:CONSOLE:250] "
%cStop! font-family:helvetica; font-size:20px; font-size:50px; font-weight:bold; color:red; -webkit-text-stroke:1px black;", source: https://static.xx.fbcdn.net/rsrc.php/v4/yy/r/dQsrTYjBDIZ.js (250)
[35388:19812:0828/093039.606:INFO:CONSOLE:250] "
%cThis is a browser feature intended for developers. If someone told you to copy-paste something here to enable a Facebook feature or "hack" someone's account, it is a scam and will give them access to your Facebook account. font-family:helvetica; font-size:20px; ", source: https://static.xx.fbcdn.net/rsrc.php/v4/yy/r/dQsrTYjBDIZ.js (250)
[35388:19812:0828/093039.606:INFO:CONSOLE:250] "
%cSee https://www.facebook.com/selfxss for more information. font-family:helvetica; font-size:20px; ", source: https://static.xx.fbcdn.net/rsrc.php/v4/yy/r/dQsrTYjBDIZ.js (250)
[35388:19812:0828/093039.606:INFO:CONSOLE:250] "
%c ", source: https://static.xx.fbcdn.net/rsrc.php/v4/yy/r/dQsrTYjBDIZ.js (250)
[35388:19812:0828/093048.827:INFO:CONSOLE:9] "Canvas2D: Multiple readback operations using getImageData are faster with the willReadFrequently attribute set to true. See: https://html.spec.whatwg.org/multipage/canvas.html#concept-canvas-will-read-frequently", source: https://static.xx.fbcdn.net/rsrc.php/v4ik9_4/yV/l/en_US-j/lSv9PGg-bDI.js (9)
[35388:19812:0828/093049.053:INFO:CONSOLE:9] "Canvas2D: Multiple readback operations using getImageData are faster with the willReadFrequently attribute set to true. See: https://html.spec.whatwg.org/multipage/canvas.html#concept-canvas-will-read-frequently", source: https://static.xx.fbcdn.net/rsrc.php/v4ik9_4/yV/l/en_US-j/lSv9PGg-bDI.js (9)
[35388:19812:0828/093049.845:INFO:CONSOLE:9] "Canvas2D: Multiple readback operations using getImageData are faster with the willReadFrequently attribute set to true. See: https://html.spec.whatwg.org/multipage/canvas.html#concept-canvas-will-read-frequently", source: https://static.xx.fbcdn.net/rsrc.php/v4ik9_4/yV/l/en_US-j/lSv9PGg-bDI.js (9)
[35388:19812:0828/093050.439:INFO:CONSOLE:9] "Canvas2D: Multiple readback operations using getImageData are faster with the willReadFrequently attribute set to true. See: https://html.spec.whatwg.org/multipage/canvas.html#concept-canvas-will-read-frequently", source: https://static.xx.fbcdn.net/rsrc.php/v4ik9_4/yV/l/en_US-j/lSv9PGg-bDI.js (9)
[35388:19812:0828/093050.668:INFO:CONSOLE:9] "Canvas2D: Multiple readback operations using getImageData are faster with the willReadFrequently attribute set to true. See: https://html.spec.whatwg.org/multipage/canvas.html#concept-canvas-will-read-frequently", source: https://static.xx.fbcdn.net/rsrc.php/v4ik9_4/yV/l/en_US-j/lSv9PGg-bDI.js (9)
[35388:19812:0828/093050.839:INFO:CONSOLE:9] "Canvas2D: Multiple readback operations using getImageData are faster with the willReadFrequently attribute set to true. See: https://html.spec.whatwg.org/multipage/canvas.html#concept-canvas-will-read-frequently", source: https://static.xx.fbcdn.net/rsrc.php/v4ik9_4/yV/l/en_US-j/lSv9PGg-bDI.js (9)
[35388:19812:0828/093051.601:INFO:CONSOLE:9] "Canvas2D: Multiple readback operations using getImageData are faster with the willReadFrequently attribute set to true. See: https://html.spec.whatwg.org/multipage/canvas.html#concept-canvas-will-read-frequently", source: https://static.xx.fbcdn.net/rsrc.php/v4ik9_4/yV/l/en_US-j/lSv9PGg-bDI.js (9)
[35388:19812:0828/093051.731:INFO:CONSOLE:9] "Canvas2D: Multiple readback operations using getImageData are faster with the willReadFrequently attribute set to true. See: https://html.spec.whatwg.org/multipage/canvas.html#concept-canvas-will-read-frequently", source: https://static.xx.fbcdn.net/rsrc.php/v4ik9_4/yV/l/en_US-j/lSv9PGg-bDI.js (9)
[35388:19812:0828/093051.782:INFO:CONSOLE:9] "Canvas2D: Multiple readback operations using getImageData are faster with the willReadFrequently attribute set to true. See: https://html.spec.whatwg.org/multipage/canvas.html#concept-canvas-will-read-frequently", source: https://static.xx.fbcdn.net/rsrc.php/v4ik9_4/yV/l/en_US-j/lSv9PGg-bDI.js (9)
[35388:19812:0828/093144.353:INFO:CONSOLE:250] "
%cStop! font-family:helvetica; font-size:20px; font-size:50px; font-weight:bold; color:red; -webkit-text-stroke:1px black;", source: https://static.xx.fbcdn.net/rsrc.php/v4/yy/r/dQsrTYjBDIZ.js (250)
[35388:19812:0828/093144.355:INFO:CONSOLE:250] "
%cThis is a browser feature intended for developers. If someone told you to copy-paste something here to enable a Facebook feature or "hack" someone's account, it is a scam and will give them access to your Facebook account. font-family:helvetica; font-size:20px; ", source: https://static.xx.fbcdn.net/rsrc.php/v4/yy/r/dQsrTYjBDIZ.js (250)
[35388:19812:0828/093144.355:INFO:CONSOLE:250] "
%cSee https://www.facebook.com/selfxss for more information. font-family:helvetica; font-size:20px; ", source: https://static.xx.fbcdn.net/rsrc.php/v4/yy/r/dQsrTYjBDIZ.js (250)
[35388:19812:0828/093144.355:INFO:CONSOLE:250] "
%c ", source: https://static.xx.fbcdn.net/rsrc.php/v4/yy/r/dQsrTYjBDIZ.js (250)
[35388:19812:0828/093154.157:INFO:CONSOLE:250] "
%cStop! font-family:helvetica; font-size:20px; font-size:50px; font-weight:bold; color:red; -webkit-text-stroke:1px black;", source: https://static.xx.fbcdn.net/rsrc.php/v4/yy/r/dQsrTYjBDIZ.js (250)
[35388:19812:0828/093154.157:INFO:CONSOLE:250] "
%cThis is a browser feature intended for developers. If someone told you to copy-paste something here to enable a Facebook feature or "hack" someone's account, it is a scam and will give them access to your Facebook account. font-family:helvetica; font-size:20px; ", source: https://static.xx.fbcdn.net/rsrc.php/v4/yy/r/dQsrTYjBDIZ.js (250)
[35388:19812:0828/093154.157:INFO:CONSOLE:250] "
%cSee https://www.facebook.com/selfxss for more information. font-family:helvetica; font-size:20px; ", source: https://static.xx.fbcdn.net/rsrc.php/v4/yy/r/dQsrTYjBDIZ.js (250)
[35388:19812:0828/093154.157:INFO:CONSOLE:250] "
%c ", source: https://static.xx.fbcdn.net/rsrc.php/v4/yy/r/dQsrTYjBDIZ.js (250)
[35388:19812:0828/093159.800:INFO:CONSOLE:185] "Canvas2D: Multiple readback operations using getImageData are faster with the willReadFrequently attribute set to true. See: https://html.spec.whatwg.org/multipage/canvas.html#concept-canvas-will-read-frequently", source: https://static.xx.fbcdn.net/rsrc.php/v4iZaV4/yl/l/en_US-j/HtvKsQK9DGIqh8HcA6wv8mve7A2UFdia70CA-JskWUN3kS8C4xWBoCYKWrORId34t2lSv9PGg-bDIYSNo2t_SyZCo69HqJ04nj-g37goXL8vxK2qA5pToaQ4LH_chZ8eH5vBtdy9EYXtrWonwvCw4UyqFOVZqxDSZp6bhoP0jlUMbr2qBriz9u7KAbKvlCpQ3PdLHyPnJHbgqoCNiSEDCwqtGRjAZZ-_Yek3piveaLcEGnCkC7ZIpxkR7vkGLN3Luct2KQaI5Pxl4Dw2sFSsKZu_hOAzVXYoVtH3kDQD38X7LvPIFoPGQLDe_i64uAPGsXcG4xa-CQ.js (185)
[35388:19812:0828/093200.850:INFO:CONSOLE:250] "
%cStop! font-family:helvetica; font-size:20px; font-size:50px; font-weight:bold; color:red; -webkit-text-stroke:1px black;", source: https://static.xx.fbcdn.net/rsrc.php/v4/yy/r/dQsrTYjBDIZ.js (250)
[35388:19812:0828/093200.850:INFO:CONSOLE:250] "
%cThis is a browser feature intended for developers. If someone told you to copy-paste something here to enable a Facebook feature or "hack" someone's account, it is a scam and will give them access to your Facebook account. font-family:helvetica; font-size:20px; ", source: https://static.xx.fbcdn.net/rsrc.php/v4/yy/r/dQsrTYjBDIZ.js (250)
[35388:19812:0828/093200.850:INFO:CONSOLE:250] "
%cSee https://www.facebook.com/selfxss for more information. font-family:helvetica; font-size:20px; ", source: https://static.xx.fbcdn.net/rsrc.php/v4/yy/r/dQsrTYjBDIZ.js (250)
[35388:19812:0828/093200.850:INFO:CONSOLE:250] "
%c ", source: https://static.xx.fbcdn.net/rsrc.php/v4/yy/r/dQsrTYjBDIZ.js (250)
[35388:19812:0828/093210.515:INFO:CONSOLE:185] "Canvas2D: Multiple readback operations using getImageData are faster with the willReadFrequently attribute set to true. See: https://html.spec.whatwg.org/multipage/canvas.html#concept-canvas-will-read-frequently", source: https://static.xx.fbcdn.net/rsrc.php/v4iZaV4/yl/l/en_US-j/HtvKsQK9DGIqh8HcA6wv8mve7A2UFdia70CA-JskWUN3kS8C4xWBoCYKWrORId34t2lSv9PGg-bDIYSNo2t_SyZCo69HqJ04nj-g37goXL8vxK2qA5pToaQ4LH_chZ8eH5vBtdy9EYXtrWonwvCw4UyqFOVZqxDSZp6bhoP0jlUMbr2qBriz9u7KAbKvlCpQ3PdLHyPnJHbgqoCNiSEDCwqtGRjAZZ-_Yek3piveaLcEGnCkC7ZIpxkR7vkGLN3Luct2KQaI5Pxl4Dw2sFSsKZu_hOAzVXYoVtH3kDQD38X7LvPIFoPGQLDe_i64uAPGsXcG4xa-CQ.js (185)
[35388:19812:0828/093212.016:INFO:CONSOLE:185] "Canvas2D: Multiple readback operations using getImageData are faster with the willReadFrequently attribute set to true. See: https://html.spec.whatwg.org/multipage/canvas.html#concept-canvas-will-read-frequently", source: https://static.xx.fbcdn.net/rsrc.php/v4iZaV4/yl/l/en_US-j/HtvKsQK9DGIqh8HcA6wv8mve7A2UFdia70CA-JskWUN3kS8C4xWBoCYKWrORId34t2lSv9PGg-bDIYSNo2t_SyZCo69HqJ04nj-g37goXL8vxK2qA5pToaQ4LH_chZ8eH5vBtdy9EYXtrWonwvCw4UyqFOVZqxDSZp6bhoP0jlUMbr2qBriz9u7KAbKvlCpQ3PdLHyPnJHbgqoCNiSEDCwqtGRjAZZ-_Yek3piveaLcEGnCkC7ZIpxkR7vkGLN3Luct2KQaI5Pxl4Dw2sFSsKZu_hOAzVXYoVtH3kDQD38X7LvPIFoPGQLDe_i64uAPGsXcG4xa-CQ.js (185)
[35388:19812:0828/093213.042:INFO:CONSOLE:185] "Canvas2D: Multiple readback operations using getImageData are faster with the willReadFrequently attribute set to true. See: https://html.spec.whatwg.org/multipage/canvas.html#concept-canvas-will-read-frequently", source: https://static.xx.fbcdn.net/rsrc.php/v4iZaV4/yl/l/en_US-j/HtvKsQK9DGIqh8HcA6wv8mve7A2UFdia70CA-JskWUN3kS8C4xWBoCYKWrORId34t2lSv9PGg-bDIYSNo2t_SyZCo69HqJ04nj-g37goXL8vxK2qA5pToaQ4LH_chZ8eH5vBtdy9EYXtrWonwvCw4UyqFOVZqxDSZp6bhoP0jlUMbr2qBriz9u7KAbKvlCpQ3PdLHyPnJHbgqoCNiSEDCwqtGRjAZZ-_Yek3piveaLcEGnCkC7ZIpxkR7vkGLN3Luct2KQaI5Pxl4Dw2sFSsKZu_hOAzVXYoVtH3kDQD38X7LvPIFoPGQLDe_i64uAPGsXcG4xa-CQ.js (185)
[35388:19812:0828/093354.200:INFO:CONSOLE:185] "Canvas2D: Multiple readback operations using getImageData are faster with the willReadFrequently attribute set to true. See: https://html.spec.whatwg.org/multipage/canvas.html#concept-canvas-will-read-frequently", source: https://static.xx.fbcdn.net/rsrc.php/v4iZaV4/yl/l/en_US-j/HtvKsQK9DGIqh8HcA6wv8mve7A2UFdia70CA-JskWUN3kS8C4xWBoCYKWrORId34t2lSv9PGg-bDIYSNo2t_SyZCo69HqJ04nj-g37goXL8vxK2qA5pToaQ4LH_chZ8eH5vBtdy9EYXtrWonwvCw4UyqFOVZqxDSZp6bhoP0jlUMbr2qBriz9u7KAbKvlCpQ3PdLHyPnJHbgqoCNiSEDCwqtGRjAZZ-_Yek3piveaLcEGnCkC7ZIpxkR7vkGLN3Luct2KQaI5Pxl4Dw2sFSsKZu_hOAzVXYoVtH3kDQD38X7LvPIFoPGQLDe_i64uAPGsXcG4xa-CQ.js (185)
[35388:19812:0828/093354.224:INFO:CONSOLE:185] "Canvas2D: Multiple readback operations using getImageData are faster with the willReadFrequently attribute set to true. See: https://html.spec.whatwg.org/multipage/canvas.html#concept-canvas-will-read-frequently", source: https://static.xx.fbcdn.net/rsrc.php/v4iZaV4/yl/l/en_US-j/HtvKsQK9DGIqh8HcA6wv8mve7A2UFdia70CA-JskWUN3kS8C4xWBoCYKWrORId34t2lSv9PGg-bDIYSNo2t_SyZCo69HqJ04nj-g37goXL8vxK2qA5pToaQ4LH_chZ8eH5vBtdy9EYXtrWonwvCw4UyqFOVZqxDSZp6bhoP0jlUMbr2qBriz9u7KAbKvlCpQ3PdLHyPnJHbgqoCNiSEDCwqtGRjAZZ-_Yek3piveaLcEGnCkC7ZIpxkR7vkGLN3Luct2KQaI5Pxl4Dw2sFSsKZu_hOAzVXYoVtH3kDQD38X7LvPIFoPGQLDe_i64uAPGsXcG4xa-CQ.js (185)
[35388:19812:0828/093354.246:INFO:CONSOLE:185] "Canvas2D: Multiple readback operations using getImageData are faster with the willReadFrequently attribute set to true. See: https://html.spec.whatwg.org/multipage/canvas.html#concept-canvas-will-read-frequently", source: https://static.xx.fbcdn.net/rsrc.php/v4iZaV4/yl/l/en_US-j/HtvKsQK9DGIqh8HcA6wv8mve7A2UFdia70CA-JskWUN3kS8C4xWBoCYKWrORId34t2lSv9PGg-bDIYSNo2t_SyZCo69HqJ04nj-g37goXL8vxK2qA5pToaQ4LH_chZ8eH5vBtdy9EYXtrWonwvCw4UyqFOVZqxDSZp6bhoP0jlUMbr2qBriz9u7KAbKvlCpQ3PdLHyPnJHbgqoCNiSEDCwqtGRjAZZ-_Yek3piveaLcEGnCkC7ZIpxkR7vkGLN3Luct2KQaI5Pxl4Dw2sFSsKZu_hOAzVXYoVtH3kDQD38X7LvPIFoPGQLDe_i64uAPGsXcG4xa-CQ.js (185)
[35388:19812:0828/093508.847:INFO:CONSOLE:185] "Canvas2D: Multiple readback operations using getImageData are faster with the willReadFrequently attribute set to true. See: https://html.spec.whatwg.org/multipage/canvas.html#concept-canvas-will-read-frequently", source: https://static.xx.fbcdn.net/rsrc.php/v4iZaV4/yl/l/en_US-j/HtvKsQK9DGIqh8HcA6wv8mve7A2UFdia70CA-JskWUN3kS8C4xWBoCYKWrORId34t2lSv9PGg-bDIYSNo2t_SyZCo69HqJ04nj-g37goXL8vxK2qA5pToaQ4LH_chZ8eH5vBtdy9EYXtrWonwvCw4UyqFOVZqxDSZp6bhoP0jlUMbr2qBriz9u7KAbKvlCpQ3PdLHyPnJHbgqoCNiSEDCwqtGRjAZZ-_Yek3piveaLcEGnCkC7ZIpxkR7vkGLN3Luct2KQaI5Pxl4Dw2sFSsKZu_hOAzVXYoVtH3kDQD38X7LvPIFoPGQLDe_i64uAPGsXcG4xa-CQ.js (185)
[35388:19812:0828/093600.730:INFO:CONSOLE:185] "Canvas2D: Multiple readback operations using getImageData are faster with the willReadFrequently attribute set to true. See: https://html.spec.whatwg.org/multipage/canvas.html#concept-canvas-will-read-frequently", source: https://static.xx.fbcdn.net/rsrc.php/v4iZaV4/yl/l/en_US-j/HtvKsQK9DGIqh8HcA6wv8mve7A2UFdia70CA-JskWUN3kS8C4xWBoCYKWrORId34t2lSv9PGg-bDIYSNo2t_SyZCo69HqJ04nj-g37goXL8vxK2qA5pToaQ4LH_chZ8eH5vBtdy9EYXtrWonwvCw4UyqFOVZqxDSZp6bhoP0jlUMbr2qBriz9u7KAbKvlCpQ3PdLHyPnJHbgqoCNiSEDCwqtGRjAZZ-_Yek3piveaLcEGnCkC7ZIpxkR7vkGLN3Luct2KQaI5Pxl4Dw2sFSsKZu_hOAzVXYoVtH3kDQD38X7LvPIFoPGQLDe_i64uAPGsXcG4xa-CQ.js (185)
[35388:19812:0828/093949.718:INFO:CONSOLE:185] "Canvas2D: Multiple readback operations using getImageData are faster with the willReadFrequently attribute set to true. See: https://html.spec.whatwg.org/multipage/canvas.html#concept-canvas-will-read-frequently", source: https://static.xx.fbcdn.net/rsrc.php/v4iZaV4/yl/l/en_US-j/HtvKsQK9DGIqh8HcA6wv8mve7A2UFdia70CA-JskWUN3kS8C4xWBoCYKWrORId34t2lSv9PGg-bDIYSNo2t_SyZCo69HqJ04nj-g37goXL8vxK2qA5pToaQ4LH_chZ8eH5vBtdy9EYXtrWonwvCw4UyqFOVZqxDSZp6bhoP0jlUMbr2qBriz9u7KAbKvlCpQ3PdLHyPnJHbgqoCNiSEDCwqtGRjAZZ-_Yek3piveaLcEGnCkC7ZIpxkR7vkGLN3Luct2KQaI5Pxl4Dw2sFSsKZu_hOAzVXYoVtH3kDQD38X7LvPIFoPGQLDe_i64uAPGsXcG4xa-CQ.js (185)
[35388:19812:0828/094351.764:INFO:CONSOLE:185] "Canvas2D: Multiple readback operations using getImageData are faster with the willReadFrequently attribute set to true. See: https://html.spec.whatwg.org/multipage/canvas.html#concept-canvas-will-read-frequently", source: https://static.xx.fbcdn.net/rsrc.php/v4iZaV4/yl/l/en_US-j/HtvKsQK9DGIqh8HcA6wv8mve7A2UFdia70CA-JskWUN3kS8C4xWBoCYKWrORId34t2lSv9PGg-bDIYSNo2t_SyZCo69HqJ04nj-g37goXL8vxK2qA5pToaQ4LH_chZ8eH5vBtdy9EYXtrWonwvCw4UyqFOVZqxDSZp6bhoP0jlUMbr2qBriz9u7KAbKvlCpQ3PdLHyPnJHbgqoCNiSEDCwqtGRjAZZ-_Yek3piveaLcEGnCkC7ZIpxkR7vkGLN3Luct2KQaI5Pxl4Dw2sFSsKZu_hOAzVXYoVtH3kDQD38X7LvPIFoPGQLDe_i64uAPGsXcG4xa-CQ.js (185)
[35388:19812:0828/094610.514:INFO:CONSOLE:185] "Canvas2D: Multiple readback operations using getImageData are faster with the willReadFrequently attribute set to true. See: https://html.spec.whatwg.org/multipage/canvas.html#concept-canvas-will-read-frequently", source: https://static.xx.fbcdn.net/rsrc.php/v4iZaV4/yl/l/en_US-j/HtvKsQK9DGIqh8HcA6wv8mve7A2UFdia70CA-JskWUN3kS8C4xWBoCYKWrORId34t2lSv9PGg-bDIYSNo2t_SyZCo69HqJ04nj-g37goXL8vxK2qA5pToaQ4LH_chZ8eH5vBtdy9EYXtrWonwvCw4UyqFOVZqxDSZp6bhoP0jlUMbr2qBriz9u7KAbKvlCpQ3PdLHyPnJHbgqoCNiSEDCwqtGRjAZZ-_Yek3piveaLcEGnCkC7ZIpxkR7vkGLN3Luct2KQaI5Pxl4Dw2sFSsKZu_hOAzVXYoVtH3kDQD38X7LvPIFoPGQLDe_i64uAPGsXcG4xa-CQ.js (185)
[35388:19812:0828/094620.566:INFO:CONSOLE:185] "Canvas2D: Multiple readback operations using getImageData are faster with the willReadFrequently attribute set to true. See: https://html.spec.whatwg.org/multipage/canvas.html#concept-canvas-will-read-frequently", source: https://static.xx.fbcdn.net/rsrc.php/v4iZaV4/yl/l/en_US-j/HtvKsQK9DGIqh8HcA6wv8mve7A2UFdia70CA-JskWUN3kS8C4xWBoCYKWrORId34t2lSv9PGg-bDIYSNo2t_SyZCo69HqJ04nj-g37goXL8vxK2qA5pToaQ4LH_chZ8eH5vBtdy9EYXtrWonwvCw4UyqFOVZqxDSZp6bhoP0jlUMbr2qBriz9u7KAbKvlCpQ3PdLHyPnJHbgqoCNiSEDCwqtGRjAZZ-_Yek3piveaLcEGnCkC7ZIpxkR7vkGLN3Luct2KQaI5Pxl4Dw2sFSsKZu_hOAzVXYoVtH3kDQD38X7LvPIFoPGQLDe_i64uAPGsXcG4xa-CQ.js (185)
[35388:19812:0828/094622.281:INFO:CONSOLE:185] "Canvas2D: Multiple readback operations using getImageData are faster with the willReadFrequently attribute set to true. See: https://html.spec.whatwg.org/multipage/canvas.html#concept-canvas-will-read-frequently", source: https://static.xx.fbcdn.net/rsrc.php/v4iZaV4/yl/l/en_US-j/HtvKsQK9DGIqh8HcA6wv8mve7A2UFdia70CA-JskWUN3kS8C4xWBoCYKWrORId34t2lSv9PGg-bDIYSNo2t_SyZCo69HqJ04nj-g37goXL8vxK2qA5pToaQ4LH_chZ8eH5vBtdy9EYXtrWonwvCw4UyqFOVZqxDSZp6bhoP0jlUMbr2qBriz9u7KAbKvlCpQ3PdLHyPnJHbgqoCNiSEDCwqtGRjAZZ-_Yek3piveaLcEGnCkC7ZIpxkR7vkGLN3Luct2KQaI5Pxl4Dw2sFSsKZu_hOAzVXYoVtH3kDQD38X7LvPIFoPGQLDe_i64uAPGsXcG4xa-CQ.js (185)
[35388:19812:0828/094622.293:INFO:CONSOLE:185] "Canvas2D: Multiple readback operations using getImageData are faster with the willReadFrequently attribute set to true. See: https://html.spec.whatwg.org/multipage/canvas.html#concept-canvas-will-read-frequently", source: https://static.xx.fbcdn.net/rsrc.php/v4iZaV4/yl/l/en_US-j/HtvKsQK9DGIqh8HcA6wv8mve7A2UFdia70CA-JskWUN3kS8C4xWBoCYKWrORId34t2lSv9PGg-bDIYSNo2t_SyZCo69HqJ04nj-g37goXL8vxK2qA5pToaQ4LH_chZ8eH5vBtdy9EYXtrWonwvCw4UyqFOVZqxDSZp6bhoP0jlUMbr2qBriz9u7KAbKvlCpQ3PdLHyPnJHbgqoCNiSEDCwqtGRjAZZ-_Yek3piveaLcEGnCkC7ZIpxkR7vkGLN3Luct2KQaI5Pxl4Dw2sFSsKZu_hOAzVXYoVtH3kDQD38X7LvPIFoPGQLDe_i64uAPGsXcG4xa-CQ.js (185)
[35388:19812:0828/094627.915:INFO:CONSOLE:185] "Canvas2D: Multiple readback operations using getImageData are faster with the willReadFrequently attribute set to true. See: https://html.spec.whatwg.org/multipage/canvas.html#concept-canvas-will-read-frequently", source: https://static.xx.fbcdn.net/rsrc.php/v4iZaV4/yl/l/en_US-j/HtvKsQK9DGIqh8HcA6wv8mve7A2UFdia70CA-JskWUN3kS8C4xWBoCYKWrORId34t2lSv9PGg-bDIYSNo2t_SyZCo69HqJ04nj-g37goXL8vxK2qA5pToaQ4LH_chZ8eH5vBtdy9EYXtrWonwvCw4UyqFOVZqxDSZp6bhoP0jlUMbr2qBriz9u7KAbKvlCpQ3PdLHyPnJHbgqoCNiSEDCwqtGRjAZZ-_Yek3piveaLcEGnCkC7ZIpxkR7vkGLN3Luct2KQaI5Pxl4Dw2sFSsKZu_hOAzVXYoVtH3kDQD38X7LvPIFoPGQLDe_i64uAPGsXcG4xa-CQ.js (185)
[35388:19812:0828/094640.785:INFO:CONSOLE:185] "Canvas2D: Multiple readback operations using getImageData are faster with the willReadFrequently attribute set to true. See: https://html.spec.whatwg.org/multipage/canvas.html#concept-canvas-will-read-frequently", source: https://static.xx.fbcdn.net/rsrc.php/v4iZaV4/yl/l/en_US-j/HtvKsQK9DGIqh8HcA6wv8mve7A2UFdia70CA-JskWUN3kS8C4xWBoCYKWrORId34t2lSv9PGg-bDIYSNo2t_SyZCo69HqJ04nj-g37goXL8vxK2qA5pToaQ4LH_chZ8eH5vBtdy9EYXtrWonwvCw4UyqFOVZqxDSZp6bhoP0jlUMbr2qBriz9u7KAbKvlCpQ3PdLHyPnJHbgqoCNiSEDCwqtGRjAZZ-_Yek3piveaLcEGnCkC7ZIpxkR7vkGLN3Luct2KQaI5Pxl4Dw2sFSsKZu_hOAzVXYoVtH3kDQD38X7LvPIFoPGQLDe_i64uAPGsXcG4xa-CQ.js (185)
[35388:19812:0828/094640.887:INFO:CONSOLE:185] "Canvas2D: Multiple readback operations using getImageData are faster with the willReadFrequently attribute set to true. See: https://html.spec.whatwg.org/multipage/canvas.html#concept-canvas-will-read-frequently", source: https://static.xx.fbcdn.net/rsrc.php/v4iZaV4/yl/l/en_US-j/HtvKsQK9DGIqh8HcA6wv8mve7A2UFdia70CA-JskWUN3kS8C4xWBoCYKWrORId34t2lSv9PGg-bDIYSNo2t_SyZCo69HqJ04nj-g37goXL8vxK2qA5pToaQ4LH_chZ8eH5vBtdy9EYXtrWonwvCw4UyqFOVZqxDSZp6bhoP0jlUMbr2qBriz9u7KAbKvlCpQ3PdLHyPnJHbgqoCNiSEDCwqtGRjAZZ-_Yek3piveaLcEGnCkC7ZIpxkR7vkGLN3Luct2KQaI5Pxl4Dw2sFSsKZu_hOAzVXYoVtH3kDQD38X7LvPIFoPGQLDe_i64uAPGsXcG4xa-CQ.js (185)
[35388:19812:0828/094641.943:INFO:CONSOLE:185] "Canvas2D: Multiple readback operations using getImageData are faster with the willReadFrequently attribute set to true. See: https://html.spec.whatwg.org/multipage/canvas.html#concept-canvas-will-read-frequently", source: https://static.xx.fbcdn.net/rsrc.php/v4iZaV4/yl/l/en_US-j/HtvKsQK9DGIqh8HcA6wv8mve7A2UFdia70CA-JskWUN3kS8C4xWBoCYKWrORId34t2lSv9PGg-bDIYSNo2t_SyZCo69HqJ04nj-g37goXL8vxK2qA5pToaQ4LH_chZ8eH5vBtdy9EYXtrWonwvCw4UyqFOVZqxDSZp6bhoP0jlUMbr2qBriz9u7KAbKvlCpQ3PdLHyPnJHbgqoCNiSEDCwqtGRjAZZ-_Yek3piveaLcEGnCkC7ZIpxkR7vkGLN3Luct2KQaI5Pxl4Dw2sFSsKZu_hOAzVXYoVtH3kDQD38X7LvPIFoPGQLDe_i64uAPGsXcG4xa-CQ.js (185)
[35388:19812:0828/094646.724:INFO:CONSOLE:185] "Canvas2D: Multiple readback operations using getImageData are faster with the willReadFrequently attribute set to true. See: https://html.spec.whatwg.org/multipage/canvas.html#concept-canvas-will-read-frequently", source: https://static.xx.fbcdn.net/rsrc.php/v4iZaV4/yl/l/en_US-j/HtvKsQK9DGIqh8HcA6wv8mve7A2UFdia70CA-JskWUN3kS8C4xWBoCYKWrORId34t2lSv9PGg-bDIYSNo2t_SyZCo69HqJ04nj-g37goXL8vxK2qA5pToaQ4LH_chZ8eH5vBtdy9EYXtrWonwvCw4UyqFOVZqxDSZp6bhoP0jlUMbr2qBriz9u7KAbKvlCpQ3PdLHyPnJHbgqoCNiSEDCwqtGRjAZZ-_Yek3piveaLcEGnCkC7ZIpxkR7vkGLN3Luct2KQaI5Pxl4Dw2sFSsKZu_hOAzVXYoVtH3kDQD38X7LvPIFoPGQLDe_i64uAPGsXcG4xa-CQ.js (185)
[35388:19812:0828/094758.229:INFO:CONSOLE:185] "Canvas2D: Multiple readback operations using getImageData are faster with the willReadFrequently attribute set to true. See: https://html.spec.whatwg.org/multipage/canvas.html#concept-canvas-will-read-frequently", source: https://static.xx.fbcdn.net/rsrc.php/v4iZaV4/yl/l/en_US-j/HtvKsQK9DGIqh8HcA6wv8mve7A2UFdia70CA-JskWUN3kS8C4xWBoCYKWrORId34t2lSv9PGg-bDIYSNo2t_SyZCo69HqJ04nj-g37goXL8vxK2qA5pToaQ4LH_chZ8eH5vBtdy9EYXtrWonwvCw4UyqFOVZqxDSZp6bhoP0jlUMbr2qBriz9u7KAbKvlCpQ3PdLHyPnJHbgqoCNiSEDCwqtGRjAZZ-_Yek3piveaLcEGnCkC7ZIpxkR7vkGLN3Luct2KQaI5Pxl4Dw2sFSsKZu_hOAzVXYoVtH3kDQD38X7LvPIFoPGQLDe_i64uAPGsXcG4xa-CQ.js (185)
[35388:19812:0828/094801.586:INFO:CONSOLE:185] "Canvas2D: Multiple readback operations using getImageData are faster with the willReadFrequently attribute set to true. See: https://html.spec.whatwg.org/multipage/canvas.html#concept-canvas-will-read-frequently", source: https://static.xx.fbcdn.net/rsrc.php/v4iZaV4/yl/l/en_US-j/HtvKsQK9DGIqh8HcA6wv8mve7A2UFdia70CA-JskWUN3kS8C4xWBoCYKWrORId34t2lSv9PGg-bDIYSNo2t_SyZCo69HqJ04nj-g37goXL8vxK2qA5pToaQ4LH_chZ8eH5vBtdy9EYXtrWonwvCw4UyqFOVZqxDSZp6bhoP0jlUMbr2qBriz9u7KAbKvlCpQ3PdLHyPnJHbgqoCNiSEDCwqtGRjAZZ-_Yek3piveaLcEGnCkC7ZIpxkR7vkGLN3Luct2KQaI5Pxl4Dw2sFSsKZu_hOAzVXYoVtH3kDQD38X7LvPIFoPGQLDe_i64uAPGsXcG4xa-CQ.js (185)
[35388:19812:0828/094808.760:INFO:CONSOLE:185] "Canvas2D: Multiple readback operations using getImageData are faster with the willReadFrequently attribute set to true. See: https://html.spec.whatwg.org/multipage/canvas.html#concept-canvas-will-read-frequently", source: https://static.xx.fbcdn.net/rsrc.php/v4iZaV4/yl/l/en_US-j/HtvKsQK9DGIqh8HcA6wv8mve7A2UFdia70CA-JskWUN3kS8C4xWBoCYKWrORId34t2lSv9PGg-bDIYSNo2t_SyZCo69HqJ04nj-g37goXL8vxK2qA5pToaQ4LH_chZ8eH5vBtdy9EYXtrWonwvCw4UyqFOVZqxDSZp6bhoP0jlUMbr2qBriz9u7KAbKvlCpQ3PdLHyPnJHbgqoCNiSEDCwqtGRjAZZ-_Yek3piveaLcEGnCkC7ZIpxkR7vkGLN3Luct2KQaI5Pxl4Dw2sFSsKZu_hOAzVXYoVtH3kDQD38X7LvPIFoPGQLDe_i64uAPGsXcG4xa-CQ.js (185)
[35388:19812:0828/094825.187:INFO:CONSOLE:185] "Canvas2D: Multiple readback operations using getImageData are faster with the willReadFrequently attribute set to true. See: https://html.spec.whatwg.org/multipage/canvas.html#concept-canvas-will-read-frequently", source: https://static.xx.fbcdn.net/rsrc.php/v4iZaV4/yl/l/en_US-j/HtvKsQK9DGIqh8HcA6wv8mve7A2UFdia70CA-JskWUN3kS8C4xWBoCYKWrORId34t2lSv9PGg-bDIYSNo2t_SyZCo69HqJ04nj-g37goXL8vxK2qA5pToaQ4LH_chZ8eH5vBtdy9EYXtrWonwvCw4UyqFOVZqxDSZp6bhoP0jlUMbr2qBriz9u7KAbKvlCpQ3PdLHyPnJHbgqoCNiSEDCwqtGRjAZZ-_Yek3piveaLcEGnCkC7ZIpxkR7vkGLN3Luct2KQaI5Pxl4Dw2sFSsKZu_hOAzVXYoVtH3kDQD38X7LvPIFoPGQLDe_i64uAPGsXcG4xa-CQ.js (185)
[35388:19812:0828/094903.009:INFO:CONSOLE:185] "Canvas2D: Multiple readback operations using getImageData are faster with the willReadFrequently attribute set to true. See: https://html.spec.whatwg.org/multipage/canvas.html#concept-canvas-will-read-frequently", source: https://static.xx.fbcdn.net/rsrc.php/v4iZaV4/yl/l/en_US-j/HtvKsQK9DGIqh8HcA6wv8mve7A2UFdia70CA-JskWUN3kS8C4xWBoCYKWrORId34t2lSv9PGg-bDIYSNo2t_SyZCo69HqJ04nj-g37goXL8vxK2qA5pToaQ4LH_chZ8eH5vBtdy9EYXtrWonwvCw4UyqFOVZqxDSZp6bhoP0jlUMbr2qBriz9u7KAbKvlCpQ3PdLHyPnJHbgqoCNiSEDCwqtGRjAZZ-_Yek3piveaLcEGnCkC7ZIpxkR7vkGLN3Luct2KQaI5Pxl4Dw2sFSsKZu_hOAzVXYoVtH3kDQD38X7LvPIFoPGQLDe_i64uAPGsXcG4xa-CQ.js (185)
[35388:19812:0828/094926.234:INFO:CONSOLE:185] "Canvas2D: Multiple readback operations using getImageData are faster with the willReadFrequently attribute set to true. See: https://html.spec.whatwg.org/multipage/canvas.html#concept-canvas-will-read-frequently", source: https://static.xx.fbcdn.net/rsrc.php/v4iZaV4/yl/l/en_US-j/HtvKsQK9DGIqh8HcA6wv8mve7A2UFdia70CA-JskWUN3kS8C4xWBoCYKWrORId34t2lSv9PGg-bDIYSNo2t_SyZCo69HqJ04nj-g37goXL8vxK2qA5pToaQ4LH_chZ8eH5vBtdy9EYXtrWonwvCw4UyqFOVZqxDSZp6bhoP0jlUMbr2qBriz9u7KAbKvlCpQ3PdLHyPnJHbgqoCNiSEDCwqtGRjAZZ-_Yek3piveaLcEGnCkC7ZIpxkR7vkGLN3Luct2KQaI5Pxl4Dw2sFSsKZu_hOAzVXYoVtH3kDQD38X7LvPIFoPGQLDe_i64uAPGsXcG4xa-CQ.js (185)
[35388:19812:0828/094939.002:INFO:CONSOLE:185] "Canvas2D: Multiple readback operations using getImageData are faster with the willReadFrequently attribute set to true. See: https://html.spec.whatwg.org/multipage/canvas.html#concept-canvas-will-read-frequently", source: https://static.xx.fbcdn.net/rsrc.php/v4iZaV4/yl/l/en_US-j/HtvKsQK9DGIqh8HcA6wv8mve7A2UFdia70CA-JskWUN3kS8C4xWBoCYKWrORId34t2lSv9PGg-bDIYSNo2t_SyZCo69HqJ04nj-g37goXL8vxK2qA5pToaQ4LH_chZ8eH5vBtdy9EYXtrWonwvCw4UyqFOVZqxDSZp6bhoP0jlUMbr2qBriz9u7KAbKvlCpQ3PdLHyPnJHbgqoCNiSEDCwqtGRjAZZ-_Yek3piveaLcEGnCkC7ZIpxkR7vkGLN3Luct2KQaI5Pxl4Dw2sFSsKZu_hOAzVXYoVtH3kDQD38X7LvPIFoPGQLDe_i64uAPGsXcG4xa-CQ.js (185)
[35388:19812:0828/095000.378:INFO:CONSOLE:185] "Canvas2D: Multiple readback operations using getImageData are faster with the willReadFrequently attribute set to true. See: https://html.spec.whatwg.org/multipage/canvas.html#concept-canvas-will-read-frequently", source: https://static.xx.fbcdn.net/rsrc.php/v4iZaV4/yl/l/en_US-j/HtvKsQK9DGIqh8HcA6wv8mve7A2UFdia70CA-JskWUN3kS8C4xWBoCYKWrORId34t2lSv9PGg-bDIYSNo2t_SyZCo69HqJ04nj-g37goXL8vxK2qA5pToaQ4LH_chZ8eH5vBtdy9EYXtrWonwvCw4UyqFOVZqxDSZp6bhoP0jlUMbr2qBriz9u7KAbKvlCpQ3PdLHyPnJHbgqoCNiSEDCwqtGRjAZZ-_Yek3piveaLcEGnCkC7ZIpxkR7vkGLN3Luct2KQaI5Pxl4Dw2sFSsKZu_hOAzVXYoVtH3kDQD38X7LvPIFoPGQLDe_i64uAPGsXcG4xa-CQ.js (185)
[35388:19812:0828/095057.202:INFO:CONSOLE:185] "Canvas2D: Multiple readback operations using getImageData are faster with the willReadFrequently attribute set to true. See: https://html.spec.whatwg.org/multipage/canvas.html#concept-canvas-will-read-frequently", source: https://static.xx.fbcdn.net/rsrc.php/v4iZaV4/yl/l/en_US-j/HtvKsQK9DGIqh8HcA6wv8mve7A2UFdia70CA-JskWUN3kS8C4xWBoCYKWrORId34t2lSv9PGg-bDIYSNo2t_SyZCo69HqJ04nj-g37goXL8vxK2qA5pToaQ4LH_chZ8eH5vBtdy9EYXtrWonwvCw4UyqFOVZqxDSZp6bhoP0jlUMbr2qBriz9u7KAbKvlCpQ3PdLHyPnJHbgqoCNiSEDCwqtGRjAZZ-_Yek3piveaLcEGnCkC7ZIpxkR7vkGLN3Luct2KQaI5Pxl4Dw2sFSsKZu_hOAzVXYoVtH3kDQD38X7LvPIFoPGQLDe_i64uAPGsXcG4xa-CQ.js (185)
[35388:19812:0828/095101.454:INFO:CONSOLE:185] "Canvas2D: Multiple readback operations using getImageData are faster with the willReadFrequently attribute set to true. See: https://html.spec.whatwg.org/multipage/canvas.html#concept-canvas-will-read-frequently", source: https://static.xx.fbcdn.net/rsrc.php/v4iZaV4/yl/l/en_US-j/HtvKsQK9DGIqh8HcA6wv8mve7A2UFdia70CA-JskWUN3kS8C4xWBoCYKWrORId34t2lSv9PGg-bDIYSNo2t_SyZCo69HqJ04nj-g37goXL8vxK2qA5pToaQ4LH_chZ8eH5vBtdy9EYXtrWonwvCw4UyqFOVZqxDSZp6bhoP0jlUMbr2qBriz9u7KAbKvlCpQ3PdLHyPnJHbgqoCNiSEDCwqtGRjAZZ-_Yek3piveaLcEGnCkC7ZIpxkR7vkGLN3Luct2KQaI5Pxl4Dw2sFSsKZu_hOAzVXYoVtH3kDQD38X7LvPIFoPGQLDe_i64uAPGsXcG4xa-CQ.js (185)
[35388:19812:0828/095104.281:INFO:CONSOLE:185] "Canvas2D: Multiple readback operations using getImageData are faster with the willReadFrequently attribute set to true. See: https://html.spec.whatwg.org/multipage/canvas.html#concept-canvas-will-read-frequently", source: https://static.xx.fbcdn.net/rsrc.php/v4iZaV4/yl/l/en_US-j/HtvKsQK9DGIqh8HcA6wv8mve7A2UFdia70CA-JskWUN3kS8C4xWBoCYKWrORId34t2lSv9PGg-bDIYSNo2t_SyZCo69HqJ04nj-g37goXL8vxK2qA5pToaQ4LH_chZ8eH5vBtdy9EYXtrWonwvCw4UyqFOVZqxDSZp6bhoP0jlUMbr2qBriz9u7KAbKvlCpQ3PdLHyPnJHbgqoCNiSEDCwqtGRjAZZ-_Yek3piveaLcEGnCkC7ZIpxkR7vkGLN3Luct2KQaI5Pxl4Dw2sFSsKZu_hOAzVXYoVtH3kDQD38X7LvPIFoPGQLDe_i64uAPGsXcG4xa-CQ.js (185)
[35388:19812:0828/095125.309:INFO:CONSOLE:185] "Canvas2D: Multiple readback operations using getImageData are faster with the willReadFrequently attribute set to true. See: https://html.spec.whatwg.org/multipage/canvas.html#concept-canvas-will-read-frequently", source: https://static.xx.fbcdn.net/rsrc.php/v4iZaV4/yl/l/en_US-j/HtvKsQK9DGIqh8HcA6wv8mve7A2UFdia70CA-JskWUN3kS8C4xWBoCYKWrORId34t2lSv9PGg-bDIYSNo2t_SyZCo69HqJ04nj-g37goXL8vxK2qA5pToaQ4LH_chZ8eH5vBtdy9EYXtrWonwvCw4UyqFOVZqxDSZp6bhoP0jlUMbr2qBriz9u7KAbKvlCpQ3PdLHyPnJHbgqoCNiSEDCwqtGRjAZZ-_Yek3piveaLcEGnCkC7ZIpxkR7vkGLN3Luct2KQaI5Pxl4Dw2sFSsKZu_hOAzVXYoVtH3kDQD38X7LvPIFoPGQLDe_i64uAPGsXcG4xa-CQ.js (185)
[35388:19812:0828/095132.558:INFO:CONSOLE:185] "Canvas2D: Multiple readback operations using getImageData are faster with the willReadFrequently attribute set to true. See: https://html.spec.whatwg.org/multipage/canvas.html#concept-canvas-will-read-frequently", source: https://static.xx.fbcdn.net/rsrc.php/v4iZaV4/yl/l/en_US-j/HtvKsQK9DGIqh8HcA6wv8mve7A2UFdia70CA-JskWUN3kS8C4xWBoCYKWrORId34t2lSv9PGg-bDIYSNo2t_SyZCo69HqJ04nj-g37goXL8vxK2qA5pToaQ4LH_chZ8eH5vBtdy9EYXtrWonwvCw4UyqFOVZqxDSZp6bhoP0jlUMbr2qBriz9u7KAbKvlCpQ3PdLHyPnJHbgqoCNiSEDCwqtGRjAZZ-_Yek3piveaLcEGnCkC7ZIpxkR7vkGLN3Luct2KQaI5Pxl4Dw2sFSsKZu_hOAzVXYoVtH3kDQD38X7LvPIFoPGQLDe_i64uAPGsXcG4xa-CQ.js (185)
[35388:19812:0828/095152.038:INFO:CONSOLE:185] "Canvas2D: Multiple readback operations using getImageData are faster with the willReadFrequently attribute set to true. See: https://html.spec.whatwg.org/multipage/canvas.html#concept-canvas-will-read-frequently", source: https://static.xx.fbcdn.net/rsrc.php/v4iZaV4/yl/l/en_US-j/HtvKsQK9DGIqh8HcA6wv8mve7A2UFdia70CA-JskWUN3kS8C4xWBoCYKWrORId34t2lSv9PGg-bDIYSNo2t_SyZCo69HqJ04nj-g37goXL8vxK2qA5pToaQ4LH_chZ8eH5vBtdy9EYXtrWonwvCw4UyqFOVZqxDSZp6bhoP0jlUMbr2qBriz9u7KAbKvlCpQ3PdLHyPnJHbgqoCNiSEDCwqtGRjAZZ-_Yek3piveaLcEGnCkC7ZIpxkR7vkGLN3Luct2KQaI5Pxl4Dw2sFSsKZu_hOAzVXYoVtH3kDQD38X7LvPIFoPGQLDe_i64uAPGsXcG4xa-CQ.js (185)
[35388:19812:0828/095153.477:INFO:CONSOLE:185] "Canvas2D: Multiple readback operations using getImageData are faster with the willReadFrequently attribute set to true. See: https://html.spec.whatwg.org/multipage/canvas.html#concept-canvas-will-read-frequently", source: https://static.xx.fbcdn.net/rsrc.php/v4iZaV4/yl/l/en_US-j/HtvKsQK9DGIqh8HcA6wv8mve7A2UFdia70CA-JskWUN3kS8C4xWBoCYKWrORId34t2lSv9PGg-bDIYSNo2t_SyZCo69HqJ04nj-g37goXL8vxK2qA5pToaQ4LH_chZ8eH5vBtdy9EYXtrWonwvCw4UyqFOVZqxDSZp6bhoP0jlUMbr2qBriz9u7KAbKvlCpQ3PdLHyPnJHbgqoCNiSEDCwqtGRjAZZ-_Yek3piveaLcEGnCkC7ZIpxkR7vkGLN3Luct2KQaI5Pxl4Dw2sFSsKZu_hOAzVXYoVtH3kDQD38X7LvPIFoPGQLDe_i64uAPGsXcG4xa-CQ.js (185)
[35388:19812:0828/095509.471:INFO:CONSOLE:185] "Canvas2D: Multiple readback operations using getImageData are faster with the willReadFrequently attribute set to true. See: https://html.spec.whatwg.org/multipage/canvas.html#concept-canvas-will-read-frequently", source: https://static.xx.fbcdn.net/rsrc.php/v4iZaV4/yl/l/en_US-j/HtvKsQK9DGIqh8HcA6wv8mve7A2UFdia70CA-JskWUN3kS8C4xWBoCYKWrORId34t2lSv9PGg-bDIYSNo2t_SyZCo69HqJ04nj-g37goXL8vxK2qA5pToaQ4LH_chZ8eH5vBtdy9EYXtrWonwvCw4UyqFOVZqxDSZp6bhoP0jlUMbr2qBriz9u7KAbKvlCpQ3PdLHyPnJHbgqoCNiSEDCwqtGRjAZZ-_Yek3piveaLcEGnCkC7ZIpxkR7vkGLN3Luct2KQaI5Pxl4Dw2sFSsKZu_hOAzVXYoVtH3kDQD38X7LvPIFoPGQLDe_i64uAPGsXcG4xa-CQ.js (185)
[35388:19812:0828/095532.412:INFO:CONSOLE:185] "Canvas2D: Multiple readback operations using getImageData are faster with the willReadFrequently attribute set to true. See: https://html.spec.whatwg.org/multipage/canvas.html#concept-canvas-will-read-frequently", source: https://static.xx.fbcdn.net/rsrc.php/v4iZaV4/yl/l/en_US-j/HtvKsQK9DGIqh8HcA6wv8mve7A2UFdia70CA-JskWUN3kS8C4xWBoCYKWrORId34t2lSv9PGg-bDIYSNo2t_SyZCo69HqJ04nj-g37goXL8vxK2qA5pToaQ4LH_chZ8eH5vBtdy9EYXtrWonwvCw4UyqFOVZqxDSZp6bhoP0jlUMbr2qBriz9u7KAbKvlCpQ3PdLHyPnJHbgqoCNiSEDCwqtGRjAZZ-_Yek3piveaLcEGnCkC7ZIpxkR7vkGLN3Luct2KQaI5Pxl4Dw2sFSsKZu_hOAzVXYoVtH3kDQD38X7LvPIFoPGQLDe_i64uAPGsXcG4xa-CQ.js (185)
[35388:19812:0828/095608.894:INFO:CONSOLE:185] "Canvas2D: Multiple readback operations using getImageData are faster with the willReadFrequently attribute set to true. See: https://html.spec.whatwg.org/multipage/canvas.html#concept-canvas-will-read-frequently", source: https://static.xx.fbcdn.net/rsrc.php/v4iZaV4/yl/l/en_US-j/HtvKsQK9DGIqh8HcA6wv8mve7A2UFdia70CA-JskWUN3kS8C4xWBoCYKWrORId34t2lSv9PGg-bDIYSNo2t_SyZCo69HqJ04nj-g37goXL8vxK2qA5pToaQ4LH_chZ8eH5vBtdy9EYXtrWonwvCw4UyqFOVZqxDSZp6bhoP0jlUMbr2qBriz9u7KAbKvlCpQ3PdLHyPnJHbgqoCNiSEDCwqtGRjAZZ-_Yek3piveaLcEGnCkC7ZIpxkR7vkGLN3Luct2KQaI5Pxl4Dw2sFSsKZu_hOAzVXYoVtH3kDQD38X7LvPIFoPGQLDe_i64uAPGsXcG4xa-CQ.js (185)
[35388:19812:0828/095622.621:INFO:CONSOLE:185] "Canvas2D: Multiple readback operations using getImageData are faster with the willReadFrequently attribute set to true. See: https://html.spec.whatwg.org/multipage/canvas.html#concept-canvas-will-read-frequently", source: https://static.xx.fbcdn.net/rsrc.php/v4iZaV4/yl/l/en_US-j/HtvKsQK9DGIqh8HcA6wv8mve7A2UFdia70CA-JskWUN3kS8C4xWBoCYKWrORId34t2lSv9PGg-bDIYSNo2t_SyZCo69HqJ04nj-g37goXL8vxK2qA5pToaQ4LH_chZ8eH5vBtdy9EYXtrWonwvCw4UyqFOVZqxDSZp6bhoP0jlUMbr2qBriz9u7KAbKvlCpQ3PdLHyPnJHbgqoCNiSEDCwqtGRjAZZ-_Yek3piveaLcEGnCkC7ZIpxkR7vkGLN3Luct2KQaI5Pxl4Dw2sFSsKZu_hOAzVXYoVtH3kDQD38X7LvPIFoPGQLDe_i64uAPGsXcG4xa-CQ.js (185)
[35388:19812:0828/095648.072:INFO:CONSOLE:185] "Canvas2D: Multiple readback operations using getImageData are faster with the willReadFrequently attribute set to true. See: https://html.spec.whatwg.org/multipage/canvas.html#concept-canvas-will-read-frequently", source: https://static.xx.fbcdn.net/rsrc.php/v4iZaV4/yl/l/en_US-j/HtvKsQK9DGIqh8HcA6wv8mve7A2UFdia70CA-JskWUN3kS8C4xWBoCYKWrORId34t2lSv9PGg-bDIYSNo2t_SyZCo69HqJ04nj-g37goXL8vxK2qA5pToaQ4LH_chZ8eH5vBtdy9EYXtrWonwvCw4UyqFOVZqxDSZp6bhoP0jlUMbr2qBriz9u7KAbKvlCpQ3PdLHyPnJHbgqoCNiSEDCwqtGRjAZZ-_Yek3piveaLcEGnCkC7ZIpxkR7vkGLN3Luct2KQaI5Pxl4Dw2sFSsKZu_hOAzVXYoVtH3kDQD38X7LvPIFoPGQLDe_i64uAPGsXcG4xa-CQ.js (185)
[35388:19812:0828/095714.482:INFO:CONSOLE:185] "Canvas2D: Multiple readback operations using getImageData are faster with the willReadFrequently attribute set to true. See: https://html.spec.whatwg.org/multipage/canvas.html#concept-canvas-will-read-frequently", source: https://static.xx.fbcdn.net/rsrc.php/v4iZaV4/yl/l/en_US-j/HtvKsQK9DGIqh8HcA6wv8mve7A2UFdia70CA-JskWUN3kS8C4xWBoCYKWrORId34t2lSv9PGg-bDIYSNo2t_SyZCo69HqJ04nj-g37goXL8vxK2qA5pToaQ4LH_chZ8eH5vBtdy9EYXtrWonwvCw4UyqFOVZqxDSZp6bhoP0jlUMbr2qBriz9u7KAbKvlCpQ3PdLHyPnJHbgqoCNiSEDCwqtGRjAZZ-_Yek3piveaLcEGnCkC7ZIpxkR7vkGLN3Luct2KQaI5Pxl4Dw2sFSsKZu_hOAzVXYoVtH3kDQD38X7LvPIFoPGQLDe_i64uAPGsXcG4xa-CQ.js (185)
[35388:19812:0828/095722.758:INFO:CONSOLE:185] "Canvas2D: Multiple readback operations using getImageData are faster with the willReadFrequently attribute set to true. See: https://html.spec.whatwg.org/multipage/canvas.html#concept-canvas-will-read-frequently", source: https://static.xx.fbcdn.net/rsrc.php/v4iZaV4/yl/l/en_US-j/HtvKsQK9DGIqh8HcA6wv8mve7A2UFdia70CA-JskWUN3kS8C4xWBoCYKWrORId34t2lSv9PGg-bDIYSNo2t_SyZCo69HqJ04nj-g37goXL8vxK2qA5pToaQ4LH_chZ8eH5vBtdy9EYXtrWonwvCw4UyqFOVZqxDSZp6bhoP0jlUMbr2qBriz9u7KAbKvlCpQ3PdLHyPnJHbgqoCNiSEDCwqtGRjAZZ-_Yek3piveaLcEGnCkC7ZIpxkR7vkGLN3Luct2KQaI5Pxl4Dw2sFSsKZu_hOAzVXYoVtH3kDQD38X7LvPIFoPGQLDe_i64uAPGsXcG4xa-CQ.js (185)
[35388:19812:0828/095727.124:INFO:CONSOLE:185] "Canvas2D: Multiple readback operations using getImageData are faster with the willReadFrequently attribute set to true. See: https://html.spec.whatwg.org/multipage/canvas.html#concept-canvas-will-read-frequently", source: https://static.xx.fbcdn.net/rsrc.php/v4iZaV4/yl/l/en_US-j/HtvKsQK9DGIqh8HcA6wv8mve7A2UFdia70CA-JskWUN3kS8C4xWBoCYKWrORId34t2lSv9PGg-bDIYSNo2t_SyZCo69HqJ04nj-g37goXL8vxK2qA5pToaQ4LH_chZ8eH5vBtdy9EYXtrWonwvCw4UyqFOVZqxDSZp6bhoP0jlUMbr2qBriz9u7KAbKvlCpQ3PdLHyPnJHbgqoCNiSEDCwqtGRjAZZ-_Yek3piveaLcEGnCkC7ZIpxkR7vkGLN3Luct2KQaI5Pxl4Dw2sFSsKZu_hOAzVXYoVtH3kDQD38X7LvPIFoPGQLDe_i64uAPGsXcG4xa-CQ.js (185)
[35388:17844:0828/095834.921:ERROR:components\system_cpu\cpu_probe_win.cc:134] PdhGetFormattedCounterValue failed: Error (0x13D) while retrieving error. (0x800007D6)
[35388:19812:0828/095839.314:INFO:CONSOLE:185] "Canvas2D: Multiple readback operations using getImageData are faster with the willReadFrequently attribute set to true. See: https://html.spec.whatwg.org/multipage/canvas.html#concept-canvas-will-read-frequently", source: https://static.xx.fbcdn.net/rsrc.php/v4iZaV4/yl/l/en_US-j/HtvKsQK9DGIqh8HcA6wv8mve7A2UFdia70CA-JskWUN3kS8C4xWBoCYKWrORId34t2lSv9PGg-bDIYSNo2t_SyZCo69HqJ04nj-g37goXL8vxK2qA5pToaQ4LH_chZ8eH5vBtdy9EYXtrWonwvCw4UyqFOVZqxDSZp6bhoP0jlUMbr2qBriz9u7KAbKvlCpQ3PdLHyPnJHbgqoCNiSEDCwqtGRjAZZ-_Yek3piveaLcEGnCkC7ZIpxkR7vkGLN3Luct2KQaI5Pxl4Dw2sFSsKZu_hOAzVXYoVtH3kDQD38X7LvPIFoPGQLDe_i64uAPGsXcG4xa-CQ.js (185)
[35388:19812:0828/095931.291:INFO:CONSOLE:185] "Canvas2D: Multiple readback operations using getImageData are faster with the willReadFrequently attribute set to true. See: https://html.spec.whatwg.org/multipage/canvas.html#concept-canvas-will-read-frequently", source: https://static.xx.fbcdn.net/rsrc.php/v4iZaV4/yl/l/en_US-j/HtvKsQK9DGIqh8HcA6wv8mve7A2UFdia70CA-JskWUN3kS8C4xWBoCYKWrORId34t2lSv9PGg-bDIYSNo2t_SyZCo69HqJ04nj-g37goXL8vxK2qA5pToaQ4LH_chZ8eH5vBtdy9EYXtrWonwvCw4UyqFOVZqxDSZp6bhoP0jlUMbr2qBriz9u7KAbKvlCpQ3PdLHyPnJHbgqoCNiSEDCwqtGRjAZZ-_Yek3piveaLcEGnCkC7ZIpxkR7vkGLN3Luct2KQaI5Pxl4Dw2sFSsKZu_hOAzVXYoVtH3kDQD38X7LvPIFoPGQLDe_i64uAPGsXcG4xa-CQ.js (185)
[35388:19812:0828/100028.581:INFO:CONSOLE:185] "Canvas2D: Multiple readback operations using getImageData are faster with the willReadFrequently attribute set to true. See: https://html.spec.whatwg.org/multipage/canvas.html#concept-canvas-will-read-frequently", source: https://static.xx.fbcdn.net/rsrc.php/v4iZaV4/yl/l/en_US-j/HtvKsQK9DGIqh8HcA6wv8mve7A2UFdia70CA-JskWUN3kS8C4xWBoCYKWrORId34t2lSv9PGg-bDIYSNo2t_SyZCo69HqJ04nj-g37goXL8vxK2qA5pToaQ4LH_chZ8eH5vBtdy9EYXtrWonwvCw4UyqFOVZqxDSZp6bhoP0jlUMbr2qBriz9u7KAbKvlCpQ3PdLHyPnJHbgqoCNiSEDCwqtGRjAZZ-_Yek3piveaLcEGnCkC7ZIpxkR7vkGLN3Luct2KQaI5Pxl4Dw2sFSsKZu_hOAzVXYoVtH3kDQD38X7LvPIFoPGQLDe_i64uAPGsXcG4xa-CQ.js (185)
[35388:19812:0828/100049.899:INFO:CONSOLE:185] "Canvas2D: Multiple readback operations using getImageData are faster with the willReadFrequently attribute set to true. See: https://html.spec.whatwg.org/multipage/canvas.html#concept-canvas-will-read-frequently", source: https://static.xx.fbcdn.net/rsrc.php/v4iZaV4/yl/l/en_US-j/HtvKsQK9DGIqh8HcA6wv8mve7A2UFdia70CA-JskWUN3kS8C4xWBoCYKWrORId34t2lSv9PGg-bDIYSNo2t_SyZCo69HqJ04nj-g37goXL8vxK2qA5pToaQ4LH_chZ8eH5vBtdy9EYXtrWonwvCw4UyqFOVZqxDSZp6bhoP0jlUMbr2qBriz9u7KAbKvlCpQ3PdLHyPnJHbgqoCNiSEDCwqtGRjAZZ-_Yek3piveaLcEGnCkC7ZIpxkR7vkGLN3Luct2KQaI5Pxl4Dw2sFSsKZu_hOAzVXYoVtH3kDQD38X7LvPIFoPGQLDe_i64uAPGsXcG4xa-CQ.js (185)
[35388:19812:0828/100127.469:INFO:CONSOLE:185] "Canvas2D: Multiple readback operations using getImageData are faster with the willReadFrequently attribute set to true. See: https://html.spec.whatwg.org/multipage/canvas.html#concept-canvas-will-read-frequently", source: https://static.xx.fbcdn.net/rsrc.php/v4iZaV4/yl/l/en_US-j/HtvKsQK9DGIqh8HcA6wv8mve7A2UFdia70CA-JskWUN3kS8C4xWBoCYKWrORId34t2lSv9PGg-bDIYSNo2t_SyZCo69HqJ04nj-g37goXL8vxK2qA5pToaQ4LH_chZ8eH5vBtdy9EYXtrWonwvCw4UyqFOVZqxDSZp6bhoP0jlUMbr2qBriz9u7KAbKvlCpQ3PdLHyPnJHbgqoCNiSEDCwqtGRjAZZ-_Yek3piveaLcEGnCkC7ZIpxkR7vkGLN3Luct2KQaI5Pxl4Dw2sFSsKZu_hOAzVXYoVtH3kDQD38X7LvPIFoPGQLDe_i64uAPGsXcG4xa-CQ.js (185)
[35388:19812:0828/100154.557:INFO:CONSOLE:185] "Canvas2D: Multiple readback operations using getImageData are faster with the willReadFrequently attribute set to true. See: https://html.spec.whatwg.org/multipage/canvas.html#concept-canvas-will-read-frequently", source: https://static.xx.fbcdn.net/rsrc.php/v4iZaV4/yl/l/en_US-j/HtvKsQK9DGIqh8HcA6wv8mve7A2UFdia70CA-JskWUN3kS8C4xWBoCYKWrORId34t2lSv9PGg-bDIYSNo2t_SyZCo69HqJ04nj-g37goXL8vxK2qA5pToaQ4LH_chZ8eH5vBtdy9EYXtrWonwvCw4UyqFOVZqxDSZp6bhoP0jlUMbr2qBriz9u7KAbKvlCpQ3PdLHyPnJHbgqoCNiSEDCwqtGRjAZZ-_Yek3piveaLcEGnCkC7ZIpxkR7vkGLN3Luct2KQaI5Pxl4Dw2sFSsKZu_hOAzVXYoVtH3kDQD38X7LvPIFoPGQLDe_i64uAPGsXcG4xa-CQ.js (185)
[35388:19812:0828/100218.301:INFO:CONSOLE:185] "Canvas2D: Multiple readback operations using getImageData are faster with the willReadFrequently attribute set to true. See: https://html.spec.whatwg.org/multipage/canvas.html#concept-canvas-will-read-frequently", source: https://static.xx.fbcdn.net/rsrc.php/v4iZaV4/yl/l/en_US-j/HtvKsQK9DGIqh8HcA6wv8mve7A2UFdia70CA-JskWUN3kS8C4xWBoCYKWrORId34t2lSv9PGg-bDIYSNo2t_SyZCo69HqJ04nj-g37goXL8vxK2qA5pToaQ4LH_chZ8eH5vBtdy9EYXtrWonwvCw4UyqFOVZqxDSZp6bhoP0jlUMbr2qBriz9u7KAbKvlCpQ3PdLHyPnJHbgqoCNiSEDCwqtGRjAZZ-_Yek3piveaLcEGnCkC7ZIpxkR7vkGLN3Luct2KQaI5Pxl4Dw2sFSsKZu_hOAzVXYoVtH3kDQD38X7LvPIFoPGQLDe_i64uAPGsXcG4xa-CQ.js (185)
[35388:19812:0828/100244.120:INFO:CONSOLE:185] "Canvas2D: Multiple readback operations using getImageData are faster with the willReadFrequently attribute set to true. See: https://html.spec.whatwg.org/multipage/canvas.html#concept-canvas-will-read-frequently", source: https://static.xx.fbcdn.net/rsrc.php/v4iZaV4/yl/l/en_US-j/HtvKsQK9DGIqh8HcA6wv8mve7A2UFdia70CA-JskWUN3kS8C4xWBoCYKWrORId34t2lSv9PGg-bDIYSNo2t_SyZCo69HqJ04nj-g37goXL8vxK2qA5pToaQ4LH_chZ8eH5vBtdy9EYXtrWonwvCw4UyqFOVZqxDSZp6bhoP0jlUMbr2qBriz9u7KAbKvlCpQ3PdLHyPnJHbgqoCNiSEDCwqtGRjAZZ-_Yek3piveaLcEGnCkC7ZIpxkR7vkGLN3Luct2KQaI5Pxl4Dw2sFSsKZu_hOAzVXYoVtH3kDQD38X7LvPIFoPGQLDe_i64uAPGsXcG4xa-CQ.js (185)
[35388:19812:0828/100314.239:INFO:CONSOLE:185] "Canvas2D: Multiple readback operations using getImageData are faster with the willReadFrequently attribute set to true. See: https://html.spec.whatwg.org/multipage/canvas.html#concept-canvas-will-read-frequently", source: https://static.xx.fbcdn.net/rsrc.php/v4iZaV4/yl/l/en_US-j/HtvKsQK9DGIqh8HcA6wv8mve7A2UFdia70CA-JskWUN3kS8C4xWBoCYKWrORId34t2lSv9PGg-bDIYSNo2t_SyZCo69HqJ04nj-g37goXL8vxK2qA5pToaQ4LH_chZ8eH5vBtdy9EYXtrWonwvCw4UyqFOVZqxDSZp6bhoP0jlUMbr2qBriz9u7KAbKvlCpQ3PdLHyPnJHbgqoCNiSEDCwqtGRjAZZ-_Yek3piveaLcEGnCkC7ZIpxkR7vkGLN3Luct2KQaI5Pxl4Dw2sFSsKZu_hOAzVXYoVtH3kDQD38X7LvPIFoPGQLDe_i64uAPGsXcG4xa-CQ.js (185)
[35388:19812:0828/100356.390:INFO:CONSOLE:185] "Canvas2D: Multiple readback operations using getImageData are faster with the willReadFrequently attribute set to true. See: https://html.spec.whatwg.org/multipage/canvas.html#concept-canvas-will-read-frequently", source: https://static.xx.fbcdn.net/rsrc.php/v4iZaV4/yl/l/en_US-j/HtvKsQK9DGIqh8HcA6wv8mve7A2UFdia70CA-JskWUN3kS8C4xWBoCYKWrORId34t2lSv9PGg-bDIYSNo2t_SyZCo69HqJ04nj-g37goXL8vxK2qA5pToaQ4LH_chZ8eH5vBtdy9EYXtrWonwvCw4UyqFOVZqxDSZp6bhoP0jlUMbr2qBriz9u7KAbKvlCpQ3PdLHyPnJHbgqoCNiSEDCwqtGRjAZZ-_Yek3piveaLcEGnCkC7ZIpxkR7vkGLN3Luct2KQaI5Pxl4Dw2sFSsKZu_hOAzVXYoVtH3kDQD38X7LvPIFoPGQLDe_i64uAPGsXcG4xa-CQ.js (185)
[35388:19812:0828/100420.371:INFO:CONSOLE:185] "Canvas2D: Multiple readback operations using getImageData are faster with the willReadFrequently attribute set to true. See: https://html.spec.whatwg.org/multipage/canvas.html#concept-canvas-will-read-frequently", source: https://static.xx.fbcdn.net/rsrc.php/v4iZaV4/yl/l/en_US-j/HtvKsQK9DGIqh8HcA6wv8mve7A2UFdia70CA-JskWUN3kS8C4xWBoCYKWrORId34t2lSv9PGg-bDIYSNo2t_SyZCo69HqJ04nj-g37goXL8vxK2qA5pToaQ4LH_chZ8eH5vBtdy9EYXtrWonwvCw4UyqFOVZqxDSZp6bhoP0jlUMbr2qBriz9u7KAbKvlCpQ3PdLHyPnJHbgqoCNiSEDCwqtGRjAZZ-_Yek3piveaLcEGnCkC7ZIpxkR7vkGLN3Luct2KQaI5Pxl4Dw2sFSsKZu_hOAzVXYoVtH3kDQD38X7LvPIFoPGQLDe_i64uAPGsXcG4xa-CQ.js (185)
[35388:19812:0828/100443.516:INFO:CONSOLE:185] "Canvas2D: Multiple readback operations using getImageData are faster with the willReadFrequently attribute set to true. See: https://html.spec.whatwg.org/multipage/canvas.html#concept-canvas-will-read-frequently", source: https://static.xx.fbcdn.net/rsrc.php/v4iZaV4/yl/l/en_US-j/HtvKsQK9DGIqh8HcA6wv8mve7A2UFdia70CA-JskWUN3kS8C4xWBoCYKWrORId34t2lSv9PGg-bDIYSNo2t_SyZCo69HqJ04nj-g37goXL8vxK2qA5pToaQ4LH_chZ8eH5vBtdy9EYXtrWonwvCw4UyqFOVZqxDSZp6bhoP0jlUMbr2qBriz9u7KAbKvlCpQ3PdLHyPnJHbgqoCNiSEDCwqtGRjAZZ-_Yek3piveaLcEGnCkC7ZIpxkR7vkGLN3Luct2KQaI5Pxl4Dw2sFSsKZu_hOAzVXYoVtH3kDQD38X7LvPIFoPGQLDe_i64uAPGsXcG4xa-CQ.js (185)
[35388:19812:0828/100601.116:INFO:CONSOLE:185] "Canvas2D: Multiple readback operations using getImageData are faster with the willReadFrequently attribute set to true. See: https://html.spec.whatwg.org/multipage/canvas.html#concept-canvas-will-read-frequently", source: https://static.xx.fbcdn.net/rsrc.php/v4iZaV4/yl/l/en_US-j/HtvKsQK9DGIqh8HcA6wv8mve7A2UFdia70CA-JskWUN3kS8C4xWBoCYKWrORId34t2lSv9PGg-bDIYSNo2t_SyZCo69HqJ04nj-g37goXL8vxK2qA5pToaQ4LH_chZ8eH5vBtdy9EYXtrWonwvCw4UyqFOVZqxDSZp6bhoP0jlUMbr2qBriz9u7KAbKvlCpQ3PdLHyPnJHbgqoCNiSEDCwqtGRjAZZ-_Yek3piveaLcEGnCkC7ZIpxkR7vkGLN3Luct2KQaI5Pxl4Dw2sFSsKZu_hOAzVXYoVtH3kDQD38X7LvPIFoPGQLDe_i64uAPGsXcG4xa-CQ.js (185)
[35388:19812:0828/100619.857:INFO:CONSOLE:185] "Canvas2D: Multiple readback operations using getImageData are faster with the willReadFrequently attribute set to true. See: https://html.spec.whatwg.org/multipage/canvas.html#concept-canvas-will-read-frequently", source: https://static.xx.fbcdn.net/rsrc.php/v4iZaV4/yl/l/en_US-j/HtvKsQK9DGIqh8HcA6wv8mve7A2UFdia70CA-JskWUN3kS8C4xWBoCYKWrORId34t2lSv9PGg-bDIYSNo2t_SyZCo69HqJ04nj-g37goXL8vxK2qA5pToaQ4LH_chZ8eH5vBtdy9EYXtrWonwvCw4UyqFOVZqxDSZp6bhoP0jlUMbr2qBriz9u7KAbKvlCpQ3PdLHyPnJHbgqoCNiSEDCwqtGRjAZZ-_Yek3piveaLcEGnCkC7ZIpxkR7vkGLN3Luct2KQaI5Pxl4Dw2sFSsKZu_hOAzVXYoVtH3kDQD38X7LvPIFoPGQLDe_i64uAPGsXcG4xa-CQ.js (185)
[35388:19812:0828/100637.308:INFO:CONSOLE:185] "Canvas2D: Multiple readback operations using getImageData are faster with the willReadFrequently attribute set to true. See: https://html.spec.whatwg.org/multipage/canvas.html#concept-canvas-will-read-frequently", source: https://static.xx.fbcdn.net/rsrc.php/v4iZaV4/yl/l/en_US-j/HtvKsQK9DGIqh8HcA6wv8mve7A2UFdia70CA-JskWUN3kS8C4xWBoCYKWrORId34t2lSv9PGg-bDIYSNo2t_SyZCo69HqJ04nj-g37goXL8vxK2qA5pToaQ4LH_chZ8eH5vBtdy9EYXtrWonwvCw4UyqFOVZqxDSZp6bhoP0jlUMbr2qBriz9u7KAbKvlCpQ3PdLHyPnJHbgqoCNiSEDCwqtGRjAZZ-_Yek3piveaLcEGnCkC7ZIpxkR7vkGLN3Luct2KQaI5Pxl4Dw2sFSsKZu_hOAzVXYoVtH3kDQD38X7LvPIFoPGQLDe_i64uAPGsXcG4xa-CQ.js (185)
[35388:19812:0828/100800.327:INFO:CONSOLE:185] "Canvas2D: Multiple readback operations using getImageData are faster with the willReadFrequently attribute set to true. See: https://html.spec.whatwg.org/multipage/canvas.html#concept-canvas-will-read-frequently", source: https://static.xx.fbcdn.net/rsrc.php/v4iZaV4/yl/l/en_US-j/HtvKsQK9DGIqh8HcA6wv8mve7A2UFdia70CA-JskWUN3kS8C4xWBoCYKWrORId34t2lSv9PGg-bDIYSNo2t_SyZCo69HqJ04nj-g37goXL8vxK2qA5pToaQ4LH_chZ8eH5vBtdy9EYXtrWonwvCw4UyqFOVZqxDSZp6bhoP0jlUMbr2qBriz9u7KAbKvlCpQ3PdLHyPnJHbgqoCNiSEDCwqtGRjAZZ-_Yek3piveaLcEGnCkC7ZIpxkR7vkGLN3Luct2KQaI5Pxl4Dw2sFSsKZu_hOAzVXYoVtH3kDQD38X7LvPIFoPGQLDe_i64uAPGsXcG4xa-CQ.js (185)
[35388:19812:0828/100821.264:INFO:CONSOLE:185] "Canvas2D: Multiple readback operations using getImageData are faster with the willReadFrequently attribute set to true. See: https://html.spec.whatwg.org/multipage/canvas.html#concept-canvas-will-read-frequently", source: https://static.xx.fbcdn.net/rsrc.php/v4iZaV4/yl/l/en_US-j/HtvKsQK9DGIqh8HcA6wv8mve7A2UFdia70CA-JskWUN3kS8C4xWBoCYKWrORId34t2lSv9PGg-bDIYSNo2t_SyZCo69HqJ04nj-g37goXL8vxK2qA5pToaQ4LH_chZ8eH5vBtdy9EYXtrWonwvCw4UyqFOVZqxDSZp6bhoP0jlUMbr2qBriz9u7KAbKvlCpQ3PdLHyPnJHbgqoCNiSEDCwqtGRjAZZ-_Yek3piveaLcEGnCkC7ZIpxkR7vkGLN3Luct2KQaI5Pxl4Dw2sFSsKZu_hOAzVXYoVtH3kDQD38X7LvPIFoPGQLDe_i64uAPGsXcG4xa-CQ.js (185)
[35388:19812:0828/100821.292:INFO:CONSOLE:185] "Canvas2D: Multiple readback operations using getImageData are faster with the willReadFrequently attribute set to true. See: https://html.spec.whatwg.org/multipage/canvas.html#concept-canvas-will-read-frequently", source: https://static.xx.fbcdn.net/rsrc.php/v4iZaV4/yl/l/en_US-j/HtvKsQK9DGIqh8HcA6wv8mve7A2UFdia70CA-JskWUN3kS8C4xWBoCYKWrORId34t2lSv9PGg-bDIYSNo2t_SyZCo69HqJ04nj-g37goXL8vxK2qA5pToaQ4LH_chZ8eH5vBtdy9EYXtrWonwvCw4UyqFOVZqxDSZp6bhoP0jlUMbr2qBriz9u7KAbKvlCpQ3PdLHyPnJHbgqoCNiSEDCwqtGRjAZZ-_Yek3piveaLcEGnCkC7ZIpxkR7vkGLN3Luct2KQaI5Pxl4Dw2sFSsKZu_hOAzVXYoVtH3kDQD38X7LvPIFoPGQLDe_i64uAPGsXcG4xa-CQ.js (185)
[35388:19812:0828/100829.590:INFO:CONSOLE:185] "Canvas2D: Multiple readback operations using getImageData are faster with the willReadFrequently attribute set to true. See: https://html.spec.whatwg.org/multipage/canvas.html#concept-canvas-will-read-frequently", source: https://static.xx.fbcdn.net/rsrc.php/v4iZaV4/yl/l/en_US-j/HtvKsQK9DGIqh8HcA6wv8mve7A2UFdia70CA-JskWUN3kS8C4xWBoCYKWrORId34t2lSv9PGg-bDIYSNo2t_SyZCo69HqJ04nj-g37goXL8vxK2qA5pToaQ4LH_chZ8eH5vBtdy9EYXtrWonwvCw4UyqFOVZqxDSZp6bhoP0jlUMbr2qBriz9u7KAbKvlCpQ3PdLHyPnJHbgqoCNiSEDCwqtGRjAZZ-_Yek3piveaLcEGnCkC7ZIpxkR7vkGLN3Luct2KQaI5Pxl4Dw2sFSsKZu_hOAzVXYoVtH3kDQD38X7LvPIFoPGQLDe_i64uAPGsXcG4xa-CQ.js (185)
[35388:19812:0828/100830.179:INFO:CONSOLE:185] "Canvas2D: Multiple readback operations using getImageData are faster with the willReadFrequently attribute set to true. See: https://html.spec.whatwg.org/multipage/canvas.html#concept-canvas-will-read-frequently", source: https://static.xx.fbcdn.net/rsrc.php/v4iZaV4/yl/l/en_US-j/HtvKsQK9DGIqh8HcA6wv8mve7A2UFdia70CA-JskWUN3kS8C4xWBoCYKWrORId34t2lSv9PGg-bDIYSNo2t_SyZCo69HqJ04nj-g37goXL8vxK2qA5pToaQ4LH_chZ8eH5vBtdy9EYXtrWonwvCw4UyqFOVZqxDSZp6bhoP0jlUMbr2qBriz9u7KAbKvlCpQ3PdLHyPnJHbgqoCNiSEDCwqtGRjAZZ-_Yek3piveaLcEGnCkC7ZIpxkR7vkGLN3Luct2KQaI5Pxl4Dw2sFSsKZu_hOAzVXYoVtH3kDQD38X7LvPIFoPGQLDe_i64uAPGsXcG4xa-CQ.js (185)
[35388:19812:0828/100848.500:INFO:CONSOLE:185] "Canvas2D: Multiple readback operations using getImageData are faster with the willReadFrequently attribute set to true. See: https://html.spec.whatwg.org/multipage/canvas.html#concept-canvas-will-read-frequently", source: https://static.xx.fbcdn.net/rsrc.php/v4iZaV4/yl/l/en_US-j/HtvKsQK9DGIqh8HcA6wv8mve7A2UFdia70CA-JskWUN3kS8C4xWBoCYKWrORId34t2lSv9PGg-bDIYSNo2t_SyZCo69HqJ04nj-g37goXL8vxK2qA5pToaQ4LH_chZ8eH5vBtdy9EYXtrWonwvCw4UyqFOVZqxDSZp6bhoP0jlUMbr2qBriz9u7KAbKvlCpQ3PdLHyPnJHbgqoCNiSEDCwqtGRjAZZ-_Yek3piveaLcEGnCkC7ZIpxkR7vkGLN3Luct2KQaI5Pxl4Dw2sFSsKZu_hOAzVXYoVtH3kDQD38X7LvPIFoPGQLDe_i64uAPGsXcG4xa-CQ.js (185)
[35388:19812:0828/100911.130:INFO:CONSOLE:185] "Canvas2D: Multiple readback operations using getImageData are faster with the willReadFrequently attribute set to true. See: https://html.spec.whatwg.org/multipage/canvas.html#concept-canvas-will-read-frequently", source: https://static.xx.fbcdn.net/rsrc.php/v4iZaV4/yl/l/en_US-j/HtvKsQK9DGIqh8HcA6wv8mve7A2UFdia70CA-JskWUN3kS8C4xWBoCYKWrORId34t2lSv9PGg-bDIYSNo2t_SyZCo69HqJ04nj-g37goXL8vxK2qA5pToaQ4LH_chZ8eH5vBtdy9EYXtrWonwvCw4UyqFOVZqxDSZp6bhoP0jlUMbr2qBriz9u7KAbKvlCpQ3PdLHyPnJHbgqoCNiSEDCwqtGRjAZZ-_Yek3piveaLcEGnCkC7ZIpxkR7vkGLN3Luct2KQaI5Pxl4Dw2sFSsKZu_hOAzVXYoVtH3kDQD38X7LvPIFoPGQLDe_i64uAPGsXcG4xa-CQ.js (185)
[35388:19812:0828/100933.906:INFO:CONSOLE:185] "Canvas2D: Multiple readback operations using getImageData are faster with the willReadFrequently attribute set to true. See: https://html.spec.whatwg.org/multipage/canvas.html#concept-canvas-will-read-frequently", source: https://static.xx.fbcdn.net/rsrc.php/v4iZaV4/yl/l/en_US-j/HtvKsQK9DGIqh8HcA6wv8mve7A2UFdia70CA-JskWUN3kS8C4xWBoCYKWrORId34t2lSv9PGg-bDIYSNo2t_SyZCo69HqJ04nj-g37goXL8vxK2qA5pToaQ4LH_chZ8eH5vBtdy9EYXtrWonwvCw4UyqFOVZqxDSZp6bhoP0jlUMbr2qBriz9u7KAbKvlCpQ3PdLHyPnJHbgqoCNiSEDCwqtGRjAZZ-_Yek3piveaLcEGnCkC7ZIpxkR7vkGLN3Luct2KQaI5Pxl4Dw2sFSsKZu_hOAzVXYoVtH3kDQD38X7LvPIFoPGQLDe_i64uAPGsXcG4xa-CQ.js (185)
[35388:19812:0828/101012.877:INFO:CONSOLE:185] "Canvas2D: Multiple readback operations using getImageData are faster with the willReadFrequently attribute set to true. See: https://html.spec.whatwg.org/multipage/canvas.html#concept-canvas-will-read-frequently", source: https://static.xx.fbcdn.net/rsrc.php/v4iZaV4/yl/l/en_US-j/HtvKsQK9DGIqh8HcA6wv8mve7A2UFdia70CA-JskWUN3kS8C4xWBoCYKWrORId34t2lSv9PGg-bDIYSNo2t_SyZCo69HqJ04nj-g37goXL8vxK2qA5pToaQ4LH_chZ8eH5vBtdy9EYXtrWonwvCw4UyqFOVZqxDSZp6bhoP0jlUMbr2qBriz9u7KAbKvlCpQ3PdLHyPnJHbgqoCNiSEDCwqtGRjAZZ-_Yek3piveaLcEGnCkC7ZIpxkR7vkGLN3Luct2KQaI5Pxl4Dw2sFSsKZu_hOAzVXYoVtH3kDQD38X7LvPIFoPGQLDe_i64uAPGsXcG4xa-CQ.js (185)
[35388:19812:0828/101408.275:INFO:CONSOLE:250] "
%cStop! font-family:helvetica; font-size:20px; font-size:50px; font-weight:bold; color:red; -webkit-text-stroke:1px black;", source: https://static.xx.fbcdn.net/rsrc.php/v4/yy/r/dQsrTYjBDIZ.js (250)
[35388:19812:0828/101408.275:INFO:CONSOLE:250] "
%cThis is a browser feature intended for developers. If someone told you to copy-paste something here to enable a Facebook feature or "hack" someone's account, it is a scam and will give them access to your Facebook account. font-family:helvetica; font-size:20px; ", source: https://static.xx.fbcdn.net/rsrc.php/v4/yy/r/dQsrTYjBDIZ.js (250)
[35388:19812:0828/101408.275:INFO:CONSOLE:250] "
%cSee https://www.facebook.com/selfxss for more information. font-family:helvetica; font-size:20px; ", source: https://static.xx.fbcdn.net/rsrc.php/v4/yy/r/dQsrTYjBDIZ.js (250)
[35388:19812:0828/101408.275:INFO:CONSOLE:250] "
%c ", source: https://static.xx.fbcdn.net/rsrc.php/v4/yy/r/dQsrTYjBDIZ.js (250)
[35388:19812:0828/102057.913:INFO:CONSOLE:250] "
%cStop! font-family:helvetica; font-size:20px; font-size:50px; font-weight:bold; color:red; -webkit-text-stroke:1px black;", source: https://static.xx.fbcdn.net/rsrc.php/v4/yy/r/dQsrTYjBDIZ.js (250)
[35388:19812:0828/102057.913:INFO:CONSOLE:250] "
%cThis is a browser feature intended for developers. If someone told you to copy-paste something here to enable a Facebook feature or "hack" someone's account, it is a scam and will give them access to your Facebook account. font-family:helvetica; font-size:20px; ", source: https://static.xx.fbcdn.net/rsrc.php/v4/yy/r/dQsrTYjBDIZ.js (250)
[35388:19812:0828/102057.913:INFO:CONSOLE:250] "
%cSee https://www.facebook.com/selfxss for more information. font-family:helvetica; font-size:20px; ", source: https://static.xx.fbcdn.net/rsrc.php/v4/yy/r/dQsrTYjBDIZ.js (250)
[35388:19812:0828/102057.913:INFO:CONSOLE:250] "
%c ", source: https://static.xx.fbcdn.net/rsrc.php/v4/yy/r/dQsrTYjBDIZ.js (250)
